{"total": {"lines":{"total":20100,"covered":12784,"skipped":0,"pct":63.6},"statements":{"total":22192,"covered":13665,"skipped":0,"pct":61.57},"functions":{"total":3523,"covered":2160,"skipped":0,"pct":61.31},"branches":{"total":20694,"covered":11834,"skipped":0,"pct":57.18},"branchesTrue":{"total":0,"covered":0,"skipped":0,"pct":100}}
,"/home/mootxed/Projects/personal/KotoKitsu/achievements.js": {"lines":{"total":48,"covered":48,"skipped":0,"pct":100},"functions":{"total":35,"covered":35,"skipped":0,"pct":100},"statements":{"total":57,"covered":54,"skipped":0,"pct":94.73},"branches":{"total":38,"covered":32,"skipped":0,"pct":84.21}}
,"/home/mootxed/Projects/personal/KotoKitsu/app.js": {"lines":{"total":8,"covered":6,"skipped":0,"pct":75},"functions":{"total":1,"covered":1,"skipped":0,"pct":100},"statements":{"total":8,"covered":6,"skipped":0,"pct":75},"branches":{"total":4,"covered":2,"skipped":0,"pct":50}}
,"/home/mootxed/Projects/personal/KotoKitsu/package.json": {"lines":{"total":12,"covered":12,"skipped":0,"pct":100},"functions":{"total":0,"covered":0,"skipped":0,"pct":100},"statements":{"total":12,"covered":12,"skipped":0,"pct":100},"branches":{"total":0,"covered":0,"skipped":0,"pct":100}}
,"/home/mootxed/Projects/personal/KotoKitsu/quests.js": {"lines":{"total":81,"covered":69,"skipped":0,"pct":85.18},"functions":{"total":19,"covered":17,"skipped":0,"pct":89.47},"statements":{"total":89,"covered":72,"skipped":0,"pct":80.89},"branches":{"total":50,"covered":42,"skipped":0,"pct":84}}
,"/home/mootxed/Projects/personal/KotoKitsu/router.js": {"lines":{"total":85,"covered":59,"skipped":0,"pct":69.41},"functions":{"total":13,"covered":8,"skipped":0,"pct":61.53},"statements":{"total":87,"covered":59,"skipped":0,"pct":67.81},"branches":{"total":68,"covered":42,"skipped":0,"pct":61.76}}
,"/home/mootxed/Projects/personal/KotoKitsu/services.js": {"lines":{"total":122,"covered":74,"skipped":0,"pct":60.65},"functions":{"total":12,"covered":9,"skipped":0,"pct":75},"statements":{"total":123,"covered":75,"skipped":0,"pct":60.97},"branches":{"total":102,"covered":47,"skipped":0,"pct":46.07}}
,"/home/mootxed/Projects/personal/KotoKitsu/session-manager.js": {"lines":{"total":219,"covered":197,"skipped":0,"pct":89.95},"functions":{"total":41,"covered":39,"skipped":0,"pct":95.12},"statements":{"total":252,"covered":218,"skipped":0,"pct":86.5},"branches":{"total":196,"covered":150,"skipped":0,"pct":76.53}}
,"/home/mootxed/Projects/personal/KotoKitsu/srs.js": {"lines":{"total":105,"covered":97,"skipped":0,"pct":92.38},"functions":{"total":19,"covered":18,"skipped":0,"pct":94.73},"statements":{"total":117,"covered":106,"skipped":0,"pct":90.59},"branches":{"total":156,"covered":134,"skipped":0,"pct":85.89}}
,"/home/mootxed/Projects/personal/KotoKitsu/studyplan.js": {"lines":{"total":370,"covered":336,"skipped":0,"pct":90.81},"functions":{"total":100,"covered":87,"skipped":0,"pct":87},"statements":{"total":419,"covered":366,"skipped":0,"pct":87.35},"branches":{"total":506,"covered":371,"skipped":0,"pct":73.32}}
,"/home/mootxed/Projects/personal/KotoKitsu/styles.css": {"lines":{"total":0,"covered":0,"skipped":0,"pct":100},"functions":{"total":0,"covered":0,"skipped":0,"pct":100},"statements":{"total":0,"covered":0,"skipped":0,"pct":100},"branches":{"total":0,"covered":0,"skipped":0,"pct":100}}
,"/home/mootxed/Projects/personal/KotoKitsu/adapters/legacy-window-api.js": {"lines":{"total":41,"covered":39,"skipped":0,"pct":95.12},"functions":{"total":4,"covered":3,"skipped":0,"pct":75},"statements":{"total":53,"covered":49,"skipped":0,"pct":92.45},"branches":{"total":46,"covered":42,"skipped":0,"pct":91.3}}
,"/home/mootxed/Projects/personal/KotoKitsu/bootstrap/bootstrap-application.js": {"lines":{"total":61,"covered":35,"skipped":0,"pct":57.37},"functions":{"total":6,"covered":2,"skipped":0,"pct":33.33},"statements":{"total":62,"covered":35,"skipped":0,"pct":56.45},"branches":{"total":29,"covered":7,"skipped":0,"pct":24.13}}
,"/home/mootxed/Projects/personal/KotoKitsu/bootstrap/handle-bootstrap-error.js": {"lines":{"total":5,"covered":4,"skipped":0,"pct":80},"functions":{"total":1,"covered":1,"skipped":0,"pct":100},"statements":{"total":6,"covered":4,"skipped":0,"pct":66.66},"branches":{"total":7,"covered":3,"skipped":0,"pct":42.85}}
,"/home/mootxed/Projects/personal/KotoKitsu/bootstrap/initialize-courses.js": {"lines":{"total":4,"covered":3,"skipped":0,"pct":75},"functions":{"total":1,"covered":1,"skipped":0,"pct":100},"statements":{"total":4,"covered":3,"skipped":0,"pct":75},"branches":{"total":4,"covered":2,"skipped":0,"pct":50}}
,"/home/mootxed/Projects/personal/KotoKitsu/bootstrap/initialize-service-worker.js": {"lines":{"total":36,"covered":5,"skipped":0,"pct":13.88},"functions":{"total":8,"covered":1,"skipped":0,"pct":12.5},"statements":{"total":38,"covered":5,"skipped":0,"pct":13.15},"branches":{"total":22,"covered":3,"skipped":0,"pct":13.63}}
,"/home/mootxed/Projects/personal/KotoKitsu/bootstrap/initialize-state.js": {"lines":{"total":7,"covered":6,"skipped":0,"pct":85.71},"functions":{"total":2,"covered":1,"skipped":0,"pct":50},"statements":{"total":7,"covered":6,"skipped":0,"pct":85.71},"branches":{"total":0,"covered":0,"skipped":0,"pct":100}}
,"/home/mootxed/Projects/personal/KotoKitsu/bootstrap/production-dependencies.js": {"lines":{"total":23,"covered":4,"skipped":0,"pct":17.39},"functions":{"total":12,"covered":2,"skipped":0,"pct":16.66},"statements":{"total":25,"covered":4,"skipped":0,"pct":16},"branches":{"total":11,"covered":1,"skipped":0,"pct":9.09}}
,"/home/mootxed/Projects/personal/KotoKitsu/bootstrap/register-global-events.js": {"lines":{"total":11,"covered":5,"skipped":0,"pct":45.45},"functions":{"total":3,"covered":1,"skipped":0,"pct":33.33},"statements":{"total":13,"covered":5,"skipped":0,"pct":38.46},"branches":{"total":12,"covered":2,"skipped":0,"pct":16.66}}
,"/home/mootxed/Projects/personal/KotoKitsu/scripts/build-dictionary.js": {"lines":{"total":163,"covered":142,"skipped":0,"pct":87.11},"functions":{"total":25,"covered":22,"skipped":0,"pct":88},"statements":{"total":175,"covered":150,"skipped":0,"pct":85.71},"branches":{"total":204,"covered":139,"skipped":0,"pct":68.13}}
,"/home/mootxed/Projects/personal/KotoKitsu/scripts/check-legal-metadata.js": {"lines":{"total":172,"covered":129,"skipped":0,"pct":75},"functions":{"total":7,"covered":7,"skipped":0,"pct":100},"statements":{"total":179,"covered":136,"skipped":0,"pct":75.97},"branches":{"total":157,"covered":92,"skipped":0,"pct":58.59}}
,"/home/mootxed/Projects/personal/KotoKitsu/scripts/copy-third-party-licenses.js": {"lines":{"total":27,"covered":22,"skipped":0,"pct":81.48},"functions":{"total":1,"covered":1,"skipped":0,"pct":100},"statements":{"total":34,"covered":29,"skipped":0,"pct":85.29},"branches":{"total":8,"covered":5,"skipped":0,"pct":62.5}}
,"/home/mootxed/Projects/personal/KotoKitsu/scripts/import-genki-i-data.js": {"lines":{"total":330,"covered":66,"skipped":0,"pct":20},"functions":{"total":73,"covered":5,"skipped":0,"pct":6.84},"statements":{"total":378,"covered":74,"skipped":0,"pct":19.57},"branches":{"total":308,"covered":42,"skipped":0,"pct":13.63}}
,"/home/mootxed/Projects/personal/KotoKitsu/scripts/validate-genki-i-data.js": {"lines":{"total":135,"covered":127,"skipped":0,"pct":94.07},"functions":{"total":13,"covered":10,"skipped":0,"pct":76.92},"statements":{"total":145,"covered":135,"skipped":0,"pct":93.1},"branches":{"total":85,"covered":62,"skipped":0,"pct":72.94}}
,"/home/mootxed/Projects/personal/KotoKitsu/scripts/lib/xlsx.js": {"lines":{"total":53,"covered":45,"skipped":0,"pct":84.9},"functions":{"total":13,"covered":10,"skipped":0,"pct":76.92},"statements":{"total":58,"covered":47,"skipped":0,"pct":81.03},"branches":{"total":40,"covered":21,"skipped":0,"pct":52.5}}
,"/home/mootxed/Projects/personal/KotoKitsu/src/a11y-helpers.js": {"lines":{"total":93,"covered":83,"skipped":0,"pct":89.24},"functions":{"total":19,"covered":19,"skipped":0,"pct":100},"statements":{"total":103,"covered":88,"skipped":0,"pct":85.43},"branches":{"total":67,"covered":48,"skipped":0,"pct":71.64}}
,"/home/mootxed/Projects/personal/KotoKitsu/src/ai-disclosure.js": {"lines":{"total":24,"covered":4,"skipped":0,"pct":16.66},"functions":{"total":4,"covered":2,"skipped":0,"pct":50},"statements":{"total":26,"covered":4,"skipped":0,"pct":15.38},"branches":{"total":8,"covered":1,"skipped":0,"pct":12.5}}
,"/home/mootxed/Projects/personal/KotoKitsu/src/ai-story-parser.js": {"lines":{"total":19,"covered":18,"skipped":0,"pct":94.73},"functions":{"total":3,"covered":3,"skipped":0,"pct":100},"statements":{"total":20,"covered":19,"skipped":0,"pct":95},"branches":{"total":13,"covered":12,"skipped":0,"pct":92.3}}
,"/home/mootxed/Projects/personal/KotoKitsu/src/ai-story-schema.js": {"lines":{"total":41,"covered":40,"skipped":0,"pct":97.56},"functions":{"total":26,"covered":25,"skipped":0,"pct":96.15},"statements":{"total":44,"covered":41,"skipped":0,"pct":93.18},"branches":{"total":65,"covered":58,"skipped":0,"pct":89.23}}
,"/home/mootxed/Projects/personal/KotoKitsu/src/app-metadata.js": {"lines":{"total":8,"covered":8,"skipped":0,"pct":100},"functions":{"total":0,"covered":0,"skipped":0,"pct":100},"statements":{"total":8,"covered":8,"skipped":0,"pct":100},"branches":{"total":0,"covered":0,"skipped":0,"pct":100}}
,"/home/mootxed/Projects/personal/KotoKitsu/src/audio-helper.js": {"lines":{"total":101,"covered":74,"skipped":0,"pct":73.26},"functions":{"total":16,"covered":13,"skipped":0,"pct":81.25},"statements":{"total":110,"covered":76,"skipped":0,"pct":69.09},"branches":{"total":72,"covered":39,"skipped":0,"pct":54.16}}
,"/home/mootxed/Projects/personal/KotoKitsu/src/backup-manager.js": {"lines":{"total":138,"covered":94,"skipped":0,"pct":68.11},"functions":{"total":19,"covered":16,"skipped":0,"pct":84.21},"statements":{"total":143,"covered":99,"skipped":0,"pct":69.23},"branches":{"total":96,"covered":66,"skipped":0,"pct":68.75}}
,"/home/mootxed/Projects/personal/KotoKitsu/src/card-behavior.js": {"lines":{"total":44,"covered":39,"skipped":0,"pct":88.63},"functions":{"total":14,"covered":12,"skipped":0,"pct":85.71},"statements":{"total":56,"covered":49,"skipped":0,"pct":87.5},"branches":{"total":54,"covered":47,"skipped":0,"pct":87.03}}
,"/home/mootxed/Projects/personal/KotoKitsu/src/card-validator.js": {"lines":{"total":37,"covered":27,"skipped":0,"pct":72.97},"functions":{"total":3,"covered":1,"skipped":0,"pct":33.33},"statements":{"total":39,"covered":27,"skipped":0,"pct":69.23},"branches":{"total":80,"covered":52,"skipped":0,"pct":65}}
,"/home/mootxed/Projects/personal/KotoKitsu/src/chapter-content-model.js": {"lines":{"total":9,"covered":9,"skipped":0,"pct":100},"functions":{"total":4,"covered":4,"skipped":0,"pct":100},"statements":{"total":10,"covered":10,"skipped":0,"pct":100},"branches":{"total":60,"covered":53,"skipped":0,"pct":88.33}}
,"/home/mootxed/Projects/personal/KotoKitsu/src/chapter-content.js": {"lines":{"total":14,"covered":14,"skipped":0,"pct":100},"functions":{"total":6,"covered":6,"skipped":0,"pct":100},"statements":{"total":15,"covered":15,"skipped":0,"pct":100},"branches":{"total":78,"covered":67,"skipped":0,"pct":85.89}}
,"/home/mootxed/Projects/personal/KotoKitsu/src/chapter-evidence.js": {"lines":{"total":19,"covered":13,"skipped":0,"pct":68.42},"functions":{"total":6,"covered":5,"skipped":0,"pct":83.33},"statements":{"total":29,"covered":16,"skipped":0,"pct":55.17},"branches":{"total":26,"covered":16,"skipped":0,"pct":61.53}}
,"/home/mootxed/Projects/personal/KotoKitsu/src/chapter-progress.js": {"lines":{"total":402,"covered":361,"skipped":0,"pct":89.8},"functions":{"total":71,"covered":59,"skipped":0,"pct":83.09},"statements":{"total":466,"covered":398,"skipped":0,"pct":85.4},"branches":{"total":527,"covered":394,"skipped":0,"pct":74.76}}
,"/home/mootxed/Projects/personal/KotoKitsu/src/chapter-vocabulary.js": {"lines":{"total":62,"covered":57,"skipped":0,"pct":91.93},"functions":{"total":6,"covered":6,"skipped":0,"pct":100},"statements":{"total":66,"covered":59,"skipped":0,"pct":89.39},"branches":{"total":77,"covered":58,"skipped":0,"pct":75.32}}
,"/home/mootxed/Projects/personal/KotoKitsu/src/content-loader.js": {"lines":{"total":10,"covered":10,"skipped":0,"pct":100},"functions":{"total":4,"covered":4,"skipped":0,"pct":100},"statements":{"total":10,"covered":10,"skipped":0,"pct":100},"branches":{"total":3,"covered":3,"skipped":0,"pct":100}}
,"/home/mootxed/Projects/personal/KotoKitsu/src/course-orthography.js": {"lines":{"total":61,"covered":57,"skipped":0,"pct":93.44},"functions":{"total":15,"covered":15,"skipped":0,"pct":100},"statements":{"total":80,"covered":67,"skipped":0,"pct":83.75},"branches":{"total":86,"covered":56,"skipped":0,"pct":65.11}}
,"/home/mootxed/Projects/personal/KotoKitsu/src/daily-plan.js": {"lines":{"total":177,"covered":155,"skipped":0,"pct":87.57},"functions":{"total":25,"covered":22,"skipped":0,"pct":88},"statements":{"total":190,"covered":164,"skipped":0,"pct":86.31},"branches":{"total":247,"covered":190,"skipped":0,"pct":76.92}}
,"/home/mootxed/Projects/personal/KotoKitsu/src/daily-study-digest.js": {"lines":{"total":79,"covered":78,"skipped":0,"pct":98.73},"functions":{"total":10,"covered":10,"skipped":0,"pct":100},"statements":{"total":85,"covered":83,"skipped":0,"pct":97.64},"branches":{"total":79,"covered":66,"skipped":0,"pct":83.54}}
,"/home/mootxed/Projects/personal/KotoKitsu/src/db.js": {"lines":{"total":648,"covered":512,"skipped":0,"pct":79.01},"functions":{"total":139,"covered":96,"skipped":0,"pct":69.06},"statements":{"total":704,"covered":536,"skipped":0,"pct":76.13},"branches":{"total":370,"covered":230,"skipped":0,"pct":62.16}}
,"/home/mootxed/Projects/personal/KotoKitsu/src/dev-tools.js": {"lines":{"total":164,"covered":100,"skipped":0,"pct":60.97},"functions":{"total":28,"covered":19,"skipped":0,"pct":67.85},"statements":{"total":176,"covered":105,"skipped":0,"pct":59.65},"branches":{"total":143,"covered":83,"skipped":0,"pct":58.04}}
,"/home/mootxed/Projects/personal/KotoKitsu/src/diagnostics.js": {"lines":{"total":12,"covered":0,"skipped":0,"pct":0},"functions":{"total":1,"covered":0,"skipped":0,"pct":0},"statements":{"total":14,"covered":0,"skipped":0,"pct":0},"branches":{"total":11,"covered":0,"skipped":0,"pct":0}}
,"/home/mootxed/Projects/personal/KotoKitsu/src/domain-commands.js": {"lines":{"total":22,"covered":21,"skipped":0,"pct":95.45},"functions":{"total":7,"covered":6,"skipped":0,"pct":85.71},"statements":{"total":22,"covered":21,"skipped":0,"pct":95.45},"branches":{"total":21,"covered":19,"skipped":0,"pct":90.47}}
,"/home/mootxed/Projects/personal/KotoKitsu/src/example-generator.js": {"lines":{"total":65,"covered":63,"skipped":0,"pct":96.92},"functions":{"total":8,"covered":8,"skipped":0,"pct":100},"statements":{"total":83,"covered":73,"skipped":0,"pct":87.95},"branches":{"total":103,"covered":78,"skipped":0,"pct":75.72}}
,"/home/mootxed/Projects/personal/KotoKitsu/src/examples-db.js": {"lines":{"total":263,"covered":243,"skipped":0,"pct":92.39},"functions":{"total":35,"covered":32,"skipped":0,"pct":91.42},"statements":{"total":305,"covered":261,"skipped":0,"pct":85.57},"branches":{"total":444,"covered":340,"skipped":0,"pct":76.57}}
,"/home/mootxed/Projects/personal/KotoKitsu/src/genki-kanji.js": {"lines":{"total":13,"covered":12,"skipped":0,"pct":92.3},"functions":{"total":8,"covered":7,"skipped":0,"pct":87.5},"statements":{"total":13,"covered":12,"skipped":0,"pct":92.3},"branches":{"total":13,"covered":9,"skipped":0,"pct":69.23}}
,"/home/mootxed/Projects/personal/KotoKitsu/src/genki-vocabulary-migration.js": {"lines":{"total":0,"covered":0,"skipped":0,"pct":100},"functions":{"total":0,"covered":0,"skipped":0,"pct":100},"statements":{"total":0,"covered":0,"skipped":0,"pct":100},"branches":{"total":0,"covered":0,"skipped":0,"pct":100}}
,"/home/mootxed/Projects/personal/KotoKitsu/src/grammar-plan.js": {"lines":{"total":175,"covered":157,"skipped":0,"pct":89.71},"functions":{"total":18,"covered":16,"skipped":0,"pct":88.88},"statements":{"total":189,"covered":165,"skipped":0,"pct":87.3},"branches":{"total":197,"covered":148,"skipped":0,"pct":75.12}}
,"/home/mootxed/Projects/personal/KotoKitsu/src/grammar-quiz-content.js": {"lines":{"total":287,"covered":213,"skipped":0,"pct":74.21},"functions":{"total":32,"covered":23,"skipped":0,"pct":71.87},"statements":{"total":304,"covered":218,"skipped":0,"pct":71.71},"branches":{"total":328,"covered":220,"skipped":0,"pct":67.07}}
,"/home/mootxed/Projects/personal/KotoKitsu/src/kanji-loader.js": {"lines":{"total":37,"covered":25,"skipped":0,"pct":67.56},"functions":{"total":6,"covered":6,"skipped":0,"pct":100},"statements":{"total":38,"covered":26,"skipped":0,"pct":68.42},"branches":{"total":24,"covered":17,"skipped":0,"pct":70.83}}
,"/home/mootxed/Projects/personal/KotoKitsu/src/knowledge-model.js": {"lines":{"total":54,"covered":53,"skipped":0,"pct":98.14},"functions":{"total":13,"covered":12,"skipped":0,"pct":92.3},"statements":{"total":65,"covered":61,"skipped":0,"pct":93.84},"branches":{"total":92,"covered":86,"skipped":0,"pct":93.47}}
,"/home/mootxed/Projects/personal/KotoKitsu/src/local-date.js": {"lines":{"total":27,"covered":23,"skipped":0,"pct":85.18},"functions":{"total":7,"covered":6,"skipped":0,"pct":85.71},"statements":{"total":28,"covered":24,"skipped":0,"pct":85.71},"branches":{"total":23,"covered":18,"skipped":0,"pct":78.26}}
,"/home/mootxed/Projects/personal/KotoKitsu/src/mastery.js": {"lines":{"total":78,"covered":77,"skipped":0,"pct":98.71},"functions":{"total":28,"covered":28,"skipped":0,"pct":100},"statements":{"total":93,"covered":92,"skipped":0,"pct":98.92},"branches":{"total":136,"covered":130,"skipped":0,"pct":95.58}}
,"/home/mootxed/Projects/personal/KotoKitsu/src/migration.js": {"lines":{"total":74,"covered":56,"skipped":0,"pct":75.67},"functions":{"total":5,"covered":3,"skipped":0,"pct":60},"statements":{"total":74,"covered":56,"skipped":0,"pct":75.67},"branches":{"total":20,"covered":18,"skipped":0,"pct":90}}
,"/home/mootxed/Projects/personal/KotoKitsu/src/minigame-weakness.js": {"lines":{"total":115,"covered":106,"skipped":0,"pct":92.17},"functions":{"total":12,"covered":12,"skipped":0,"pct":100},"statements":{"total":127,"covered":115,"skipped":0,"pct":90.55},"branches":{"total":159,"covered":131,"skipped":0,"pct":82.38}}
,"/home/mootxed/Projects/personal/KotoKitsu/src/minigame-word-rotation.js": {"lines":{"total":86,"covered":76,"skipped":0,"pct":88.37},"functions":{"total":14,"covered":14,"skipped":0,"pct":100},"statements":{"total":99,"covered":83,"skipped":0,"pct":83.83},"branches":{"total":101,"covered":69,"skipped":0,"pct":68.31}}
,"/home/mootxed/Projects/personal/KotoKitsu/src/minigame-word-selectors.js": {"lines":{"total":77,"covered":74,"skipped":0,"pct":96.1},"functions":{"total":9,"covered":9,"skipped":0,"pct":100},"statements":{"total":86,"covered":78,"skipped":0,"pct":90.69},"branches":{"total":108,"covered":85,"skipped":0,"pct":78.7}}
,"/home/mootxed/Projects/personal/KotoKitsu/src/normalize-word.js": {"lines":{"total":88,"covered":72,"skipped":0,"pct":81.81},"functions":{"total":6,"covered":4,"skipped":0,"pct":66.66},"statements":{"total":95,"covered":74,"skipped":0,"pct":77.89},"branches":{"total":151,"covered":114,"skipped":0,"pct":75.49}}
,"/home/mootxed/Projects/personal/KotoKitsu/src/onboarding-state.js": {"lines":{"total":37,"covered":33,"skipped":0,"pct":89.18},"functions":{"total":6,"covered":4,"skipped":0,"pct":66.66},"statements":{"total":45,"covered":35,"skipped":0,"pct":77.77},"branches":{"total":64,"covered":50,"skipped":0,"pct":78.12}}
,"/home/mootxed/Projects/personal/KotoKitsu/src/openrouter-key.js": {"lines":{"total":38,"covered":31,"skipped":0,"pct":81.57},"functions":{"total":5,"covered":5,"skipped":0,"pct":100},"statements":{"total":38,"covered":31,"skipped":0,"pct":81.57},"branches":{"total":26,"covered":21,"skipped":0,"pct":80.76}}
,"/home/mootxed/Projects/personal/KotoKitsu/src/particle-templates.js": {"lines":{"total":78,"covered":4,"skipped":0,"pct":5.12},"functions":{"total":44,"covered":0,"skipped":0,"pct":0},"statements":{"total":80,"covered":4,"skipped":0,"pct":5},"branches":{"total":45,"covered":0,"skipped":0,"pct":0}}
,"/home/mootxed/Projects/personal/KotoKitsu/src/practice-plan.js": {"lines":{"total":80,"covered":68,"skipped":0,"pct":85},"functions":{"total":11,"covered":10,"skipped":0,"pct":90.9},"statements":{"total":84,"covered":71,"skipped":0,"pct":84.52},"branches":{"total":87,"covered":66,"skipped":0,"pct":75.86}}
,"/home/mootxed/Projects/personal/KotoKitsu/src/practice-tasks.js": {"lines":{"total":32,"covered":30,"skipped":0,"pct":93.75},"functions":{"total":13,"covered":11,"skipped":0,"pct":84.61},"statements":{"total":42,"covered":38,"skipped":0,"pct":90.47},"branches":{"total":69,"covered":64,"skipped":0,"pct":92.75}}
,"/home/mootxed/Projects/personal/KotoKitsu/src/production-context.js": {"lines":{"total":52,"covered":50,"skipped":0,"pct":96.15},"functions":{"total":8,"covered":8,"skipped":0,"pct":100},"statements":{"total":59,"covered":54,"skipped":0,"pct":91.52},"branches":{"total":67,"covered":57,"skipped":0,"pct":85.07}}
,"/home/mootxed/Projects/personal/KotoKitsu/src/review-journal.js": {"lines":{"total":66,"covered":66,"skipped":0,"pct":100},"functions":{"total":12,"covered":12,"skipped":0,"pct":100},"statements":{"total":78,"covered":74,"skipped":0,"pct":94.87},"branches":{"total":72,"covered":64,"skipped":0,"pct":88.88}}
,"/home/mootxed/Projects/personal/KotoKitsu/src/review-log.js": {"lines":{"total":93,"covered":65,"skipped":0,"pct":69.89},"functions":{"total":20,"covered":13,"skipped":0,"pct":65},"statements":{"total":97,"covered":66,"skipped":0,"pct":68.04},"branches":{"total":131,"covered":90,"skipped":0,"pct":68.7}}
,"/home/mootxed/Projects/personal/KotoKitsu/src/safe-storage.js": {"lines":{"total":18,"covered":13,"skipped":0,"pct":72.22},"functions":{"total":4,"covered":3,"skipped":0,"pct":75},"statements":{"total":19,"covered":13,"skipped":0,"pct":68.42},"branches":{"total":8,"covered":3,"skipped":0,"pct":37.5}}
,"/home/mootxed/Projects/personal/KotoKitsu/src/security-helpers.js": {"lines":{"total":66,"covered":53,"skipped":0,"pct":80.3},"functions":{"total":6,"covered":5,"skipped":0,"pct":83.33},"statements":{"total":73,"covered":54,"skipped":0,"pct":73.97},"branches":{"total":54,"covered":38,"skipped":0,"pct":70.37}}
,"/home/mootxed/Projects/personal/KotoKitsu/src/session-batcher.js": {"lines":{"total":54,"covered":54,"skipped":0,"pct":100},"functions":{"total":15,"covered":15,"skipped":0,"pct":100},"statements":{"total":59,"covered":58,"skipped":0,"pct":98.3},"branches":{"total":45,"covered":34,"skipped":0,"pct":75.55}}
,"/home/mootxed/Projects/personal/KotoKitsu/src/srs-config.js": {"lines":{"total":5,"covered":5,"skipped":0,"pct":100},"functions":{"total":0,"covered":0,"skipped":0,"pct":100},"statements":{"total":5,"covered":5,"skipped":0,"pct":100},"branches":{"total":0,"covered":0,"skipped":0,"pct":100}}
,"/home/mootxed/Projects/personal/KotoKitsu/src/srs-helpers.js": {"lines":{"total":50,"covered":39,"skipped":0,"pct":78},"functions":{"total":11,"covered":8,"skipped":0,"pct":72.72},"statements":{"total":63,"covered":45,"skipped":0,"pct":71.42},"branches":{"total":98,"covered":64,"skipped":0,"pct":65.3}}
,"/home/mootxed/Projects/personal/KotoKitsu/src/srs-limits.js": {"lines":{"total":57,"covered":57,"skipped":0,"pct":100},"functions":{"total":12,"covered":12,"skipped":0,"pct":100},"statements":{"total":66,"covered":64,"skipped":0,"pct":96.96},"branches":{"total":61,"covered":49,"skipped":0,"pct":80.32}}
,"/home/mootxed/Projects/personal/KotoKitsu/src/storage-status-ui.js": {"lines":{"total":31,"covered":20,"skipped":0,"pct":64.51},"functions":{"total":9,"covered":6,"skipped":0,"pct":66.66},"statements":{"total":32,"covered":21,"skipped":0,"pct":65.62},"branches":{"total":10,"covered":6,"skipped":0,"pct":60}}
,"/home/mootxed/Projects/personal/KotoKitsu/src/study-plan-creation.js": {"lines":{"total":149,"covered":118,"skipped":0,"pct":79.19},"functions":{"total":21,"covered":18,"skipped":0,"pct":85.71},"statements":{"total":159,"covered":125,"skipped":0,"pct":78.61},"branches":{"total":189,"covered":112,"skipped":0,"pct":59.25}}
,"/home/mootxed/Projects/personal/KotoKitsu/src/supplemental-practice.js": {"lines":{"total":64,"covered":56,"skipped":0,"pct":87.5},"functions":{"total":10,"covered":10,"skipped":0,"pct":100},"statements":{"total":69,"covered":57,"skipped":0,"pct":82.6},"branches":{"total":67,"covered":35,"skipped":0,"pct":52.23}}
,"/home/mootxed/Projects/personal/KotoKitsu/src/sw-update-manager.js": {"lines":{"total":63,"covered":22,"skipped":0,"pct":34.92},"functions":{"total":8,"covered":4,"skipped":0,"pct":50},"statements":{"total":65,"covered":22,"skipped":0,"pct":33.84},"branches":{"total":41,"covered":15,"skipped":0,"pct":36.58}}
,"/home/mootxed/Projects/personal/KotoKitsu/src/tab-sync.js": {"lines":{"total":130,"covered":42,"skipped":0,"pct":32.3},"functions":{"total":21,"covered":9,"skipped":0,"pct":42.85},"statements":{"total":131,"covered":42,"skipped":0,"pct":32.06},"branches":{"total":103,"covered":13,"skipped":0,"pct":12.62}}
,"/home/mootxed/Projects/personal/KotoKitsu/src/task-selection.js": {"lines":{"total":18,"covered":10,"skipped":0,"pct":55.55},"functions":{"total":3,"covered":2,"skipped":0,"pct":66.66},"statements":{"total":19,"covered":11,"skipped":0,"pct":57.89},"branches":{"total":29,"covered":12,"skipped":0,"pct":41.37}}
,"/home/mootxed/Projects/personal/KotoKitsu/src/time-estimates.js": {"lines":{"total":7,"covered":7,"skipped":0,"pct":100},"functions":{"total":4,"covered":4,"skipped":0,"pct":100},"statements":{"total":7,"covered":7,"skipped":0,"pct":100},"branches":{"total":10,"covered":7,"skipped":0,"pct":70}}
,"/home/mootxed/Projects/personal/KotoKitsu/src/typing-capability.js": {"lines":{"total":25,"covered":23,"skipped":0,"pct":92},"functions":{"total":15,"covered":13,"skipped":0,"pct":86.66},"statements":{"total":30,"covered":28,"skipped":0,"pct":93.33},"branches":{"total":21,"covered":18,"skipped":0,"pct":85.71}}
,"/home/mootxed/Projects/personal/KotoKitsu/src/utils.js": {"lines":{"total":23,"covered":6,"skipped":0,"pct":26.08},"functions":{"total":8,"covered":4,"skipped":0,"pct":50},"statements":{"total":33,"covered":9,"skipped":0,"pct":27.27},"branches":{"total":24,"covered":5,"skipped":0,"pct":20.83}}
,"/home/mootxed/Projects/personal/KotoKitsu/src/verb-conjugator.js": {"lines":{"total":136,"covered":126,"skipped":0,"pct":92.64},"functions":{"total":6,"covered":6,"skipped":0,"pct":100},"statements":{"total":138,"covered":127,"skipped":0,"pct":92.02},"branches":{"total":94,"covered":70,"skipped":0,"pct":74.46}}
,"/home/mootxed/Projects/personal/KotoKitsu/src/vocabulary-schedule.js": {"lines":{"total":34,"covered":34,"skipped":0,"pct":100},"functions":{"total":8,"covered":8,"skipped":0,"pct":100},"statements":{"total":39,"covered":36,"skipped":0,"pct":92.3},"branches":{"total":53,"covered":37,"skipped":0,"pct":69.81}}
,"/home/mootxed/Projects/personal/KotoKitsu/src/vocabulary-unlock-plan.js": {"lines":{"total":337,"covered":307,"skipped":0,"pct":91.09},"functions":{"total":48,"covered":44,"skipped":0,"pct":91.66},"statements":{"total":382,"covered":329,"skipped":0,"pct":86.12},"branches":{"total":443,"covered":348,"skipped":0,"pct":78.55}}
,"/home/mootxed/Projects/personal/KotoKitsu/src/vocabulary-weakness-service.js": {"lines":{"total":27,"covered":20,"skipped":0,"pct":74.07},"functions":{"total":2,"covered":2,"skipped":0,"pct":100},"statements":{"total":30,"covered":21,"skipped":0,"pct":70},"branches":{"total":35,"covered":16,"skipped":0,"pct":45.71}}
,"/home/mootxed/Projects/personal/KotoKitsu/src/word-search-generator.js": {"lines":{"total":113,"covered":108,"skipped":0,"pct":95.57},"functions":{"total":11,"covered":11,"skipped":0,"pct":100},"statements":{"total":134,"covered":121,"skipped":0,"pct":90.29},"branches":{"total":112,"covered":91,"skipped":0,"pct":81.25}}
,"/home/mootxed/Projects/personal/KotoKitsu/src/xp-system.js": {"lines":{"total":35,"covered":35,"skipped":0,"pct":100},"functions":{"total":3,"covered":3,"skipped":0,"pct":100},"statements":{"total":37,"covered":36,"skipped":0,"pct":97.29},"branches":{"total":11,"covered":10,"skipped":0,"pct":90.9}}
,"/home/mootxed/Projects/personal/KotoKitsu/src/ai/chat-history.js": {"lines":{"total":52,"covered":27,"skipped":0,"pct":51.92},"functions":{"total":25,"covered":14,"skipped":0,"pct":56},"statements":{"total":58,"covered":30,"skipped":0,"pct":51.72},"branches":{"total":97,"covered":41,"skipped":0,"pct":42.26}}
,"/home/mootxed/Projects/personal/KotoKitsu/src/ai/context-builder.js": {"lines":{"total":35,"covered":31,"skipped":0,"pct":88.57},"functions":{"total":5,"covered":4,"skipped":0,"pct":80},"statements":{"total":42,"covered":38,"skipped":0,"pct":90.47},"branches":{"total":73,"covered":69,"skipped":0,"pct":94.52}}
,"/home/mootxed/Projects/personal/KotoKitsu/src/ai/handler-runner.js": {"lines":{"total":5,"covered":4,"skipped":0,"pct":80},"functions":{"total":1,"covered":1,"skipped":0,"pct":100},"statements":{"total":5,"covered":4,"skipped":0,"pct":80},"branches":{"total":2,"covered":1,"skipped":0,"pct":50}}
,"/home/mootxed/Projects/personal/KotoKitsu/src/ai/intents.js": {"lines":{"total":24,"covered":17,"skipped":0,"pct":70.83},"functions":{"total":4,"covered":3,"skipped":0,"pct":75},"statements":{"total":26,"covered":19,"skipped":0,"pct":73.07},"branches":{"total":35,"covered":11,"skipped":0,"pct":31.42}}
,"/home/mootxed/Projects/personal/KotoKitsu/src/ai/local-diagnosis.js": {"lines":{"total":54,"covered":43,"skipped":0,"pct":79.62},"functions":{"total":11,"covered":10,"skipped":0,"pct":90.9},"statements":{"total":62,"covered":48,"skipped":0,"pct":77.41},"branches":{"total":90,"covered":64,"skipped":0,"pct":71.11}}
,"/home/mootxed/Projects/personal/KotoKitsu/src/ai/personal-dictionary.js": {"lines":{"total":90,"covered":72,"skipped":0,"pct":80},"functions":{"total":22,"covered":21,"skipped":0,"pct":95.45},"statements":{"total":103,"covered":81,"skipped":0,"pct":78.64},"branches":{"total":170,"covered":122,"skipped":0,"pct":71.76}}
,"/home/mootxed/Projects/personal/KotoKitsu/src/ai/pipeline.js": {"lines":{"total":37,"covered":18,"skipped":0,"pct":48.64},"functions":{"total":5,"covered":2,"skipped":0,"pct":40},"statements":{"total":37,"covered":18,"skipped":0,"pct":48.64},"branches":{"total":55,"covered":25,"skipped":0,"pct":45.45}}
,"/home/mootxed/Projects/personal/KotoKitsu/src/ai/quiz-validator.js": {"lines":{"total":52,"covered":46,"skipped":0,"pct":88.46},"functions":{"total":9,"covered":9,"skipped":0,"pct":100},"statements":{"total":63,"covered":51,"skipped":0,"pct":80.95},"branches":{"total":56,"covered":37,"skipped":0,"pct":66.07}}
,"/home/mootxed/Projects/personal/KotoKitsu/src/ai/repair.js": {"lines":{"total":13,"covered":12,"skipped":0,"pct":92.3},"functions":{"total":4,"covered":3,"skipped":0,"pct":75},"statements":{"total":15,"covered":14,"skipped":0,"pct":93.33},"branches":{"total":16,"covered":11,"skipped":0,"pct":68.75}}
,"/home/mootxed/Projects/personal/KotoKitsu/src/ai/request-client.js": {"lines":{"total":18,"covered":1,"skipped":0,"pct":5.55},"functions":{"total":3,"covered":0,"skipped":0,"pct":0},"statements":{"total":21,"covered":1,"skipped":0,"pct":4.76},"branches":{"total":19,"covered":0,"skipped":0,"pct":0}}
,"/home/mootxed/Projects/personal/KotoKitsu/src/ai/response-validator.js": {"lines":{"total":24,"covered":19,"skipped":0,"pct":79.16},"functions":{"total":4,"covered":2,"skipped":0,"pct":50},"statements":{"total":26,"covered":21,"skipped":0,"pct":80.76},"branches":{"total":21,"covered":18,"skipped":0,"pct":85.71}}
,"/home/mootxed/Projects/personal/KotoKitsu/src/ai/review-attempt-schema.js": {"lines":{"total":9,"covered":9,"skipped":0,"pct":100},"functions":{"total":2,"covered":2,"skipped":0,"pct":100},"statements":{"total":11,"covered":11,"skipped":0,"pct":100},"branches":{"total":2,"covered":2,"skipped":0,"pct":100}}
,"/home/mootxed/Projects/personal/KotoKitsu/src/ai/review-context-builder.js": {"lines":{"total":30,"covered":26,"skipped":0,"pct":86.66},"functions":{"total":4,"covered":4,"skipped":0,"pct":100},"statements":{"total":37,"covered":28,"skipped":0,"pct":75.67},"branches":{"total":84,"covered":51,"skipped":0,"pct":60.71}}
,"/home/mootxed/Projects/personal/KotoKitsu/src/ai/review-memory-context.js": {"lines":{"total":36,"covered":31,"skipped":0,"pct":86.11},"functions":{"total":6,"covered":6,"skipped":0,"pct":100},"statements":{"total":50,"covered":40,"skipped":0,"pct":80},"branches":{"total":69,"covered":50,"skipped":0,"pct":72.46}}
,"/home/mootxed/Projects/personal/KotoKitsu/src/ai/router.js": {"lines":{"total":4,"covered":4,"skipped":0,"pct":100},"functions":{"total":1,"covered":1,"skipped":0,"pct":100},"statements":{"total":5,"covered":5,"skipped":0,"pct":100},"branches":{"total":2,"covered":2,"skipped":0,"pct":100}}
,"/home/mootxed/Projects/personal/KotoKitsu/src/ai/schemas.js": {"lines":{"total":97,"covered":79,"skipped":0,"pct":81.44},"functions":{"total":19,"covered":19,"skipped":0,"pct":100},"statements":{"total":107,"covered":88,"skipped":0,"pct":82.24},"branches":{"total":101,"covered":72,"skipped":0,"pct":71.28}}
,"/home/mootxed/Projects/personal/KotoKitsu/src/ai/story-token-resolver.js": {"lines":{"total":272,"covered":219,"skipped":0,"pct":80.51},"functions":{"total":20,"covered":15,"skipped":0,"pct":75},"statements":{"total":295,"covered":231,"skipped":0,"pct":78.3},"branches":{"total":287,"covered":187,"skipped":0,"pct":65.15}}
,"/home/mootxed/Projects/personal/KotoKitsu/src/ai/word-selector.js": {"lines":{"total":89,"covered":84,"skipped":0,"pct":94.38},"functions":{"total":26,"covered":24,"skipped":0,"pct":92.3},"statements":{"total":114,"covered":101,"skipped":0,"pct":88.59},"branches":{"total":156,"covered":121,"skipped":0,"pct":77.56}}
,"/home/mootxed/Projects/personal/KotoKitsu/src/ai/handlers/compare-items.js": {"lines":{"total":4,"covered":2,"skipped":0,"pct":50},"functions":{"total":2,"covered":0,"skipped":0,"pct":0},"statements":{"total":4,"covered":2,"skipped":0,"pct":50},"branches":{"total":0,"covered":0,"skipped":0,"pct":100}}
,"/home/mootxed/Projects/personal/KotoKitsu/src/ai/handlers/create-mnemonic.js": {"lines":{"total":3,"covered":2,"skipped":0,"pct":66.66},"functions":{"total":1,"covered":0,"skipped":0,"pct":0},"statements":{"total":3,"covered":2,"skipped":0,"pct":66.66},"branches":{"total":0,"covered":0,"skipped":0,"pct":100}}
,"/home/mootxed/Projects/personal/KotoKitsu/src/ai/handlers/create-quiz.js": {"lines":{"total":4,"covered":4,"skipped":0,"pct":100},"functions":{"total":2,"covered":2,"skipped":0,"pct":100},"statements":{"total":4,"covered":4,"skipped":0,"pct":100},"branches":{"total":0,"covered":0,"skipped":0,"pct":100}}
,"/home/mootxed/Projects/personal/KotoKitsu/src/ai/handlers/create-story.js": {"lines":{"total":72,"covered":63,"skipped":0,"pct":87.5},"functions":{"total":15,"covered":14,"skipped":0,"pct":93.33},"statements":{"total":77,"covered":67,"skipped":0,"pct":87.01},"branches":{"total":99,"covered":78,"skipped":0,"pct":78.78}}
,"/home/mootxed/Projects/personal/KotoKitsu/src/ai/handlers/explain-grammar.js": {"lines":{"total":4,"covered":2,"skipped":0,"pct":50},"functions":{"total":2,"covered":0,"skipped":0,"pct":0},"statements":{"total":4,"covered":2,"skipped":0,"pct":50},"branches":{"total":0,"covered":0,"skipped":0,"pct":100}}
,"/home/mootxed/Projects/personal/KotoKitsu/src/ai/handlers/explain-review-error.js": {"lines":{"total":13,"covered":12,"skipped":0,"pct":92.3},"functions":{"total":3,"covered":3,"skipped":0,"pct":100},"statements":{"total":13,"covered":12,"skipped":0,"pct":92.3},"branches":{"total":16,"covered":15,"skipped":0,"pct":93.75}}
,"/home/mootxed/Projects/personal/KotoKitsu/src/ai/handlers/explain-word.js": {"lines":{"total":4,"covered":4,"skipped":0,"pct":100},"functions":{"total":2,"covered":2,"skipped":0,"pct":100},"statements":{"total":4,"covered":4,"skipped":0,"pct":100},"branches":{"total":0,"covered":0,"skipped":0,"pct":100}}
,"/home/mootxed/Projects/personal/KotoKitsu/src/ai/handlers/general-question.js": {"lines":{"total":3,"covered":2,"skipped":0,"pct":66.66},"functions":{"total":1,"covered":0,"skipped":0,"pct":0},"statements":{"total":3,"covered":2,"skipped":0,"pct":66.66},"branches":{"total":0,"covered":0,"skipped":0,"pct":100}}
,"/home/mootxed/Projects/personal/KotoKitsu/src/ai/handlers/index.js": {"lines":{"total":2,"covered":2,"skipped":0,"pct":100},"functions":{"total":1,"covered":1,"skipped":0,"pct":100},"statements":{"total":2,"covered":2,"skipped":0,"pct":100},"branches":{"total":2,"covered":1,"skipped":0,"pct":50}}
,"/home/mootxed/Projects/personal/KotoKitsu/src/courses/course-context.js": {"lines":{"total":62,"covered":52,"skipped":0,"pct":83.87},"functions":{"total":15,"covered":12,"skipped":0,"pct":80},"statements":{"total":69,"covered":59,"skipped":0,"pct":85.5},"branches":{"total":87,"covered":76,"skipped":0,"pct":87.35}}
,"/home/mootxed/Projects/personal/KotoKitsu/src/courses/course-contract.js": {"lines":{"total":75,"covered":70,"skipped":0,"pct":93.33},"functions":{"total":10,"covered":9,"skipped":0,"pct":90},"statements":{"total":86,"covered":76,"skipped":0,"pct":88.37},"branches":{"total":61,"covered":48,"skipped":0,"pct":78.68}}
,"/home/mootxed/Projects/personal/KotoKitsu/src/courses/course-loader.js": {"lines":{"total":287,"covered":245,"skipped":0,"pct":85.36},"functions":{"total":66,"covered":53,"skipped":0,"pct":80.3},"statements":{"total":312,"covered":259,"skipped":0,"pct":83.01},"branches":{"total":291,"covered":200,"skipped":0,"pct":68.72}}
,"/home/mootxed/Projects/personal/KotoKitsu/src/courses/course-registry.js": {"lines":{"total":38,"covered":32,"skipped":0,"pct":84.21},"functions":{"total":8,"covered":6,"skipped":0,"pct":75},"statements":{"total":41,"covered":34,"skipped":0,"pct":82.92},"branches":{"total":38,"covered":30,"skipped":0,"pct":78.94}}
,"/home/mootxed/Projects/personal/KotoKitsu/src/courses/course-state.js": {"lines":{"total":52,"covered":52,"skipped":0,"pct":100},"functions":{"total":5,"covered":5,"skipped":0,"pct":100},"statements":{"total":54,"covered":53,"skipped":0,"pct":98.14},"branches":{"total":70,"covered":52,"skipped":0,"pct":74.28}}
,"/home/mootxed/Projects/personal/KotoKitsu/src/courses/genki-1/adapter.js": {"lines":{"total":13,"covered":9,"skipped":0,"pct":69.23},"functions":{"total":4,"covered":3,"skipped":0,"pct":75},"statements":{"total":13,"covered":9,"skipped":0,"pct":69.23},"branches":{"total":14,"covered":5,"skipped":0,"pct":35.71}}
,"/home/mootxed/Projects/personal/KotoKitsu/src/courses/genki-1/migrations/state-v15.js": {"lines":{"total":118,"covered":112,"skipped":0,"pct":94.91},"functions":{"total":32,"covered":29,"skipped":0,"pct":90.62},"statements":{"total":128,"covered":118,"skipped":0,"pct":92.18},"branches":{"total":162,"covered":118,"skipped":0,"pct":72.83}}
,"/home/mootxed/Projects/personal/KotoKitsu/src/courses/genki-1/migrations/vocabulary-id-map.js": {"lines":{"total":2,"covered":2,"skipped":0,"pct":100},"functions":{"total":0,"covered":0,"skipped":0,"pct":100},"statements":{"total":2,"covered":2,"skipped":0,"pct":100},"branches":{"total":0,"covered":0,"skipped":0,"pct":100}}
,"/home/mootxed/Projects/personal/KotoKitsu/src/courses/genki-1/migrations/vocabulary-state.js": {"lines":{"total":82,"covered":81,"skipped":0,"pct":98.78},"functions":{"total":13,"covered":13,"skipped":0,"pct":100},"statements":{"total":89,"covered":87,"skipped":0,"pct":97.75},"branches":{"total":116,"covered":98,"skipped":0,"pct":84.48}}
,"/home/mootxed/Projects/personal/KotoKitsu/src/dictionary/dictionary-contract.js": {"lines":{"total":43,"covered":35,"skipped":0,"pct":81.39},"functions":{"total":5,"covered":5,"skipped":0,"pct":100},"statements":{"total":44,"covered":36,"skipped":0,"pct":81.81},"branches":{"total":103,"covered":77,"skipped":0,"pct":74.75}}
,"/home/mootxed/Projects/personal/KotoKitsu/src/dictionary/dictionary-details-service.js": {"lines":{"total":96,"covered":80,"skipped":0,"pct":83.33},"functions":{"total":8,"covered":8,"skipped":0,"pct":100},"statements":{"total":106,"covered":87,"skipped":0,"pct":82.07},"branches":{"total":180,"covered":138,"skipped":0,"pct":76.66}}
,"/home/mootxed/Projects/personal/KotoKitsu/src/dictionary/dictionary-fsrs-service.js": {"lines":{"total":34,"covered":29,"skipped":0,"pct":85.29},"functions":{"total":9,"covered":8,"skipped":0,"pct":88.88},"statements":{"total":45,"covered":35,"skipped":0,"pct":77.77},"branches":{"total":53,"covered":36,"skipped":0,"pct":67.92}}
,"/home/mootxed/Projects/personal/KotoKitsu/src/dictionary/dictionary-id.js": {"lines":{"total":23,"covered":17,"skipped":0,"pct":73.91},"functions":{"total":7,"covered":6,"skipped":0,"pct":85.71},"statements":{"total":27,"covered":17,"skipped":0,"pct":62.96},"branches":{"total":37,"covered":14,"skipped":0,"pct":37.83}}
,"/home/mootxed/Projects/personal/KotoKitsu/src/dictionary/dictionary-loader.js": {"lines":{"total":95,"covered":67,"skipped":0,"pct":70.52},"functions":{"total":8,"covered":8,"skipped":0,"pct":100},"statements":{"total":105,"covered":70,"skipped":0,"pct":66.66},"branches":{"total":97,"covered":57,"skipped":0,"pct":58.76}}
,"/home/mootxed/Projects/personal/KotoKitsu/src/dictionary/dictionary-merge.js": {"lines":{"total":9,"covered":8,"skipped":0,"pct":88.88},"functions":{"total":1,"covered":1,"skipped":0,"pct":100},"statements":{"total":9,"covered":8,"skipped":0,"pct":88.88},"branches":{"total":16,"covered":15,"skipped":0,"pct":93.75}}
,"/home/mootxed/Projects/personal/KotoKitsu/src/dictionary/dictionary-relations-index.js": {"lines":{"total":136,"covered":106,"skipped":0,"pct":77.94},"functions":{"total":21,"covered":14,"skipped":0,"pct":66.66},"statements":{"total":156,"covered":110,"skipped":0,"pct":70.51},"branches":{"total":184,"covered":103,"skipped":0,"pct":55.97}}
,"/home/mootxed/Projects/personal/KotoKitsu/src/dictionary/dictionary-store.js": {"lines":{"total":148,"covered":131,"skipped":0,"pct":88.51},"functions":{"total":37,"covered":29,"skipped":0,"pct":78.37},"statements":{"total":159,"covered":138,"skipped":0,"pct":86.79},"branches":{"total":145,"covered":100,"skipped":0,"pct":68.96}}
,"/home/mootxed/Projects/personal/KotoKitsu/src/dictionary/generated-dictionary-aliases.js": {"lines":{"total":7,"covered":7,"skipped":0,"pct":100},"functions":{"total":1,"covered":1,"skipped":0,"pct":100},"statements":{"total":7,"covered":7,"skipped":0,"pct":100},"branches":{"total":4,"covered":4,"skipped":0,"pct":100}}
,"/home/mootxed/Projects/personal/KotoKitsu/src/dictionary/state-v16.js": {"lines":{"total":101,"covered":96,"skipped":0,"pct":95.04},"functions":{"total":17,"covered":17,"skipped":0,"pct":100},"statements":{"total":114,"covered":105,"skipped":0,"pct":92.1},"branches":{"total":126,"covered":99,"skipped":0,"pct":78.57}}
,"/home/mootxed/Projects/personal/KotoKitsu/src/dictionary/story-occurrence-index.js": {"lines":{"total":45,"covered":43,"skipped":0,"pct":95.55},"functions":{"total":11,"covered":10,"skipped":0,"pct":90.9},"statements":{"total":54,"covered":46,"skipped":0,"pct":85.18},"branches":{"total":104,"covered":74,"skipped":0,"pct":71.15}}
,"/home/mootxed/Projects/personal/KotoKitsu/src/dictionary/token-index.js": {"lines":{"total":33,"covered":20,"skipped":0,"pct":60.6},"functions":{"total":11,"covered":8,"skipped":0,"pct":72.72},"statements":{"total":37,"covered":21,"skipped":0,"pct":56.75},"branches":{"total":31,"covered":16,"skipped":0,"pct":51.61}}
,"/home/mootxed/Projects/personal/KotoKitsu/src/dictionary/token-occurrence.js": {"lines":{"total":43,"covered":39,"skipped":0,"pct":90.69},"functions":{"total":1,"covered":1,"skipped":0,"pct":100},"statements":{"total":43,"covered":39,"skipped":0,"pct":90.69},"branches":{"total":81,"covered":67,"skipped":0,"pct":82.71}}
,"/home/mootxed/Projects/personal/KotoKitsu/src/dictionary-import/apply-mapping.js": {"lines":{"total":18,"covered":15,"skipped":0,"pct":83.33},"functions":{"total":4,"covered":4,"skipped":0,"pct":100},"statements":{"total":22,"covered":17,"skipped":0,"pct":77.27},"branches":{"total":26,"covered":18,"skipped":0,"pct":69.23}}
,"/home/mootxed/Projects/personal/KotoKitsu/src/dictionary-import/commit-import.js": {"lines":{"total":49,"covered":49,"skipped":0,"pct":100},"functions":{"total":4,"covered":4,"skipped":0,"pct":100},"statements":{"total":51,"covered":51,"skipped":0,"pct":100},"branches":{"total":48,"covered":40,"skipped":0,"pct":83.33}}
,"/home/mootxed/Projects/personal/KotoKitsu/src/dictionary-import/detect-format.js": {"lines":{"total":8,"covered":7,"skipped":0,"pct":87.5},"functions":{"total":1,"covered":1,"skipped":0,"pct":100},"statements":{"total":10,"covered":9,"skipped":0,"pct":90},"branches":{"total":19,"covered":17,"skipped":0,"pct":89.47}}
,"/home/mootxed/Projects/personal/KotoKitsu/src/dictionary-import/import-profile.js": {"lines":{"total":1,"covered":1,"skipped":0,"pct":100},"functions":{"total":1,"covered":1,"skipped":0,"pct":100},"statements":{"total":1,"covered":1,"skipped":0,"pct":100},"branches":{"total":11,"covered":9,"skipped":0,"pct":81.81}}
,"/home/mootxed/Projects/personal/KotoKitsu/src/dictionary-import/index.js": {"lines":{"total":0,"covered":0,"skipped":0,"pct":100},"functions":{"total":0,"covered":0,"skipped":0,"pct":100},"statements":{"total":0,"covered":0,"skipped":0,"pct":100},"branches":{"total":0,"covered":0,"skipped":0,"pct":100}}
,"/home/mootxed/Projects/personal/KotoKitsu/src/dictionary-import/infer-mapping.js": {"lines":{"total":7,"covered":7,"skipped":0,"pct":100},"functions":{"total":3,"covered":3,"skipped":0,"pct":100},"statements":{"total":9,"covered":9,"skipped":0,"pct":100},"branches":{"total":2,"covered":2,"skipped":0,"pct":100}}
,"/home/mootxed/Projects/personal/KotoKitsu/src/dictionary-import/parse-delimited.js": {"lines":{"total":50,"covered":48,"skipped":0,"pct":96},"functions":{"total":6,"covered":6,"skipped":0,"pct":100},"statements":{"total":59,"covered":54,"skipped":0,"pct":91.52},"branches":{"total":47,"covered":37,"skipped":0,"pct":78.72}}
,"/home/mootxed/Projects/personal/KotoKitsu/src/dictionary-import/parse-json.js": {"lines":{"total":47,"covered":43,"skipped":0,"pct":91.48},"functions":{"total":11,"covered":11,"skipped":0,"pct":100},"statements":{"total":54,"covered":50,"skipped":0,"pct":92.59},"branches":{"total":58,"covered":47,"skipped":0,"pct":81.03}}
,"/home/mootxed/Projects/personal/KotoKitsu/src/dictionary-import/preview.js": {"lines":{"total":23,"covered":22,"skipped":0,"pct":95.65},"functions":{"total":7,"covered":7,"skipped":0,"pct":100},"statements":{"total":25,"covered":24,"skipped":0,"pct":96},"branches":{"total":21,"covered":14,"skipped":0,"pct":66.66}}
,"/home/mootxed/Projects/personal/KotoKitsu/src/pomodoro/pomodoro-audio.js": {"lines":{"total":38,"covered":8,"skipped":0,"pct":21.05},"functions":{"total":5,"covered":2,"skipped":0,"pct":40},"statements":{"total":40,"covered":8,"skipped":0,"pct":20},"branches":{"total":21,"covered":7,"skipped":0,"pct":33.33}}
,"/home/mootxed/Projects/personal/KotoKitsu/src/pomodoro/pomodoro-state.js": {"lines":{"total":124,"covered":107,"skipped":0,"pct":86.29},"functions":{"total":14,"covered":13,"skipped":0,"pct":92.85},"statements":{"total":128,"covered":109,"skipped":0,"pct":85.15},"branches":{"total":102,"covered":87,"skipped":0,"pct":85.29}}
,"/home/mootxed/Projects/personal/KotoKitsu/src/schemas/active-session-v1.js": {"lines":{"total":2,"covered":2,"skipped":0,"pct":100},"functions":{"total":0,"covered":0,"skipped":0,"pct":100},"statements":{"total":2,"covered":2,"skipped":0,"pct":100},"branches":{"total":0,"covered":0,"skipped":0,"pct":100}}
,"/home/mootxed/Projects/personal/KotoKitsu/src/schemas/active-session-v2.js": {"lines":{"total":16,"covered":13,"skipped":0,"pct":81.25},"functions":{"total":1,"covered":1,"skipped":0,"pct":100},"statements":{"total":16,"covered":13,"skipped":0,"pct":81.25},"branches":{"total":16,"covered":13,"skipped":0,"pct":81.25}}
,"/home/mootxed/Projects/personal/KotoKitsu/src/schemas/active-session.js": {"lines":{"total":49,"covered":47,"skipped":0,"pct":95.91},"functions":{"total":4,"covered":4,"skipped":0,"pct":100},"statements":{"total":50,"covered":47,"skipped":0,"pct":94},"branches":{"total":99,"covered":79,"skipped":0,"pct":79.79}}
,"/home/mootxed/Projects/personal/KotoKitsu/src/statistics/forecast-statistics.js": {"lines":{"total":69,"covered":65,"skipped":0,"pct":94.2},"functions":{"total":3,"covered":3,"skipped":0,"pct":100},"statements":{"total":75,"covered":70,"skipped":0,"pct":93.33},"branches":{"total":58,"covered":48,"skipped":0,"pct":82.75}}
,"/home/mootxed/Projects/personal/KotoKitsu/src/statistics/lapse-statistics.js": {"lines":{"total":71,"covered":63,"skipped":0,"pct":88.73},"functions":{"total":14,"covered":13,"skipped":0,"pct":92.85},"statements":{"total":82,"covered":72,"skipped":0,"pct":87.8},"branches":{"total":91,"covered":72,"skipped":0,"pct":79.12}}
,"/home/mootxed/Projects/personal/KotoKitsu/src/statistics/mastery-statistics.js": {"lines":{"total":39,"covered":35,"skipped":0,"pct":89.74},"functions":{"total":1,"covered":1,"skipped":0,"pct":100},"statements":{"total":44,"covered":37,"skipped":0,"pct":84.09},"branches":{"total":37,"covered":29,"skipped":0,"pct":78.37}}
,"/home/mootxed/Projects/personal/KotoKitsu/src/statistics/retention-statistics.js": {"lines":{"total":74,"covered":74,"skipped":0,"pct":100},"functions":{"total":7,"covered":7,"skipped":0,"pct":100},"statements":{"total":87,"covered":84,"skipped":0,"pct":96.55},"branches":{"total":67,"covered":58,"skipped":0,"pct":86.56}}
,"/home/mootxed/Projects/personal/KotoKitsu/src/statistics/skill-statistics.js": {"lines":{"total":76,"covered":76,"skipped":0,"pct":100},"functions":{"total":22,"covered":22,"skipped":0,"pct":100},"statements":{"total":87,"covered":87,"skipped":0,"pct":100},"branches":{"total":58,"covered":50,"skipped":0,"pct":86.2}}
,"/home/mootxed/Projects/personal/KotoKitsu/src/statistics/statistics-events.js": {"lines":{"total":49,"covered":46,"skipped":0,"pct":93.87},"functions":{"total":6,"covered":3,"skipped":0,"pct":50},"statements":{"total":64,"covered":54,"skipped":0,"pct":84.37},"branches":{"total":113,"covered":86,"skipped":0,"pct":76.1}}
,"/home/mootxed/Projects/personal/KotoKitsu/src/statistics/statistics-view-model.js": {"lines":{"total":21,"covered":21,"skipped":0,"pct":100},"functions":{"total":3,"covered":3,"skipped":0,"pct":100},"statements":{"total":22,"covered":22,"skipped":0,"pct":100},"branches":{"total":21,"covered":20,"skipped":0,"pct":95.23}}
,"/home/mootxed/Projects/personal/KotoKitsu/src/statistics/workload-statistics.js": {"lines":{"total":82,"covered":78,"skipped":0,"pct":95.12},"functions":{"total":10,"covered":10,"skipped":0,"pct":100},"statements":{"total":97,"covered":90,"skipped":0,"pct":92.78},"branches":{"total":74,"covered":63,"skipped":0,"pct":85.13}}
,"/home/mootxed/Projects/personal/KotoKitsu/src/user-dictionaries/capabilities.js": {"lines":{"total":5,"covered":5,"skipped":0,"pct":100},"functions":{"total":1,"covered":1,"skipped":0,"pct":100},"statements":{"total":5,"covered":5,"skipped":0,"pct":100},"branches":{"total":9,"covered":8,"skipped":0,"pct":88.88}}
,"/home/mootxed/Projects/personal/KotoKitsu/src/user-dictionaries/duplicate-detector.js": {"lines":{"total":28,"covered":25,"skipped":0,"pct":89.28},"functions":{"total":9,"covered":7,"skipped":0,"pct":77.77},"statements":{"total":33,"covered":30,"skipped":0,"pct":90.9},"branches":{"total":48,"covered":34,"skipped":0,"pct":70.83}}
,"/home/mootxed/Projects/personal/KotoKitsu/src/user-dictionaries/export.js": {"lines":{"total":9,"covered":9,"skipped":0,"pct":100},"functions":{"total":5,"covered":5,"skipped":0,"pct":100},"statements":{"total":10,"covered":10,"skipped":0,"pct":100},"branches":{"total":5,"covered":4,"skipped":0,"pct":80}}
,"/home/mootxed/Projects/personal/KotoKitsu/src/user-dictionaries/index.js": {"lines":{"total":0,"covered":0,"skipped":0,"pct":100},"functions":{"total":0,"covered":0,"skipped":0,"pct":100},"statements":{"total":0,"covered":0,"skipped":0,"pct":100},"branches":{"total":0,"covered":0,"skipped":0,"pct":100}}
,"/home/mootxed/Projects/personal/KotoKitsu/src/user-dictionaries/knowledge-item-adapter.js": {"lines":{"total":4,"covered":3,"skipped":0,"pct":75},"functions":{"total":2,"covered":1,"skipped":0,"pct":50},"statements":{"total":4,"covered":3,"skipped":0,"pct":75},"branches":{"total":10,"covered":8,"skipped":0,"pct":80}}
,"/home/mootxed/Projects/personal/KotoKitsu/src/user-dictionaries/learning-service.js": {"lines":{"total":73,"covered":65,"skipped":0,"pct":89.04},"functions":{"total":13,"covered":11,"skipped":0,"pct":84.61},"statements":{"total":77,"covered":68,"skipped":0,"pct":88.31},"branches":{"total":67,"covered":40,"skipped":0,"pct":59.7}}
,"/home/mootxed/Projects/personal/KotoKitsu/src/user-dictionaries/normalize.js": {"lines":{"total":60,"covered":58,"skipped":0,"pct":96.66},"functions":{"total":17,"covered":17,"skipped":0,"pct":100},"statements":{"total":67,"covered":64,"skipped":0,"pct":95.52},"branches":{"total":144,"covered":123,"skipped":0,"pct":85.41}}
,"/home/mootxed/Projects/personal/KotoKitsu/src/user-dictionaries/repository.js": {"lines":{"total":53,"covered":31,"skipped":0,"pct":58.49},"functions":{"total":22,"covered":17,"skipped":0,"pct":77.27},"statements":{"total":55,"covered":33,"skipped":0,"pct":60},"branches":{"total":49,"covered":38,"skipped":0,"pct":77.55}}
,"/home/mootxed/Projects/personal/KotoKitsu/src/user-dictionaries/runtime.js": {"lines":{"total":26,"covered":18,"skipped":0,"pct":69.23},"functions":{"total":9,"covered":4,"skipped":0,"pct":44.44},"statements":{"total":31,"covered":19,"skipped":0,"pct":61.29},"branches":{"total":15,"covered":9,"skipped":0,"pct":60}}
,"/home/mootxed/Projects/personal/KotoKitsu/src/user-dictionaries/schema.js": {"lines":{"total":23,"covered":23,"skipped":0,"pct":100},"functions":{"total":9,"covered":9,"skipped":0,"pct":100},"statements":{"total":25,"covered":25,"skipped":0,"pct":100},"branches":{"total":10,"covered":9,"skipped":0,"pct":90}}
,"/home/mootxed/Projects/personal/KotoKitsu/state/store.js": {"lines":{"total":321,"covered":258,"skipped":0,"pct":80.37},"functions":{"total":38,"covered":30,"skipped":0,"pct":78.94},"statements":{"total":346,"covered":269,"skipped":0,"pct":77.74},"branches":{"total":354,"covered":229,"skipped":0,"pct":64.68}}
,"/home/mootxed/Projects/personal/KotoKitsu/state/migrations/index.js": {"lines":{"total":33,"covered":29,"skipped":0,"pct":87.87},"functions":{"total":3,"covered":3,"skipped":0,"pct":100},"statements":{"total":36,"covered":31,"skipped":0,"pct":86.11},"branches":{"total":25,"covered":20,"skipped":0,"pct":80}}
,"/home/mootxed/Projects/personal/KotoKitsu/state/migrations/migrate-v1-to-v2.js": {"lines":{"total":14,"covered":14,"skipped":0,"pct":100},"functions":{"total":2,"covered":2,"skipped":0,"pct":100},"statements":{"total":19,"covered":15,"skipped":0,"pct":78.94},"branches":{"total":15,"covered":9,"skipped":0,"pct":60}}
,"/home/mootxed/Projects/personal/KotoKitsu/state/migrations/migrate-v10-to-v11.js": {"lines":{"total":9,"covered":9,"skipped":0,"pct":100},"functions":{"total":1,"covered":1,"skipped":0,"pct":100},"statements":{"total":10,"covered":10,"skipped":0,"pct":100},"branches":{"total":28,"covered":24,"skipped":0,"pct":85.71}}
,"/home/mootxed/Projects/personal/KotoKitsu/state/migrations/migrate-v11-to-v12.js": {"lines":{"total":23,"covered":23,"skipped":0,"pct":100},"functions":{"total":1,"covered":1,"skipped":0,"pct":100},"statements":{"total":24,"covered":24,"skipped":0,"pct":100},"branches":{"total":24,"covered":21,"skipped":0,"pct":87.5}}
,"/home/mootxed/Projects/personal/KotoKitsu/state/migrations/migrate-v12-to-v13.js": {"lines":{"total":22,"covered":22,"skipped":0,"pct":100},"functions":{"total":1,"covered":1,"skipped":0,"pct":100},"statements":{"total":22,"covered":22,"skipped":0,"pct":100},"branches":{"total":18,"covered":15,"skipped":0,"pct":83.33}}
,"/home/mootxed/Projects/personal/KotoKitsu/state/migrations/migrate-v13-to-v14.js": {"lines":{"total":2,"covered":2,"skipped":0,"pct":100},"functions":{"total":1,"covered":1,"skipped":0,"pct":100},"statements":{"total":2,"covered":2,"skipped":0,"pct":100},"branches":{"total":0,"covered":0,"skipped":0,"pct":100}}
,"/home/mootxed/Projects/personal/KotoKitsu/state/migrations/migrate-v14-to-v15.js": {"lines":{"total":2,"covered":2,"skipped":0,"pct":100},"functions":{"total":1,"covered":1,"skipped":0,"pct":100},"statements":{"total":2,"covered":2,"skipped":0,"pct":100},"branches":{"total":0,"covered":0,"skipped":0,"pct":100}}
,"/home/mootxed/Projects/personal/KotoKitsu/state/migrations/migrate-v15-to-v16.js": {"lines":{"total":2,"covered":2,"skipped":0,"pct":100},"functions":{"total":1,"covered":1,"skipped":0,"pct":100},"statements":{"total":2,"covered":2,"skipped":0,"pct":100},"branches":{"total":0,"covered":0,"skipped":0,"pct":100}}
,"/home/mootxed/Projects/personal/KotoKitsu/state/migrations/migrate-v16-to-v17.js": {"lines":{"total":4,"covered":4,"skipped":0,"pct":100},"functions":{"total":1,"covered":1,"skipped":0,"pct":100},"statements":{"total":4,"covered":4,"skipped":0,"pct":100},"branches":{"total":2,"covered":2,"skipped":0,"pct":100}}
,"/home/mootxed/Projects/personal/KotoKitsu/state/migrations/migrate-v2-to-v3.js": {"lines":{"total":10,"covered":9,"skipped":0,"pct":90},"functions":{"total":2,"covered":2,"skipped":0,"pct":100},"statements":{"total":10,"covered":9,"skipped":0,"pct":90},"branches":{"total":2,"covered":1,"skipped":0,"pct":50}}
,"/home/mootxed/Projects/personal/KotoKitsu/state/migrations/migrate-v3-to-v4.js": {"lines":{"total":10,"covered":10,"skipped":0,"pct":100},"functions":{"total":1,"covered":1,"skipped":0,"pct":100},"statements":{"total":10,"covered":10,"skipped":0,"pct":100},"branches":{"total":11,"covered":10,"skipped":0,"pct":90.9}}
,"/home/mootxed/Projects/personal/KotoKitsu/state/migrations/migrate-v4-to-v5.js": {"lines":{"total":9,"covered":9,"skipped":0,"pct":100},"functions":{"total":4,"covered":4,"skipped":0,"pct":100},"statements":{"total":9,"covered":9,"skipped":0,"pct":100},"branches":{"total":12,"covered":10,"skipped":0,"pct":83.33}}
,"/home/mootxed/Projects/personal/KotoKitsu/state/migrations/migrate-v5-to-v6.js": {"lines":{"total":2,"covered":2,"skipped":0,"pct":100},"functions":{"total":1,"covered":1,"skipped":0,"pct":100},"statements":{"total":2,"covered":2,"skipped":0,"pct":100},"branches":{"total":2,"covered":2,"skipped":0,"pct":100}}
,"/home/mootxed/Projects/personal/KotoKitsu/state/migrations/migrate-v6-to-v7.js": {"lines":{"total":16,"covered":15,"skipped":0,"pct":93.75},"functions":{"total":3,"covered":2,"skipped":0,"pct":66.66},"statements":{"total":17,"covered":15,"skipped":0,"pct":88.23},"branches":{"total":18,"covered":13,"skipped":0,"pct":72.22}}
,"/home/mootxed/Projects/personal/KotoKitsu/state/migrations/migrate-v7-to-v8.js": {"lines":{"total":4,"covered":4,"skipped":0,"pct":100},"functions":{"total":1,"covered":1,"skipped":0,"pct":100},"statements":{"total":4,"covered":4,"skipped":0,"pct":100},"branches":{"total":8,"covered":8,"skipped":0,"pct":100}}
,"/home/mootxed/Projects/personal/KotoKitsu/state/migrations/migrate-v8-to-v9.js": {"lines":{"total":4,"covered":4,"skipped":0,"pct":100},"functions":{"total":1,"covered":1,"skipped":0,"pct":100},"statements":{"total":4,"covered":4,"skipped":0,"pct":100},"branches":{"total":8,"covered":8,"skipped":0,"pct":100}}
,"/home/mootxed/Projects/personal/KotoKitsu/state/migrations/migrate-v9-to-v10.js": {"lines":{"total":5,"covered":5,"skipped":0,"pct":100},"functions":{"total":1,"covered":1,"skipped":0,"pct":100},"statements":{"total":5,"covered":5,"skipped":0,"pct":100},"branches":{"total":4,"covered":4,"skipped":0,"pct":100}}
,"/home/mootxed/Projects/personal/KotoKitsu/ui/ai-story.js": {"lines":{"total":208,"covered":144,"skipped":0,"pct":69.23},"functions":{"total":30,"covered":13,"skipped":0,"pct":43.33},"statements":{"total":217,"covered":146,"skipped":0,"pct":67.28},"branches":{"total":229,"covered":104,"skipped":0,"pct":45.41}}
,"/home/mootxed/Projects/personal/KotoKitsu/ui/app-shell.js": {"lines":{"total":296,"covered":38,"skipped":0,"pct":12.83},"functions":{"total":55,"covered":4,"skipped":0,"pct":7.27},"statements":{"total":314,"covered":40,"skipped":0,"pct":12.73},"branches":{"total":208,"covered":19,"skipped":0,"pct":9.13}}
,"/home/mootxed/Projects/personal/KotoKitsu/ui/chapter.js": {"lines":{"total":212,"covered":101,"skipped":0,"pct":47.64},"functions":{"total":26,"covered":10,"skipped":0,"pct":38.46},"statements":{"total":230,"covered":102,"skipped":0,"pct":44.34},"branches":{"total":276,"covered":128,"skipped":0,"pct":46.37}}
,"/home/mootxed/Projects/personal/KotoKitsu/ui/chat.js": {"lines":{"total":372,"covered":230,"skipped":0,"pct":61.82},"functions":{"total":84,"covered":38,"skipped":0,"pct":45.23},"statements":{"total":408,"covered":243,"skipped":0,"pct":59.55},"branches":{"total":268,"covered":124,"skipped":0,"pct":46.26}}
,"/home/mootxed/Projects/personal/KotoKitsu/ui/crossword.js": {"lines":{"total":642,"covered":371,"skipped":0,"pct":57.78},"functions":{"total":93,"covered":53,"skipped":0,"pct":56.98},"statements":{"total":725,"covered":407,"skipped":0,"pct":56.13},"branches":{"total":548,"covered":241,"skipped":0,"pct":43.97}}
,"/home/mootxed/Projects/personal/KotoKitsu/ui/dev-tools.js": {"lines":{"total":70,"covered":2,"skipped":0,"pct":2.85},"functions":{"total":19,"covered":0,"skipped":0,"pct":0},"statements":{"total":78,"covered":2,"skipped":0,"pct":2.56},"branches":{"total":40,"covered":0,"skipped":0,"pct":0}}
,"/home/mootxed/Projects/personal/KotoKitsu/ui/flashcards.js": {"lines":{"total":181,"covered":4,"skipped":0,"pct":2.2},"functions":{"total":14,"covered":1,"skipped":0,"pct":7.14},"statements":{"total":193,"covered":4,"skipped":0,"pct":2.07},"branches":{"total":169,"covered":0,"skipped":0,"pct":0}}
,"/home/mootxed/Projects/personal/KotoKitsu/ui/grammar-lesson.js": {"lines":{"total":247,"covered":185,"skipped":0,"pct":74.89},"functions":{"total":53,"covered":37,"skipped":0,"pct":69.81},"statements":{"total":265,"covered":195,"skipped":0,"pct":73.58},"branches":{"total":209,"covered":119,"skipped":0,"pct":56.93}}
,"/home/mootxed/Projects/personal/KotoKitsu/ui/home.js": {"lines":{"total":469,"covered":250,"skipped":0,"pct":53.3},"functions":{"total":54,"covered":21,"skipped":0,"pct":38.88},"statements":{"total":530,"covered":260,"skipped":0,"pct":49.05},"branches":{"total":434,"covered":194,"skipped":0,"pct":44.7}}
,"/home/mootxed/Projects/personal/KotoKitsu/ui/onboarding.js": {"lines":{"total":233,"covered":2,"skipped":0,"pct":0.85},"functions":{"total":45,"covered":0,"skipped":0,"pct":0},"statements":{"total":247,"covered":2,"skipped":0,"pct":0.8},"branches":{"total":230,"covered":0,"skipped":0,"pct":0}}
,"/home/mootxed/Projects/personal/KotoKitsu/ui/particles.js": {"lines":{"total":49,"covered":0,"skipped":0,"pct":0},"functions":{"total":13,"covered":0,"skipped":0,"pct":0},"statements":{"total":55,"covered":0,"skipped":0,"pct":0},"branches":{"total":28,"covered":0,"skipped":0,"pct":0}}
,"/home/mootxed/Projects/personal/KotoKitsu/ui/plan.js": {"lines":{"total":557,"covered":99,"skipped":0,"pct":17.77},"functions":{"total":110,"covered":11,"skipped":0,"pct":10},"statements":{"total":624,"covered":104,"skipped":0,"pct":16.66},"branches":{"total":441,"covered":48,"skipped":0,"pct":10.88}}
,"/home/mootxed/Projects/personal/KotoKitsu/ui/pomodoro.js": {"lines":{"total":301,"covered":185,"skipped":0,"pct":61.46},"functions":{"total":34,"covered":19,"skipped":0,"pct":55.88},"statements":{"total":324,"covered":193,"skipped":0,"pct":59.56},"branches":{"total":223,"covered":80,"skipped":0,"pct":35.87}}
,"/home/mootxed/Projects/personal/KotoKitsu/ui/profile.js": {"lines":{"total":262,"covered":3,"skipped":0,"pct":1.14},"functions":{"total":33,"covered":0,"skipped":0,"pct":0},"statements":{"total":284,"covered":3,"skipped":0,"pct":1.05},"branches":{"total":126,"covered":0,"skipped":0,"pct":0}}
,"/home/mootxed/Projects/personal/KotoKitsu/ui/router.js": {"lines":{"total":40,"covered":31,"skipped":0,"pct":77.5},"functions":{"total":9,"covered":3,"skipped":0,"pct":33.33},"statements":{"total":42,"covered":31,"skipped":0,"pct":73.8},"branches":{"total":17,"covered":6,"skipped":0,"pct":35.29}}
,"/home/mootxed/Projects/personal/KotoKitsu/ui/sensei-artifacts.js": {"lines":{"total":106,"covered":84,"skipped":0,"pct":79.24},"functions":{"total":18,"covered":11,"skipped":0,"pct":61.11},"statements":{"total":123,"covered":89,"skipped":0,"pct":72.35},"branches":{"total":136,"covered":85,"skipped":0,"pct":62.5}}
,"/home/mootxed/Projects/personal/KotoKitsu/ui/sensei-dictionary.js": {"lines":{"total":142,"covered":85,"skipped":0,"pct":59.85},"functions":{"total":20,"covered":6,"skipped":0,"pct":30},"statements":{"total":153,"covered":91,"skipped":0,"pct":59.47},"branches":{"total":55,"covered":21,"skipped":0,"pct":38.18}}
,"/home/mootxed/Projects/personal/KotoKitsu/ui/session-recovery-modal.js": {"lines":{"total":44,"covered":15,"skipped":0,"pct":34.09},"functions":{"total":7,"covered":3,"skipped":0,"pct":42.85},"statements":{"total":48,"covered":15,"skipped":0,"pct":31.25},"branches":{"total":34,"covered":7,"skipped":0,"pct":20.58}}
,"/home/mootxed/Projects/personal/KotoKitsu/ui/settings.js": {"lines":{"total":174,"covered":38,"skipped":0,"pct":21.83},"functions":{"total":38,"covered":5,"skipped":0,"pct":13.15},"statements":{"total":196,"covered":41,"skipped":0,"pct":20.91},"branches":{"total":107,"covered":17,"skipped":0,"pct":15.88}}
,"/home/mootxed/Projects/personal/KotoKitsu/ui/shared.js": {"lines":{"total":96,"covered":37,"skipped":0,"pct":38.54},"functions":{"total":11,"covered":4,"skipped":0,"pct":36.36},"statements":{"total":109,"covered":38,"skipped":0,"pct":34.86},"branches":{"total":90,"covered":25,"skipped":0,"pct":27.77}}
,"/home/mootxed/Projects/personal/KotoKitsu/ui/shop.js": {"lines":{"total":101,"covered":3,"skipped":0,"pct":2.97},"functions":{"total":15,"covered":0,"skipped":0,"pct":0},"statements":{"total":109,"covered":3,"skipped":0,"pct":2.75},"branches":{"total":62,"covered":0,"skipped":0,"pct":0}}
,"/home/mootxed/Projects/personal/KotoKitsu/ui/statistics.js": {"lines":{"total":63,"covered":1,"skipped":0,"pct":1.58},"functions":{"total":18,"covered":0,"skipped":0,"pct":0},"statements":{"total":68,"covered":1,"skipped":0,"pct":1.47},"branches":{"total":62,"covered":0,"skipped":0,"pct":0}}
,"/home/mootxed/Projects/personal/KotoKitsu/ui/stories.js": {"lines":{"total":406,"covered":224,"skipped":0,"pct":55.17},"functions":{"total":71,"covered":25,"skipped":0,"pct":35.21},"statements":{"total":450,"covered":235,"skipped":0,"pct":52.22},"branches":{"total":480,"covered":249,"skipped":0,"pct":51.87}}
,"/home/mootxed/Projects/personal/KotoKitsu/ui/user-dictionaries.js": {"lines":{"total":457,"covered":4,"skipped":0,"pct":0.87},"functions":{"total":87,"covered":0,"skipped":0,"pct":0},"statements":{"total":498,"covered":4,"skipped":0,"pct":0.8},"branches":{"total":255,"covered":0,"skipped":0,"pct":0}}
,"/home/mootxed/Projects/personal/KotoKitsu/ui/word-details.js": {"lines":{"total":171,"covered":95,"skipped":0,"pct":55.55},"functions":{"total":36,"covered":18,"skipped":0,"pct":50},"statements":{"total":181,"covered":96,"skipped":0,"pct":53.03},"branches":{"total":330,"covered":100,"skipped":0,"pct":30.3}}
,"/home/mootxed/Projects/personal/KotoKitsu/ui/word-search.js": {"lines":{"total":271,"covered":92,"skipped":0,"pct":33.94},"functions":{"total":54,"covered":15,"skipped":0,"pct":27.77},"statements":{"total":301,"covered":97,"skipped":0,"pct":32.22},"branches":{"total":197,"covered":69,"skipped":0,"pct":35.02}}
,"/home/mootxed/Projects/personal/KotoKitsu/ui/flashcards/card-modes.js": {"lines":{"total":669,"covered":14,"skipped":0,"pct":2.09},"functions":{"total":94,"covered":3,"skipped":0,"pct":3.19},"statements":{"total":744,"covered":14,"skipped":0,"pct":1.88},"branches":{"total":483,"covered":2,"skipped":0,"pct":0.41}}
,"/home/mootxed/Projects/personal/KotoKitsu/ui/flashcards/dictionary-helpers.js": {"lines":{"total":24,"covered":23,"skipped":0,"pct":95.83},"functions":{"total":5,"covered":5,"skipped":0,"pct":100},"statements":{"total":27,"covered":24,"skipped":0,"pct":88.88},"branches":{"total":33,"covered":23,"skipped":0,"pct":69.69}}
,"/home/mootxed/Projects/personal/KotoKitsu/ui/flashcards/dictionary-modal.js": {"lines":{"total":213,"covered":185,"skipped":0,"pct":86.85},"functions":{"total":58,"covered":52,"skipped":0,"pct":89.65},"statements":{"total":232,"covered":199,"skipped":0,"pct":85.77},"branches":{"total":245,"covered":196,"skipped":0,"pct":80}}
,"/home/mootxed/Projects/personal/KotoKitsu/ui/flashcards/dictionary.js": {"lines":{"total":188,"covered":164,"skipped":0,"pct":87.23},"functions":{"total":35,"covered":27,"skipped":0,"pct":77.14},"statements":{"total":200,"covered":170,"skipped":0,"pct":85},"branches":{"total":205,"covered":161,"skipped":0,"pct":78.53}}
,"/home/mootxed/Projects/personal/KotoKitsu/ui/flashcards/drawing-mode.js": {"lines":{"total":155,"covered":2,"skipped":0,"pct":1.29},"functions":{"total":13,"covered":1,"skipped":0,"pct":7.69},"statements":{"total":169,"covered":2,"skipped":0,"pct":1.18},"branches":{"total":108,"covered":1,"skipped":0,"pct":0.92}}
,"/home/mootxed/Projects/personal/KotoKitsu/ui/flashcards/mode-selector.js": {"lines":{"total":78,"covered":59,"skipped":0,"pct":75.64},"functions":{"total":24,"covered":19,"skipped":0,"pct":79.16},"statements":{"total":97,"covered":69,"skipped":0,"pct":71.13},"branches":{"total":104,"covered":54,"skipped":0,"pct":51.92}}
,"/home/mootxed/Projects/personal/KotoKitsu/ui/flashcards/review-context-adapters.js": {"lines":{"total":15,"covered":9,"skipped":0,"pct":60},"functions":{"total":6,"covered":4,"skipped":0,"pct":66.66},"statements":{"total":15,"covered":9,"skipped":0,"pct":60},"branches":{"total":134,"covered":48,"skipped":0,"pct":35.82}}
,"/home/mootxed/Projects/personal/KotoKitsu/ui/flashcards/review-fsrs.js": {"lines":{"total":164,"covered":110,"skipped":0,"pct":67.07},"functions":{"total":17,"covered":6,"skipped":0,"pct":35.29},"statements":{"total":183,"covered":113,"skipped":0,"pct":61.74},"branches":{"total":186,"covered":89,"skipped":0,"pct":47.84}}
,"/home/mootxed/Projects/personal/KotoKitsu/ui/flashcards/sensei-review-actions.js": {"lines":{"total":33,"covered":32,"skipped":0,"pct":96.96},"functions":{"total":2,"covered":2,"skipped":0,"pct":100},"statements":{"total":36,"covered":33,"skipped":0,"pct":91.66},"branches":{"total":53,"covered":38,"skipped":0,"pct":71.69}}
,"/home/mootxed/Projects/personal/KotoKitsu/ui/flashcards/sensei-review-panel.js": {"lines":{"total":247,"covered":6,"skipped":0,"pct":2.42},"functions":{"total":29,"covered":2,"skipped":0,"pct":6.89},"statements":{"total":278,"covered":6,"skipped":0,"pct":2.15},"branches":{"total":220,"covered":3,"skipped":0,"pct":1.36}}
,"/home/mootxed/Projects/personal/KotoKitsu/ui/flashcards/session.js": {"lines":{"total":156,"covered":99,"skipped":0,"pct":63.46},"functions":{"total":20,"covered":13,"skipped":0,"pct":65},"statements":{"total":167,"covered":101,"skipped":0,"pct":60.47},"branches":{"total":132,"covered":72,"skipped":0,"pct":54.54}}
,"/home/mootxed/Projects/personal/KotoKitsu/ui/flashcards/state.js": {"lines":{"total":51,"covered":47,"skipped":0,"pct":92.15},"functions":{"total":25,"covered":21,"skipped":0,"pct":84},"statements":{"total":52,"covered":48,"skipped":0,"pct":92.3},"branches":{"total":4,"covered":4,"skipped":0,"pct":100}}
}
