TN:
SF:achievements.js
FN:10,(anonymous_0)
FN:18,(anonymous_1)
FN:26,(anonymous_2)
FN:36,(anonymous_3)
FN:44,(anonymous_4)
FN:52,(anonymous_5)
FN:60,(anonymous_6)
FN:70,(anonymous_7)
FN:78,(anonymous_8)
FN:86,(anonymous_9)
FN:96,(anonymous_10)
FN:104,(anonymous_11)
FN:112,(anonymous_12)
FN:120,(anonymous_13)
FN:120,(anonymous_14)
FN:130,(anonymous_15)
FN:141,(anonymous_16)
FN:152,(anonymous_17)
FN:165,(anonymous_18)
FN:173,(anonymous_19)
FN:181,(anonymous_20)
FN:191,(anonymous_21)
FN:191,(anonymous_22)
FN:199,(anonymous_23)
FN:217,(anonymous_24)
FN:222,isChapterComplete
FN:227,(anonymous_26)
FN:230,completedChapters
FN:231,(anonymous_28)
FN:234,courseLessonIds
FN:241,isEarlyBird
FN:246,(anonymous_31)
FN:248,(anonymous_32)
FN:252,(anonymous_33)
FN:263,(anonymous_34)
FNF:35
FNH:35
FNDA:33,(anonymous_0)
FNDA:32,(anonymous_1)
FNDA:34,(anonymous_2)
FNDA:35,(anonymous_3)
FNDA:35,(anonymous_4)
FNDA:35,(anonymous_5)
FNDA:35,(anonymous_6)
FNDA:34,(anonymous_7)
FNDA:35,(anonymous_8)
FNDA:35,(anonymous_9)
FNDA:35,(anonymous_10)
FNDA:35,(anonymous_11)
FNDA:35,(anonymous_12)
FNDA:35,(anonymous_13)
FNDA:3,(anonymous_14)
FNDA:35,(anonymous_15)
FNDA:35,(anonymous_16)
FNDA:35,(anonymous_17)
FNDA:35,(anonymous_18)
FNDA:35,(anonymous_19)
FNDA:35,(anonymous_20)
FNDA:35,(anonymous_21)
FNDA:1,(anonymous_22)
FNDA:35,(anonymous_23)
FNDA:35,(anonymous_24)
FNDA:54,isChapterComplete
FNDA:123,(anonymous_26)
FNDA:16,completedChapters
FNDA:46,(anonymous_28)
FNDA:121,courseLessonIds
FNDA:35,isEarlyBird
FNDA:1,(anonymous_31)
FNDA:35,(anonymous_32)
FNDA:840,(anonymous_33)
FNDA:5,(anonymous_34)
DA:3,2
DA:10,33
DA:18,32
DA:26,34
DA:36,35
DA:44,35
DA:52,35
DA:60,35
DA:70,34
DA:78,35
DA:86,35
DA:96,35
DA:104,35
DA:112,35
DA:120,35
DA:131,35
DA:132,35
DA:142,35
DA:143,35
DA:153,35
DA:154,35
DA:165,35
DA:173,35
DA:181,35
DA:191,35
DA:199,35
DA:217,35
DA:223,54
DA:224,54
DA:225,54
DA:226,54
DA:227,123
DA:231,46
DA:235,121
DA:236,121
DA:242,35
DA:245,2
DA:246,1
DA:249,35
DA:250,35
DA:252,35
DA:253,840
DA:254,833
DA:255,78
DA:256,78
DA:260,35
DA:264,5
DA:265,5
LF:48
LH:48
BRDA:10,0,0,33
BRDA:10,0,1,33
BRDA:132,1,0,35
BRDA:132,1,1,8
BRDA:143,2,0,35
BRDA:143,2,1,8
BRDA:154,3,0,35
BRDA:154,3,1,8
BRDA:191,4,0,35
BRDA:191,4,1,35
BRDA:199,5,0,35
BRDA:199,5,1,35
BRDA:217,6,0,35
BRDA:217,6,1,35
BRDA:224,7,0,0
BRDA:224,7,1,54
BRDA:224,8,0,54
BRDA:224,8,1,54
BRDA:225,9,0,0
BRDA:225,9,1,54
BRDA:227,10,0,54
BRDA:227,10,1,42
BRDA:236,11,0,0
BRDA:236,11,1,121
BRDA:236,12,0,121
BRDA:236,12,1,0
BRDA:238,13,0,121
BRDA:238,13,1,0
BRDA:242,14,0,35
BRDA:242,14,1,34
BRDA:249,15,0,0
BRDA:249,15,1,35
BRDA:253,16,0,7
BRDA:253,16,1,833
BRDA:254,17,0,78
BRDA:254,17,1,755
BRDA:264,18,0,1
BRDA:264,18,1,4
BRF:38
BRH:32
end_of_record
TN:
SF:app.js
FN:12,startApp
FNF:1
FNH:1
FNDA:1,startApp
DA:13,1
DA:14,1
DA:15,1
DA:17,0
DA:21,1
DA:22,1
DA:23,0
DA:25,1
LF:8
LH:6
BRDA:21,0,0,1
BRDA:21,0,1,0
BRDA:22,1,0,0
BRDA:22,1,1,1
BRF:4
BRH:2
end_of_record
TN:
SF:package.json
FNF:0
FNH:0
DA:1,159
DA:2,159
DA:3,159
DA:4,159
DA:5,159
DA:6,159
DA:7,159
DA:8,159
DA:9,159
DA:10,159
DA:11,159
DA:12,159
LF:12
LH:12
BRF:0
BRH:0
end_of_record
TN:
SF:quests.js
FN:10,getWeekStart
FN:23,todayStr
FN:30,generateQuestId
FN:39,generateDailyQuests
FN:85,generateWeeklyChallenges
FN:111,initializeQuests
FN:128,checkQuestReset
FN:140,(anonymous_7)
FN:152,(anonymous_8)
FN:164,updateQuestProgress
FN:168,(anonymous_10)
FN:179,(anonymous_11)
FN:193,incrementStreakCorrect
FN:199,(anonymous_13)
FN:213,resetStreakCorrect
FN:221,claimQuestReward
FN:225,(anonymous_16)
FN:229,(anonymous_17)
FN:246,getTimeUntilReset
FNF:19
FNH:17
FNDA:79,getWeekStart
FNDA:83,todayStr
FNDA:119,generateQuestId
FNDA:41,generateDailyQuests
FNDA:37,generateWeeklyChallenges
FNDA:37,initializeQuests
FNDA:7,checkQuestReset
FNDA:12,(anonymous_7)
FNDA:2,(anonymous_8)
FNDA:37,updateQuestProgress
FNDA:74,(anonymous_10)
FNDA:37,(anonymous_11)
FNDA:15,incrementStreakCorrect
FNDA:30,(anonymous_13)
FNDA:2,resetStreakCorrect
FNDA:5,claimQuestReward
FNDA:5,(anonymous_16)
FNDA:0,(anonymous_17)
FNDA:0,getTimeUntilReset
DA:11,79
DA:12,79
DA:13,79
DA:14,79
DA:15,79
DA:16,79
DA:17,79
DA:24,83
DA:31,119
DA:40,41
DA:41,41
DA:44,41
DA:45,41
DA:46,41
DA:48,41
DA:62,41
DA:63,41
DA:64,41
DA:66,41
DA:79,41
DA:86,37
DA:87,37
DA:90,37
DA:103,37
DA:112,37
DA:113,35
DA:129,7
DA:130,0
DA:131,0
DA:134,7
DA:135,7
DA:138,7
DA:140,12
DA:141,6
DA:144,6
DA:145,6
DA:146,6
DA:150,7
DA:152,2
DA:153,2
DA:156,2
DA:157,2
DA:165,37
DA:168,37
DA:169,74
DA:170,34
DA:171,34
DA:172,3
DA:173,3
DA:179,37
DA:180,37
DA:181,2
DA:182,2
DA:183,0
DA:184,0
DA:194,15
DA:196,15
DA:199,15
DA:200,30
DA:201,15
DA:202,15
DA:203,1
DA:204,1
DA:214,2
DA:215,2
DA:222,5
DA:225,5
DA:228,5
DA:229,0
DA:232,5
DA:233,2
DA:237,3
DA:240,3
DA:247,0
DA:248,0
DA:249,0
DA:250,0
DA:252,0
DA:253,0
DA:255,0
DA:260,3
LF:81
LH:69
BRDA:13,0,0,0
BRDA:13,0,1,79
BRDA:112,1,0,35
BRDA:112,1,1,2
BRDA:129,2,0,0
BRDA:129,2,1,7
BRDA:138,3,0,6
BRDA:138,3,1,1
BRDA:141,4,0,6
BRDA:141,4,1,6
BRDA:150,5,0,2
BRDA:150,5,1,5
BRDA:153,6,0,2
BRDA:153,6,1,2
BRDA:164,7,0,37
BRDA:165,8,0,0
BRDA:165,8,1,37
BRDA:169,9,0,34
BRDA:169,9,1,40
BRDA:169,10,0,74
BRDA:169,10,1,35
BRDA:171,11,0,3
BRDA:171,11,1,31
BRDA:180,12,0,2
BRDA:180,12,1,35
BRDA:180,13,0,37
BRDA:180,13,1,2
BRDA:182,14,0,0
BRDA:182,14,1,2
BRDA:194,15,0,0
BRDA:194,15,1,15
BRDA:196,16,0,15
BRDA:196,16,1,5
BRDA:200,17,0,15
BRDA:200,17,1,15
BRDA:200,18,0,30
BRDA:200,18,1,15
BRDA:202,19,0,1
BRDA:202,19,1,14
BRDA:214,20,0,0
BRDA:214,20,1,2
BRDA:222,21,0,0
BRDA:222,21,1,5
BRDA:228,22,0,0
BRDA:228,22,1,5
BRDA:232,23,0,2
BRDA:232,23,1,3
BRDA:232,24,0,5
BRDA:232,24,1,5
BRDA:232,24,2,4
BRF:50
BRH:42
end_of_record
TN:
SF:router.js
FN:35,constructor
FN:66,registerRenderHandler
FN:77,navigate
FN:128,(anonymous_3)
FN:139,(anonymous_4)
FN:145,(anonymous_5)
FN:186,(anonymous_6)
FN:198,updateTabIndicator
FN:211,initTabbarListeners
FN:212,(anonymous_9)
FN:235,initHistoryHandler
FN:236,(anonymous_11)
FN:253,initInitialState
FNF:13
FNH:8
FNDA:22,constructor
FNDA:92,registerRenderHandler
FNDA:23,navigate
FNDA:84,(anonymous_3)
FNDA:0,(anonymous_4)
FNDA:0,(anonymous_5)
FNDA:17,(anonymous_6)
FNDA:23,updateTabIndicator
FNDA:4,initTabbarListeners
FNDA:0,(anonymous_9)
FNDA:4,initHistoryHandler
FNDA:0,(anonymous_11)
FNDA:0,initInitialState
DA:13,9
DA:36,22
DA:56,22
DA:57,22
DA:58,22
DA:67,92
DA:78,23
DA:79,23
DA:80,23
DA:81,0
DA:82,0
DA:85,23
DA:87,23
DA:88,10
DA:90,23
DA:91,23
DA:94,23
DA:95,1
DA:96,1
DA:97,1
DA:99,1
DA:101,23
DA:102,1
DA:103,1
DA:104,1
DA:107,23
DA:108,0
DA:109,0
DA:110,0
DA:114,23
DA:115,19
DA:116,19
DA:121,23
DA:122,0
DA:125,23
DA:128,23
DA:129,84
DA:130,84
DA:132,84
DA:135,23
DA:136,23
DA:137,0
DA:139,0
DA:144,23
DA:145,23
DA:146,0
DA:150,23
DA:153,23
DA:154,23
DA:158,23
DA:159,12
DA:160,12
DA:162,1
DA:163,0
DA:169,23
DA:170,3
DA:173,3
DA:177,20
DA:180,20
DA:181,0
DA:186,20
DA:187,17
DA:191,20
DA:192,23
DA:199,23
DA:200,23
DA:202,23
DA:203,0
DA:204,0
DA:212,4
DA:213,0
DA:214,0
DA:215,0
DA:217,0
DA:219,0
DA:222,0
DA:226,0
DA:227,0
DA:236,4
DA:237,0
DA:239,0
DA:242,0
DA:247,4
DA:254,0
DA:255,0
LF:85
LH:59
BRDA:77,0,0,23
BRDA:80,1,0,0
BRDA:80,1,1,23
BRDA:87,2,0,10
BRDA:87,2,1,13
BRDA:94,3,0,1
BRDA:94,3,1,22
BRDA:94,4,0,23
BRDA:94,4,1,2
BRDA:96,5,0,1
BRDA:96,5,1,0
BRDA:96,6,0,1
BRDA:96,6,1,1
BRDA:101,7,0,1
BRDA:101,7,1,22
BRDA:101,8,0,23
BRDA:101,8,1,1
BRDA:103,9,0,1
BRDA:103,9,1,0
BRDA:103,10,0,1
BRDA:103,10,1,1
BRDA:107,11,0,0
BRDA:107,11,1,23
BRDA:107,12,0,23
BRDA:107,12,1,0
BRDA:114,13,0,19
BRDA:114,13,1,4
BRDA:114,14,0,23
BRDA:114,14,1,20
BRDA:116,15,0,0
BRDA:116,15,1,19
BRDA:121,16,0,0
BRDA:121,16,1,23
BRDA:121,17,0,23
BRDA:121,17,1,23
BRDA:136,18,0,0
BRDA:136,18,1,23
BRDA:153,19,0,23
BRDA:153,19,1,0
BRDA:158,20,0,12
BRDA:158,20,1,11
BRDA:162,21,0,0
BRDA:162,21,1,1
BRDA:169,22,0,3
BRDA:169,22,1,20
BRDA:169,23,0,23
BRDA:169,23,1,20
BRDA:180,24,0,0
BRDA:180,24,1,20
BRDA:191,25,0,20
BRDA:191,25,1,1
BRDA:202,26,0,0
BRDA:202,26,1,23
BRDA:202,27,0,23
BRDA:202,27,1,0
BRDA:214,28,0,0
BRDA:214,28,1,0
BRDA:217,29,0,0
BRDA:217,29,1,0
BRDA:222,30,0,0
BRDA:222,30,1,0
BRDA:223,31,0,0
BRDA:223,31,1,0
BRDA:223,31,2,0
BRDA:237,32,0,0
BRDA:237,32,1,0
BRDA:237,33,0,0
BRDA:237,33,1,0
BRF:68
BRH:42
end_of_record
TN:
SF:services.js
FN:12,fetchWithTimeout
FN:17,(anonymous_1)
FN:18,(anonymous_2)
FN:26,(anonymous_3)
FN:49,getSystemPrompt
FN:75,openRouterRequest
FN:97,askSensei
FN:138,generateAIStory
FN:152,(anonymous_8)
FN:260,(anonymous_9)
FN:327,enrichUnknownLexemes
FN:389,resolveAmbiguousToken
FNF:12
FNH:9
FNDA:15,fetchWithTimeout
FNDA:15,(anonymous_1)
FNDA:2,(anonymous_2)
FNDA:1,(anonymous_3)
FNDA:34,getSystemPrompt
FNDA:15,openRouterRequest
FNDA:7,askSensei
FNDA:6,generateAIStory
FNDA:0,(anonymous_8)
FNDA:4,(anonymous_9)
FNDA:0,enrichUnknownLexemes
FNDA:0,resolveAmbiguousToken
DA:9,30
DA:10,30
DA:13,15
DA:14,15
DA:17,15
DA:18,15
DA:19,2
DA:20,2
DA:26,15
DA:27,15
DA:28,1
DA:29,0
DA:31,1
DA:35,15
DA:36,15
DA:40,12
DA:42,15
DA:43,15
DA:44,1
DA:50,34
DA:51,34
DA:67,30
DA:70,30
DA:76,15
DA:98,7
DA:99,7
DA:100,1
DA:103,6
DA:104,6
DA:105,1
DA:107,5
DA:108,1
DA:110,4
DA:111,7
DA:112,7
DA:114,7
DA:122,2
DA:123,0
DA:124,0
DA:126,2
DA:129,2
DA:130,7
DA:131,0
DA:134,2
DA:139,6
DA:140,6
DA:141,0
DA:144,6
DA:145,6
DA:146,0
DA:148,6
DA:149,0
DA:152,6
DA:153,0
DA:154,0
DA:156,0
DA:164,6
DA:216,6
DA:218,6
DA:229,5
DA:230,1
DA:231,1
DA:234,4
DA:235,4
DA:237,6
DA:239,6
DA:240,0
DA:250,4
DA:256,4
DA:259,4
DA:260,4
DA:263,6
DA:283,6
DA:294,4
DA:295,0
DA:296,0
DA:299,4
DA:300,4
DA:302,6
DA:304,6
DA:305,3
DA:306,3
DA:315,1
DA:320,6
DA:321,6
DA:322,6
DA:328,0
DA:329,0
DA:330,0
DA:332,0
DA:333,0
DA:335,0
DA:356,0
DA:367,0
DA:368,0
DA:369,0
DA:372,0
DA:373,0
DA:374,0
DA:378,0
DA:379,0
DA:380,0
DA:381,0
DA:384,0
DA:386,0
DA:390,0
DA:391,0
DA:392,0
DA:394,0
DA:395,0
DA:397,0
DA:399,0
DA:412,0
DA:423,0
DA:424,0
DA:425,0
DA:428,0
DA:429,0
DA:430,0
DA:434,0
DA:435,0
DA:438,30
LF:122
LH:74
BRDA:12,0,0,15
BRDA:12,1,0,15
BRDA:27,2,0,1
BRDA:27,2,1,14
BRDA:28,3,0,0
BRDA:28,3,1,1
BRDA:43,4,0,1
BRDA:43,4,1,14
BRDA:50,5,0,34
BRDA:50,5,1,0
BRDA:93,6,0,15
BRDA:93,6,1,13
BRDA:97,7,0,7
BRDA:98,8,0,7
BRDA:98,8,1,7
BRDA:99,9,0,1
BRDA:99,9,1,6
BRDA:104,10,0,1
BRDA:104,10,1,5
BRDA:107,11,0,1
BRDA:107,11,1,4
BRDA:110,12,0,4
BRDA:110,12,1,4
BRDA:112,13,0,7
BRDA:112,13,1,0
BRDA:122,14,0,0
BRDA:122,14,1,2
BRDA:130,15,0,0
BRDA:130,15,1,7
BRDA:130,16,0,7
BRDA:130,16,1,2
BRDA:138,17,0,6
BRDA:139,18,0,6
BRDA:139,18,1,6
BRDA:140,19,0,0
BRDA:140,19,1,6
BRDA:145,20,0,0
BRDA:145,20,1,6
BRDA:148,21,0,0
BRDA:148,21,1,6
BRDA:152,22,0,6
BRDA:152,22,1,0
BRDA:153,23,0,0
BRDA:153,23,1,0
BRDA:158,24,0,0
BRDA:158,24,1,0
BRDA:158,24,2,0
BRDA:159,25,0,0
BRDA:159,25,1,0
BRDA:159,25,2,0
BRDA:160,26,0,0
BRDA:160,26,1,0
BRDA:207,27,0,0
BRDA:207,27,1,6
BRDA:216,28,0,6
BRDA:216,28,1,0
BRDA:229,29,0,1
BRDA:229,29,1,4
BRDA:239,30,0,0
BRDA:239,30,1,6
BRDA:259,31,0,4
BRDA:259,31,1,0
BRDA:260,32,0,1
BRDA:260,32,1,3
BRDA:264,33,0,6
BRDA:264,33,1,0
BRDA:267,34,0,6
BRDA:267,34,1,0
BRDA:294,35,0,0
BRDA:294,35,1,4
BRDA:304,36,0,3
BRDA:304,36,1,3
BRDA:316,37,0,1
BRDA:316,37,1,0
BRDA:327,38,0,0
BRDA:327,39,0,0
BRDA:328,40,0,0
BRDA:328,40,1,0
BRDA:329,41,0,0
BRDA:329,41,1,0
BRDA:333,42,0,0
BRDA:333,42,1,0
BRDA:367,43,0,0
BRDA:367,43,1,0
BRDA:373,44,0,0
BRDA:373,44,1,0
BRDA:380,45,0,0
BRDA:380,45,1,0
BRDA:380,46,0,0
BRDA:380,46,1,0
BRDA:389,47,0,0
BRDA:389,48,0,0
BRDA:390,49,0,0
BRDA:390,49,1,0
BRDA:391,50,0,0
BRDA:391,50,1,0
BRDA:395,51,0,0
BRDA:395,51,1,0
BRDA:423,52,0,0
BRDA:423,52,1,0
BRDA:429,53,0,0
BRDA:429,53,1,0
BRF:102
BRH:47
end_of_record
TN:
SF:session-manager.js
FN:11,saveSessionToDB
FN:15,(anonymous_1)
FN:16,(anonymous_2)
FN:38,loadSessionFromDB
FN:58,normalizeSessionCourseReferences
FN:81,(anonymous_5)
FN:105,clearSessionFromDB
FN:111,(anonymous_7)
FN:112,(anonymous_8)
FN:124,validateSessionRecord
FN:139,constructor
FN:155,(anonymous_11)
FN:185,getNextCard
FN:187,(anonymous_13)
FN:208,getCardState
FN:209,(anonymous_15)
FN:223,createSnapshot
FN:225,(anonymous_17)
FN:239,restoreSnapshot
FN:242,(anonymous_19)
FN:269,answerCard
FN:271,(anonymous_21)
FN:355,skipCard
FN:356,(anonymous_23)
FN:372,completeSupplementalPractice
FN:373,(anonymous_25)
FN:399,_moveCardBack
FN:410,(anonymous_27)
FN:447,isSessionComplete
FN:448,(anonymous_29)
FN:455,getStats
FN:467,getProgress
FN:472,toSerializableState
FN:474,(anonymous_33)
FN:488,restoreFromSerializableState
FN:493,(anonymous_35)
FN:545,(anonymous_36)
FN:546,(anonymous_37)
FN:548,(anonymous_38)
FN:550,(anonymous_39)
FN:552,(anonymous_40)
FNF:41
FNH:39
FNDA:11,saveSessionToDB
FNDA:0,(anonymous_1)
FNDA:9,(anonymous_2)
FNDA:12,loadSessionFromDB
FNDA:6,normalizeSessionCourseReferences
FNDA:100,(anonymous_5)
FNDA:5,clearSessionFromDB
FNDA:0,(anonymous_7)
FNDA:5,(anonymous_8)
FNDA:8,validateSessionRecord
FNDA:57,constructor
FNDA:290,(anonymous_11)
FNDA:61,getNextCard
FNDA:901,(anonymous_13)
FNDA:6,getCardState
FNDA:31,(anonymous_15)
FNDA:1,createSnapshot
FNDA:3,(anonymous_17)
FNDA:1,restoreSnapshot
FNDA:3,(anonymous_19)
FNDA:117,answerCard
FNDA:922,(anonymous_21)
FNDA:11,skipCard
FNDA:18,(anonymous_23)
FNDA:1,completeSupplementalPractice
FNDA:1,(anonymous_25)
FNDA:24,_moveCardBack
FNDA:157,(anonymous_27)
FNDA:14,isSessionComplete
FNDA:47,(anonymous_29)
FNDA:15,getStats
FNDA:10,getProgress
FNDA:13,toSerializableState
FNDA:96,(anonymous_33)
FNDA:7,restoreFromSerializableState
FNDA:5,(anonymous_35)
FNDA:33,(anonymous_36)
FNDA:33,(anonymous_37)
FNDA:33,(anonymous_38)
FNDA:33,(anonymous_39)
FNDA:33,(anonymous_40)
DA:8,23
DA:9,23
DA:12,11
DA:13,9
DA:14,9
DA:15,0
DA:17,9
DA:18,2
DA:20,7
DA:21,7
DA:26,7
DA:27,7
DA:28,0
DA:29,0
DA:32,0
DA:35,9
DA:39,12
DA:40,12
DA:41,12
DA:42,12
DA:43,6
DA:44,6
DA:45,6
DA:47,0
DA:51,0
DA:53,0
DA:54,0
DA:59,6
DA:61,6
DA:64,6
DA:65,6
DA:66,0
DA:68,6
DA:69,5
DA:72,6
DA:73,34
DA:74,34
DA:75,0
DA:76,0
DA:77,0
DA:81,6
DA:82,100
DA:83,100
DA:84,100
DA:85,100
DA:87,100
DA:89,6
DA:90,4
DA:91,4
DA:92,4
DA:93,4
DA:94,0
DA:96,4
DA:99,6
DA:100,2
DA:102,6
DA:106,5
DA:107,5
DA:108,5
DA:110,5
DA:111,0
DA:113,5
DA:114,5
DA:115,5
DA:117,0
DA:121,5
DA:125,8
DA:126,8
DA:146,57
DA:149,57
DA:150,57
DA:151,57
DA:152,57
DA:155,290
DA:164,57
DA:174,57
DA:178,57
DA:187,901
DA:189,61
DA:190,5
DA:194,56
DA:195,56
DA:209,31
DA:210,6
DA:211,4
DA:213,2
DA:224,1
DA:225,3
DA:240,1
DA:242,3
DA:243,1
DA:245,1
DA:246,3
DA:247,3
DA:248,3
DA:257,1
DA:258,1
DA:259,1
DA:271,922
DA:273,117
DA:274,0
DA:275,0
DA:278,117
DA:281,117
DA:282,117
DA:285,117
DA:287,101
DA:288,101
DA:289,47
DA:290,25
DA:291,22
DA:292,1
DA:294,21
DA:298,101
DA:300,101
DA:302,101
DA:304,13
DA:305,13
DA:308,13
DA:311,13
DA:312,2
DA:316,88
DA:317,88
DA:318,88
DA:319,88
DA:322,88
DA:323,1
DA:327,101
DA:331,16
DA:333,11
DA:334,11
DA:337,11
DA:338,0
DA:343,5
DA:344,5
DA:345,5
DA:351,16
DA:356,18
DA:357,11
DA:358,9
DA:359,9
DA:360,9
DA:361,9
DA:362,9
DA:363,11
DA:364,11
DA:373,1
DA:374,1
DA:376,1
DA:377,1
DA:378,1
DA:380,1
DA:381,1
DA:382,1
DA:383,1
DA:385,0
DA:388,1
DA:389,1
DA:390,1
DA:400,24
DA:403,24
DA:407,24
DA:410,157
DA:413,24
DA:417,24
DA:422,24
DA:424,1
DA:425,1
DA:426,2
DA:427,0
DA:428,0
DA:432,1
DA:434,23
DA:437,24
DA:440,24
DA:448,47
DA:456,15
DA:457,15
DA:458,15
DA:459,15
DA:460,15
DA:468,10
DA:469,9
DA:473,13
DA:474,96
DA:489,7
DA:491,7
DA:492,2
DA:493,2
DA:494,5
DA:495,5
DA:497,2
DA:500,7
DA:502,7
DA:503,35
DA:505,35
DA:506,35
DA:507,0
DA:514,35
DA:516,35
DA:517,35
DA:518,33
DA:522,35
DA:524,2
DA:527,33
DA:537,7
DA:538,1
DA:541,6
DA:542,6
DA:544,7
DA:545,33
DA:546,33
DA:547,7
DA:548,33
DA:549,7
DA:550,33
DA:552,33
DA:554,7
DA:564,7
LF:219
LH:197
BRDA:12,0,0,2
BRDA:12,0,1,9
BRDA:17,1,0,2
BRDA:17,1,1,7
BRDA:26,2,0,7
BRDA:26,2,1,0
BRDA:28,3,0,0
BRDA:28,3,1,0
BRDA:39,4,0,0
BRDA:39,4,1,12
BRDA:39,5,0,12
BRDA:39,5,1,12
BRDA:42,6,0,6
BRDA:42,6,1,6
BRDA:42,7,0,12
BRDA:42,7,1,6
BRDA:44,8,0,6
BRDA:44,8,1,0
BRDA:59,9,0,0
BRDA:59,9,1,6
BRDA:59,10,0,6
BRDA:59,10,1,6
BRDA:61,11,0,6
BRDA:61,11,1,0
BRDA:64,12,0,0
BRDA:64,12,1,6
BRDA:65,13,0,0
BRDA:65,13,1,6
BRDA:68,14,0,5
BRDA:68,14,1,1
BRDA:72,15,0,6
BRDA:72,15,1,0
BRDA:73,16,0,34
BRDA:73,16,1,0
BRDA:74,17,0,0
BRDA:74,17,1,34
BRDA:76,18,0,0
BRDA:76,18,1,0
BRDA:82,19,0,0
BRDA:82,19,1,100
BRDA:83,20,0,100
BRDA:83,20,1,0
BRDA:83,21,0,100
BRDA:83,21,1,100
BRDA:84,22,0,100
BRDA:84,22,1,0
BRDA:85,23,0,0
BRDA:85,23,1,100
BRDA:89,24,0,6
BRDA:89,24,1,4
BRDA:90,25,0,4
BRDA:90,25,1,0
BRDA:90,25,2,0
BRDA:91,26,0,0
BRDA:91,26,1,4
BRDA:93,27,0,0
BRDA:93,27,1,4
BRDA:99,28,0,2
BRDA:99,28,1,4
BRDA:108,29,0,0
BRDA:108,29,1,5
BRDA:113,30,0,0
BRDA:113,30,1,5
BRDA:139,31,0,57
BRDA:142,32,0,57
BRDA:143,33,0,57
BRDA:144,34,0,57
BRDA:145,35,0,57
BRDA:157,36,0,290
BRDA:157,36,1,195
BRDA:189,37,0,5
BRDA:189,37,1,56
BRDA:209,38,0,31
BRDA:209,38,1,5
BRDA:210,39,0,4
BRDA:210,39,1,2
BRDA:240,40,0,0
BRDA:240,40,1,1
BRDA:240,41,0,1
BRDA:240,41,1,1
BRDA:247,42,0,0
BRDA:247,42,1,3
BRDA:269,43,0,117
BRDA:271,44,0,922
BRDA:271,44,1,117
BRDA:273,45,0,0
BRDA:273,45,1,117
BRDA:285,46,0,101
BRDA:285,46,1,16
BRDA:288,47,0,47
BRDA:288,47,1,54
BRDA:288,48,0,101
BRDA:288,48,1,49
BRDA:289,49,0,25
BRDA:289,49,1,22
BRDA:290,50,0,25
BRDA:290,50,1,25
BRDA:291,51,0,1
BRDA:291,51,1,21
BRDA:302,52,0,13
BRDA:302,52,1,88
BRDA:311,53,0,2
BRDA:311,53,1,11
BRDA:311,54,0,13
BRDA:311,54,1,13
BRDA:322,55,0,1
BRDA:322,55,1,87
BRDA:322,56,0,88
BRDA:322,56,1,13
BRDA:331,57,0,11
BRDA:331,57,1,5
BRDA:337,58,0,0
BRDA:337,58,1,11
BRDA:337,59,0,11
BRDA:337,59,1,11
BRDA:356,60,0,18
BRDA:356,60,1,10
BRDA:357,61,0,2
BRDA:357,61,1,9
BRDA:362,62,0,9
BRDA:362,62,1,8
BRDA:372,63,0,1
BRDA:372,64,0,1
BRDA:373,65,0,1
BRDA:373,65,1,1
BRDA:374,66,0,0
BRDA:374,66,1,1
BRDA:380,67,0,1
BRDA:380,67,1,0
BRDA:382,68,0,1
BRDA:382,68,1,0
BRDA:403,69,0,24
BRDA:403,69,1,0
BRDA:422,70,0,1
BRDA:422,70,1,23
BRDA:426,71,0,0
BRDA:426,71,1,2
BRDA:432,72,0,0
BRDA:432,72,1,1
BRDA:456,73,0,15
BRDA:456,73,1,6
BRDA:459,74,0,9
BRDA:459,74,1,6
BRDA:468,75,0,1
BRDA:468,75,1,9
BRDA:475,76,0,96
BRDA:475,76,1,0
BRDA:476,77,0,96
BRDA:476,77,1,0
BRDA:488,78,0,7
BRDA:489,79,0,0
BRDA:489,79,1,7
BRDA:489,80,0,7
BRDA:489,80,1,7
BRDA:491,81,0,2
BRDA:491,81,1,5
BRDA:491,82,0,7
BRDA:491,82,1,2
BRDA:491,82,2,2
BRDA:494,83,0,5
BRDA:494,83,1,0
BRDA:495,84,0,5
BRDA:495,84,1,0
BRDA:495,85,0,5
BRDA:495,85,1,5
BRDA:503,86,0,35
BRDA:503,86,1,0
BRDA:505,87,0,0
BRDA:505,87,1,35
BRDA:505,88,0,35
BRDA:505,88,1,0
BRDA:506,89,0,0
BRDA:506,89,1,35
BRDA:510,90,0,0
BRDA:510,90,1,0
BRDA:514,91,0,35
BRDA:514,91,1,0
BRDA:514,92,0,35
BRDA:514,92,1,35
BRDA:516,93,0,30
BRDA:516,93,1,5
BRDA:517,94,0,33
BRDA:517,94,1,2
BRDA:522,95,0,2
BRDA:522,95,1,33
BRDA:529,96,0,33
BRDA:529,96,1,13
BRDA:530,97,0,35
BRDA:530,97,1,33
BRDA:537,98,0,1
BRDA:537,98,1,6
BRDA:542,99,0,6
BRDA:542,99,1,6
BRDA:550,100,0,33
BRDA:550,100,1,5
BRDA:550,100,2,5
BRF:196
BRH:150
end_of_record
TN:
SF:srs.js
FN:37,mapQualityToFSRS
FN:47,setReviewLogger
FN:54,emitReviewLog
FN:58,(anonymous_3)
FN:67,compactFsrsReviewLog
FN:102,qualityFromMistakes
FN:116,qualityFromDrawingMistakes
FN:127,finiteNumber
FN:131,timestamp
FN:141,serializeCard
FN:171,newCard
FN:198,hydrate
FN:214,createEventId
FN:219,replaceCard
FN:226,applyReview
FN:287,review
FN:292,getRetrievability
FN:307,isDue
FN:332,migrateSM2ToFSRS
FNF:19
FNH:18
FNDA:134,mapQualityToFSRS
FNDA:66,setReviewLogger
FNDA:125,emitReviewLog
FNDA:0,(anonymous_3)
FNDA:125,compactFsrsReviewLog
FNDA:7,qualityFromMistakes
FNDA:9,qualityFromDrawingMistakes
FNDA:3054,finiteNumber
FNDA:1255,timestamp
FNDA:576,serializeCard
FNDA:4365,newCard
FNDA:135,hydrate
FNDA:125,createEventId
FNDA:170,replaceCard
FNDA:130,applyReview
FNDA:91,review
FNDA:8,getRetrievability
FNDA:302,isDue
FNDA:45,migrateSM2ToFSRS
DA:8,113
DA:12,113
DA:21,113
DA:23,113
DA:30,113
DA:38,134
DA:39,129
DA:41,5
DA:48,66
DA:49,0
DA:51,66
DA:55,125
DA:57,3
DA:58,3
DA:59,0
DA:62,1
DA:63,1
DA:68,125
DA:103,7
DA:104,0
DA:107,7
DA:111,4
DA:117,9
DA:118,0
DA:121,9
DA:122,7
DA:123,5
DA:124,2
DA:128,3054
DA:132,1255
DA:133,755
DA:134,1255
DA:142,576
DA:143,576
DA:144,576
DA:145,576
DA:166,576
DA:167,576
DA:172,4365
DA:173,4365
DA:174,4365
DA:199,135
DA:200,135
DA:215,125
DA:216,0
DA:220,2088
DA:221,170
DA:222,170
DA:227,130
DA:228,130
DA:229,130
DA:230,130
DA:231,130
DA:232,130
DA:241,130
DA:242,0
DA:243,0
DA:246,125
DA:247,125
DA:250,125
DA:251,130
DA:252,130
DA:253,130
DA:276,130
DA:277,130
DA:278,130
DA:279,130
DA:288,91
DA:289,91
DA:293,8
DA:294,8
DA:295,1
DA:296,7
DA:297,7
DA:298,7
DA:299,7
DA:301,7
DA:303,0
DA:308,302
DA:310,302
DA:316,302
DA:323,302
DA:333,45
DA:334,45
DA:335,20
DA:338,25
DA:339,45
DA:340,45
DA:343,45
DA:344,45
DA:347,45
DA:349,45
DA:350,45
DA:351,45
DA:352,45
DA:353,45
DA:354,45
DA:355,45
DA:356,45
DA:359,45
DA:360,45
DA:363,25
DA:364,25
DA:366,25
DA:369,113
LF:105
LH:97
BRDA:38,0,0,129
BRDA:38,0,1,5
BRDA:38,1,0,134
BRDA:38,1,1,133
BRDA:48,2,0,0
BRDA:48,2,1,66
BRDA:48,3,0,66
BRDA:48,3,1,4
BRDA:55,4,0,122
BRDA:55,4,1,3
BRDA:103,5,0,0
BRDA:103,5,1,7
BRDA:103,6,0,7
BRDA:103,6,1,7
BRDA:107,7,0,3
BRDA:107,7,1,4
BRDA:116,8,0,9
BRDA:116,9,0,9
BRDA:117,10,0,0
BRDA:117,10,1,9
BRDA:117,11,0,9
BRDA:117,11,1,9
BRDA:121,12,0,2
BRDA:121,12,1,7
BRDA:121,13,0,9
BRDA:121,13,1,8
BRDA:122,14,0,2
BRDA:122,14,1,5
BRDA:123,15,0,3
BRDA:123,15,1,2
BRDA:127,16,0,3054
BRDA:128,17,0,2938
BRDA:128,17,1,116
BRDA:132,18,0,500
BRDA:132,18,1,755
BRDA:133,19,0,7
BRDA:133,19,1,748
BRDA:134,20,0,717
BRDA:134,20,1,38
BRDA:141,21,0,576
BRDA:142,22,0,0
BRDA:142,22,1,576
BRDA:142,23,0,576
BRDA:142,23,1,576
BRDA:147,24,0,576
BRDA:147,24,1,0
BRDA:150,25,0,576
BRDA:150,25,1,0
BRDA:157,26,0,541
BRDA:157,26,1,35
BRDA:157,27,0,576
BRDA:157,27,1,541
BRDA:158,28,0,575
BRDA:158,28,1,1
BRDA:158,29,0,576
BRDA:158,29,1,575
BRDA:159,30,0,548
BRDA:159,30,1,28
BRDA:159,31,0,576
BRDA:159,31,1,548
BRDA:160,32,0,576
BRDA:160,32,1,0
BRDA:162,33,0,172
BRDA:162,33,1,404
BRDA:162,34,0,576
BRDA:162,34,1,174
BRDA:164,35,0,404
BRDA:164,35,1,2
BRDA:171,36,0,4365
BRDA:178,37,0,4365
BRDA:178,37,1,0
BRDA:179,38,0,4365
BRDA:179,38,1,0
BRDA:210,39,0,66
BRDA:210,39,1,69
BRDA:214,40,0,125
BRDA:215,41,0,125
BRDA:215,41,1,0
BRDA:226,42,0,130
BRDA:227,43,0,8
BRDA:227,43,1,122
BRDA:237,44,0,130
BRDA:237,44,1,0
BRDA:241,45,0,0
BRDA:241,45,1,130
BRDA:250,46,0,12
BRDA:250,46,1,113
BRDA:250,47,0,125
BRDA:250,47,1,12
BRDA:252,48,0,130
BRDA:252,48,1,115
BRDA:254,49,0,130
BRDA:254,49,1,125
BRDA:259,50,0,16
BRDA:259,50,1,109
BRDA:259,51,0,130
BRDA:259,51,1,16
BRDA:261,52,0,130
BRDA:261,52,1,114
BRDA:261,52,2,99
BRDA:261,52,3,99
BRDA:265,53,0,10
BRDA:265,53,1,115
BRDA:265,54,0,130
BRDA:265,54,1,10
BRDA:287,55,0,91
BRDA:292,56,0,8
BRDA:294,57,0,1
BRDA:294,57,1,7
BRDA:294,58,0,8
BRDA:294,58,1,8
BRDA:294,58,2,7
BRDA:298,59,0,7
BRDA:298,59,1,0
BRDA:298,60,0,7
BRDA:298,60,1,0
BRDA:299,61,0,7
BRDA:299,61,1,0
BRDA:308,62,0,0
BRDA:308,62,1,302
BRDA:308,63,0,302
BRDA:308,63,1,302
BRDA:310,64,0,0
BRDA:310,64,1,302
BRDA:312,65,0,283
BRDA:312,65,1,19
BRDA:316,66,0,0
BRDA:316,66,1,302
BRDA:318,67,0,301
BRDA:318,67,1,1
BRDA:320,68,0,0
BRDA:320,68,1,1
BRDA:323,69,0,302
BRDA:323,69,1,0
BRDA:323,70,0,302
BRDA:323,70,1,302
BRDA:333,71,0,0
BRDA:333,71,1,45
BRDA:333,72,0,45
BRDA:333,72,1,45
BRDA:334,73,0,20
BRDA:334,73,1,25
BRDA:334,74,0,45
BRDA:334,74,1,20
BRDA:338,75,0,16
BRDA:338,75,1,9
BRDA:339,76,0,17
BRDA:339,76,1,8
BRDA:340,77,0,25
BRDA:340,77,1,0
BRDA:347,78,0,16
BRDA:347,78,1,9
BRDA:356,79,0,9
BRDA:356,79,1,16
BRDA:360,80,0,13
BRDA:360,80,1,32
BRF:156
BRH:134
end_of_record
TN:
SF:studyplan.js
FN:40,normalizedWeekdays
FN:42,(anonymous_1)
FN:43,(anonymous_2)
FN:46,calculateChapterWeight
FN:70,getStudyDaysInRange
FN:82,getStudyDateKeys
FN:95,distributeProportionally
FN:98,(anonymous_7)
FN:101,(anonymous_8)
FN:102,(anonymous_9)
FN:104,(anonymous_10)
FN:105,(anonymous_11)
FN:107,(anonymous_12)
FN:108,(anonymous_13)
FN:110,(anonymous_14)
FN:111,(anonymous_15)
FN:119,buildSegments
FN:123,(anonymous_17)
FN:156,expiredDeadlineResult
FN:158,(anonymous_19)
FN:158,(anonymous_20)
FN:193,generatePlan
FN:210,(anonymous_22)
FN:212,(anonymous_23)
FN:212,(anonymous_24)
FN:262,(anonymous_25)
FN:296,segmentDates
FN:302,normalizePlan
FN:305,(anonymous_28)
FN:308,(anonymous_29)
FN:336,(anonymous_30)
FN:351,recalculateFuturePlan
FN:364,(anonymous_32)
FN:367,(anonymous_33)
FN:367,(anonymous_34)
FN:379,(anonymous_35)
FN:407,(anonymous_36)
FN:409,(anonymous_37)
FN:424,(anonymous_38)
FN:427,(anonymous_39)
FN:437,(anonymous_40)
FN:449,(anonymous_41)
FN:461,(anonymous_42)
FN:467,(anonymous_43)
FN:468,(anonymous_44)
FN:483,recalcPlan
FN:487,markDateStatus
FN:492,(anonymous_47)
FN:501,getDateStatus
FN:506,(anonymous_49)
FN:517,(anonymous_50)
FN:524,(anonymous_51)
FN:534,chapterMastery
FN:536,(anonymous_53)
FN:543,(anonymous_54)
FN:544,(anonymous_55)
FN:546,(anonymous_56)
FN:547,(anonymous_57)
FN:549,(anonymous_58)
FN:550,(anonymous_59)
FN:555,(anonymous_60)
FN:557,(anonymous_61)
FN:562,(anonymous_62)
FN:574,(anonymous_63)
FN:583,(anonymous_64)
FN:585,(anonymous_65)
FN:586,(anonymous_66)
FN:590,getDailyPlanContext
FN:599,(anonymous_68)
FN:601,(anonymous_69)
FN:605,(anonymous_70)
FN:610,(anonymous_71)
FN:644,getHeuristicAdvice
FN:684,calculateRequiredChapterMinutes
FN:703,getPlanDateAvailability
FN:719,(anonymous_75)
FN:721,(anonymous_76)
FN:745,getAllPlanStudyDates
FN:748,(anonymous_78)
FN:753,eventOccurredOnDate
FN:760,hasConfirmedPlanActivity
FN:763,(anonymous_81)
FN:766,(anonymous_82)
FN:769,(anonymous_83)
FN:773,(anonymous_84)
FN:779,mergeUpdatedPlanWithHistory
FN:785,(anonymous_86)
FN:786,(anonymous_87)
FN:804,(anonymous_88)
FN:830,(anonymous_89)
FN:837,(anonymous_90)
FN:848,(anonymous_91)
FN:848,(anonymous_92)
FN:853,(anonymous_93)
FN:853,(anonymous_94)
FN:888,(anonymous_95)
FN:891,(anonymous_96)
FN:898,(anonymous_97)
FN:903,(anonymous_98)
FN:941,(anonymous_99)
FNF:100
FNH:87
FNDA:161,normalizedWeekdays
FNDA:952,(anonymous_1)
FNDA:813,(anonymous_2)
FNDA:104,calculateChapterWeight
FNDA:22,getStudyDaysInRange
FNDA:33,getStudyDateKeys
FNDA:36,distributeProportionally
FNDA:0,(anonymous_7)
FNDA:102,(anonymous_8)
FNDA:102,(anonymous_9)
FNDA:102,(anonymous_10)
FNDA:102,(anonymous_11)
FNDA:102,(anonymous_12)
FNDA:102,(anonymous_13)
FNDA:102,(anonymous_14)
FNDA:110,(anonymous_15)
FNDA:36,buildSegments
FNDA:102,(anonymous_17)
FNDA:1,expiredDeadlineResult
FNDA:3,(anonymous_19)
FNDA:0,(anonymous_20)
FNDA:32,generatePlan
FNDA:9,(anonymous_22)
FNDA:103,(anonymous_23)
FNDA:28,(anonymous_24)
FNDA:3,(anonymous_25)
FNDA:93,segmentDates
FNDA:1,normalizePlan
FNDA:1,(anonymous_28)
FNDA:1,(anonymous_29)
FNDA:0,(anonymous_30)
FNDA:9,recalculateFuturePlan
FNDA:7,(anonymous_32)
FNDA:20,(anonymous_33)
FNDA:18,(anonymous_34)
FNDA:452,(anonymous_35)
FNDA:13,(anonymous_36)
FNDA:0,(anonymous_37)
FNDA:14,(anonymous_38)
FNDA:1,(anonymous_39)
FNDA:33,(anonymous_40)
FNDA:1,(anonymous_41)
FNDA:14,(anonymous_42)
FNDA:7,(anonymous_43)
FNDA:9,(anonymous_44)
FNDA:7,recalcPlan
FNDA:2,markDateStatus
FNDA:2,(anonymous_47)
FNDA:7,getDateStatus
FNDA:7,(anonymous_49)
FNDA:2,(anonymous_50)
FNDA:1,(anonymous_51)
FNDA:2,chapterMastery
FNDA:4,(anonymous_53)
FNDA:1,(anonymous_54)
FNDA:1,(anonymous_55)
FNDA:1,(anonymous_56)
FNDA:0,(anonymous_57)
FNDA:2,(anonymous_58)
FNDA:0,(anonymous_59)
FNDA:1,(anonymous_60)
FNDA:0,(anonymous_61)
FNDA:0,(anonymous_62)
FNDA:0,(anonymous_63)
FNDA:1,(anonymous_64)
FNDA:1,(anonymous_65)
FNDA:1,(anonymous_66)
FNDA:2,getDailyPlanContext
FNDA:2,(anonymous_68)
FNDA:1,(anonymous_69)
FNDA:1,(anonymous_70)
FNDA:1,(anonymous_71)
FNDA:6,getHeuristicAdvice
FNDA:3,calculateRequiredChapterMinutes
FNDA:82,getPlanDateAvailability
FNDA:69,(anonymous_75)
FNDA:0,(anonymous_76)
FNDA:4,getAllPlanStudyDates
FNDA:2,(anonymous_78)
FNDA:1,eventOccurredOnDate
FNDA:16,hasConfirmedPlanActivity
FNDA:23,(anonymous_81)
FNDA:1,(anonymous_82)
FNDA:0,(anonymous_83)
FNDA:0,(anonymous_84)
FNDA:8,mergeUpdatedPlanWithHistory
FNDA:36,(anonymous_86)
FNDA:18,(anonymous_87)
FNDA:2,(anonymous_88)
FNDA:9,(anonymous_89)
FNDA:9,(anonymous_90)
FNDA:2,(anonymous_91)
FNDA:2,(anonymous_92)
FNDA:7,(anonymous_93)
FNDA:7,(anonymous_94)
FNDA:8,(anonymous_95)
FNDA:1,(anonymous_96)
FNDA:5,(anonymous_97)
FNDA:2,(anonymous_98)
FNDA:0,(anonymous_99)
DA:21,61
DA:22,61
DA:23,61
DA:24,61
DA:25,61
DA:26,61
DA:35,61
DA:41,161
DA:42,952
DA:43,813
DA:47,104
DA:48,15
DA:49,15
DA:52,89
DA:55,104
DA:63,104
DA:64,104
DA:65,104
DA:66,104
DA:67,104
DA:71,22
DA:72,22
DA:73,22
DA:74,22
DA:75,22
DA:76,1117
DA:77,1117
DA:79,22
DA:83,33
DA:84,33
DA:85,33
DA:86,33
DA:87,33
DA:88,33
DA:89,756
DA:90,756
DA:92,33
DA:96,36
DA:97,36
DA:98,0
DA:101,102
DA:102,102
DA:103,36
DA:104,102
DA:105,102
DA:106,36
DA:107,102
DA:108,102
DA:109,36
DA:110,102
DA:111,110
DA:112,36
DA:113,46
DA:114,46
DA:116,36
DA:120,36
DA:121,36
DA:122,36
DA:123,36
DA:124,102
DA:125,102
DA:126,102
DA:131,102
DA:157,1
DA:158,3
DA:160,1
DA:161,1
DA:194,32
DA:195,32
DA:196,32
DA:198,32
DA:199,32
DA:201,0
DA:203,32
DA:204,0
DA:206,32
DA:207,1
DA:210,31
DA:211,31
DA:212,103
DA:214,32
DA:215,1
DA:219,30
DA:220,13
DA:221,13
DA:223,0
DA:225,13
DA:226,0
DA:233,13
DA:235,17
DA:236,17
DA:237,0
DA:239,17
DA:240,17
DA:243,30
DA:244,30
DA:245,1
DA:251,29
DA:252,0
DA:259,29
DA:260,32
DA:261,1
DA:262,3
DA:265,1
DA:270,1
DA:271,1
DA:281,28
DA:282,28
DA:297,93
DA:298,1
DA:299,1
DA:303,1
DA:304,1
DA:305,1
DA:306,1
DA:307,1
DA:308,1
DA:313,1
DA:329,1
DA:336,0
DA:357,9
DA:358,9
DA:359,1
DA:362,8
DA:363,8
DA:364,7
DA:366,8
DA:367,20
DA:369,9
DA:370,9
DA:376,9
DA:377,14
DA:378,14
DA:379,452
DA:381,14
DA:382,6
DA:392,8
DA:393,9
DA:397,9
DA:398,0
DA:406,8
DA:408,13
DA:409,0
DA:411,13
DA:418,8
DA:421,9
DA:422,9
DA:423,13
DA:425,14
DA:427,1
DA:429,13
DA:430,2
DA:431,2
DA:432,2
DA:433,2
DA:434,2
DA:435,2
DA:437,33
DA:441,2
DA:443,11
DA:447,8
DA:448,9
DA:449,9
DA:450,8
DA:460,8
DA:462,14
DA:468,9
DA:471,9
DA:484,7
DA:488,2
DA:489,2
DA:490,0
DA:492,2
DA:493,2
DA:495,2
DA:496,2
DA:497,2
DA:498,2
DA:506,7
DA:507,7
DA:509,7
DA:511,7
DA:512,7
DA:516,6
DA:518,2
DA:523,6
DA:525,1
DA:527,6
DA:528,5
DA:529,5
DA:530,2
DA:531,0
DA:535,2
DA:536,2
DA:537,4
DA:541,2
DA:543,1
DA:544,1
DA:546,1
DA:547,0
DA:549,2
DA:550,0
DA:552,2
DA:554,1
DA:556,1
DA:557,0
DA:559,1
DA:560,1
DA:562,0
DA:566,1
DA:567,1
DA:574,0
DA:577,0
DA:581,1
DA:582,1
DA:583,1
DA:585,1
DA:586,1
DA:597,2
DA:598,2
DA:599,2
DA:601,2
DA:602,2
DA:606,1
DA:610,1
DA:613,2
DA:623,2
DA:624,2
DA:625,2
DA:626,2
DA:628,2
DA:629,2
DA:645,6
DA:646,6
DA:648,6
DA:649,6
DA:650,6
DA:651,6
DA:652,6
DA:653,6
DA:654,6
DA:655,6
DA:656,2
DA:657,2
DA:658,2
DA:659,2
DA:660,2
DA:661,4
DA:662,1
DA:663,1
DA:664,1
DA:665,1
DA:666,1
DA:668,6
DA:669,2
DA:670,2
DA:671,2
DA:673,6
DA:685,3
DA:688,3
DA:696,3
DA:700,3
DA:704,82
DA:705,9
DA:708,73
DA:709,2
DA:712,71
DA:713,71
DA:714,0
DA:716,71
DA:718,82
DA:720,69
DA:721,0
DA:723,82
DA:724,2
DA:727,69
DA:728,69
DA:729,2
DA:732,67
DA:733,82
DA:734,3
DA:737,64
DA:738,64
DA:739,0
DA:742,64
DA:746,4
DA:748,2
DA:754,1
DA:755,1
DA:756,1
DA:757,1
DA:762,16
DA:763,23
DA:764,16
DA:766,15
DA:767,1
DA:769,14
DA:770,0
DA:773,14
DA:774,0
DA:775,0
DA:780,8
DA:781,8
DA:783,8
DA:784,8
DA:785,36
DA:786,18
DA:788,8
DA:789,8
DA:790,1
DA:792,8
DA:793,2
DA:794,1
DA:798,8
DA:804,2
DA:808,8
DA:809,8
DA:810,5
DA:811,4
DA:812,4
DA:817,8
DA:818,8
DA:819,5
DA:820,1
DA:821,1
DA:830,8
DA:834,9
DA:837,8
DA:838,9
DA:839,7
DA:843,9
DA:847,8
DA:848,2
DA:852,8
DA:853,7
DA:860,8
DA:861,8
DA:863,8
DA:864,8
DA:866,0
DA:867,0
DA:868,0
DA:870,0
DA:873,8
DA:875,1
DA:878,7
DA:879,7
DA:881,7
DA:882,7
DA:883,7
DA:886,7
DA:888,8
DA:891,1
DA:896,7
DA:899,5
DA:903,2
DA:907,7
DA:918,7
DA:921,0
DA:922,0
DA:928,8
DA:929,7
DA:930,7
DA:932,0
DA:933,0
DA:934,0
DA:941,0
DA:948,8
DA:950,8
DA:964,61
LF:370
LH:336
BRDA:41,0,0,161
BRDA:41,0,1,1
BRDA:42,1,0,952
BRDA:42,1,1,952
BRDA:42,1,2,952
BRDA:47,2,0,15
BRDA:47,2,1,89
BRDA:48,3,0,15
BRDA:48,3,1,0
BRDA:48,3,2,0
BRDA:53,4,0,89
BRDA:53,4,1,75
BRDA:53,4,2,0
BRDA:53,4,3,0
BRDA:56,5,0,104
BRDA:56,5,1,77
BRDA:57,6,0,73
BRDA:57,6,1,4
BRDA:59,7,0,0
BRDA:59,7,1,4
BRDA:63,8,0,104
BRDA:63,8,1,77
BRDA:63,8,2,77
BRDA:65,9,0,89
BRDA:65,9,1,0
BRDA:66,10,0,104
BRDA:66,10,1,77
BRDA:66,10,2,77
BRDA:67,11,0,104
BRDA:67,11,1,0
BRDA:67,12,0,104
BRDA:67,12,1,0
BRDA:72,13,0,0
BRDA:72,13,1,22
BRDA:72,14,0,22
BRDA:72,14,1,22
BRDA:76,15,0,827
BRDA:76,15,1,290
BRDA:85,16,0,0
BRDA:85,16,1,33
BRDA:85,17,0,33
BRDA:85,17,1,33
BRDA:85,17,2,33
BRDA:89,18,0,566
BRDA:89,18,1,190
BRDA:96,19,0,0
BRDA:96,19,1,36
BRDA:96,20,0,36
BRDA:96,20,1,36
BRDA:97,21,0,0
BRDA:97,21,1,36
BRDA:98,22,0,0
BRDA:98,22,1,0
BRDA:101,23,0,102
BRDA:101,23,1,0
BRDA:101,24,0,102
BRDA:101,24,1,102
BRDA:111,25,0,110
BRDA:111,25,1,13
BRDA:119,26,0,36
BRDA:127,27,0,102
BRDA:127,27,1,89
BRDA:127,27,2,65
BRDA:127,27,3,0
BRDA:132,28,0,102
BRDA:132,28,1,0
BRDA:137,29,0,102
BRDA:137,29,1,0
BRDA:138,30,0,102
BRDA:138,30,1,0
BRDA:139,31,0,102
BRDA:139,31,1,80
BRDA:139,32,0,102
BRDA:139,32,1,80
BRDA:144,33,0,0
BRDA:144,33,1,102
BRDA:193,34,0,32
BRDA:196,35,0,32
BRDA:196,35,1,0
BRDA:203,36,0,0
BRDA:203,36,1,32
BRDA:206,37,0,1
BRDA:206,37,1,31
BRDA:206,38,0,32
BRDA:206,38,1,19
BRDA:211,39,0,31
BRDA:211,39,1,0
BRDA:214,40,0,1
BRDA:214,40,1,31
BRDA:219,41,0,13
BRDA:219,41,1,17
BRDA:225,42,0,0
BRDA:225,42,1,13
BRDA:236,43,0,0
BRDA:236,43,1,17
BRDA:236,44,0,17
BRDA:236,44,1,17
BRDA:244,45,0,1
BRDA:244,45,1,29
BRDA:251,46,0,0
BRDA:251,46,1,29
BRDA:259,47,0,29
BRDA:259,47,1,29
BRDA:260,48,0,1
BRDA:260,48,1,31
BRDA:270,49,0,1
BRDA:270,49,1,0
BRDA:290,50,0,28
BRDA:290,50,1,0
BRDA:297,51,0,92
BRDA:297,51,1,1
BRDA:298,52,0,0
BRDA:298,52,1,1
BRDA:298,53,0,1
BRDA:298,53,1,1
BRDA:303,54,0,0
BRDA:303,54,1,1
BRDA:303,55,0,1
BRDA:303,55,1,1
BRDA:305,56,0,1
BRDA:305,56,1,0
BRDA:308,57,0,1
BRDA:308,57,1,0
BRDA:310,58,0,1
BRDA:310,58,1,0
BRDA:316,59,0,1
BRDA:316,59,1,1
BRDA:317,60,0,1
BRDA:317,60,1,0
BRDA:317,61,0,1
BRDA:317,61,1,0
BRDA:317,62,0,1
BRDA:317,62,1,0
BRDA:319,63,0,1
BRDA:319,63,1,0
BRDA:319,63,2,0
BRDA:320,64,0,1
BRDA:320,64,1,0
BRDA:320,64,2,0
BRDA:321,65,0,1
BRDA:321,65,1,0
BRDA:321,66,0,0
BRDA:321,66,1,0
BRDA:323,67,0,1
BRDA:323,67,1,1
BRDA:323,67,2,1
BRDA:325,68,0,0
BRDA:325,68,1,1
BRDA:333,69,0,0
BRDA:333,69,1,1
BRDA:334,70,0,0
BRDA:334,70,1,1
BRDA:340,71,0,1
BRDA:340,71,1,1
BRDA:340,71,2,0
BRDA:354,72,0,9
BRDA:355,73,0,9
BRDA:355,74,0,9
BRDA:355,75,0,9
BRDA:355,76,0,9
BRDA:355,77,0,9
BRDA:357,78,0,0
BRDA:357,78,1,9
BRDA:358,79,0,1
BRDA:358,79,1,8
BRDA:358,80,0,9
BRDA:358,80,1,9
BRDA:366,81,0,8
BRDA:366,81,1,0
BRDA:376,82,0,9
BRDA:376,82,1,0
BRDA:379,83,0,452
BRDA:379,83,1,362
BRDA:379,83,2,0
BRDA:381,84,0,8
BRDA:381,84,1,6
BRDA:388,85,0,6
BRDA:388,85,1,0
BRDA:392,86,0,0
BRDA:392,86,1,8
BRDA:393,87,0,8
BRDA:393,87,1,0
BRDA:397,88,0,0
BRDA:397,88,1,9
BRDA:397,89,0,9
BRDA:397,89,1,8
BRDA:409,90,0,13
BRDA:409,90,1,13
BRDA:409,91,0,0
BRDA:409,91,1,0
BRDA:413,92,0,13
BRDA:413,92,1,10
BRDA:413,92,2,0
BRDA:418,93,0,8
BRDA:418,93,1,0
BRDA:425,94,0,14
BRDA:425,94,1,14
BRDA:425,94,2,2
BRDA:429,95,0,2
BRDA:429,95,1,11
BRDA:437,96,0,2
BRDA:437,96,1,0
BRDA:439,97,0,2
BRDA:439,97,1,0
BRDA:447,98,0,8
BRDA:447,98,1,2
BRDA:449,99,0,8
BRDA:449,99,1,1
BRDA:460,100,0,8
BRDA:460,100,1,3
BRDA:462,101,0,14
BRDA:462,101,1,14
BRDA:462,101,2,10
BRDA:468,102,0,7
BRDA:468,102,1,7
BRDA:475,103,0,9
BRDA:475,103,1,0
BRDA:483,104,0,7
BRDA:488,105,0,2
BRDA:488,105,1,2
BRDA:489,106,0,0
BRDA:489,106,1,2
BRDA:495,107,0,0
BRDA:495,107,1,2
BRDA:504,108,0,7
BRDA:504,109,0,7
BRDA:504,110,0,7
BRDA:504,111,0,7
BRDA:509,112,0,0
BRDA:509,112,1,7
BRDA:511,113,0,7
BRDA:511,113,1,7
BRDA:512,114,0,1
BRDA:512,114,1,6
BRDA:512,115,0,7
BRDA:512,115,1,1
BRDA:518,116,0,2
BRDA:518,116,1,2
BRDA:518,116,2,2
BRDA:518,116,3,2
BRDA:525,117,0,1
BRDA:525,117,1,1
BRDA:525,117,2,1
BRDA:527,118,0,1
BRDA:527,118,1,5
BRDA:527,119,0,6
BRDA:527,119,1,5
BRDA:527,119,2,0
BRDA:528,120,0,0
BRDA:528,120,1,5
BRDA:528,121,0,5
BRDA:528,121,1,0
BRDA:529,122,0,3
BRDA:529,122,1,2
BRDA:530,123,0,2
BRDA:530,123,1,0
BRDA:535,124,0,0
BRDA:535,124,1,2
BRDA:536,125,0,4
BRDA:538,126,0,4
BRDA:538,126,1,3
BRDA:538,126,2,3
BRDA:542,127,0,2
BRDA:542,127,1,0
BRDA:545,128,0,2
BRDA:545,128,1,0
BRDA:546,129,0,1
BRDA:546,129,1,1
BRDA:548,130,0,2
BRDA:548,130,1,0
BRDA:552,131,0,1
BRDA:552,131,1,1
BRDA:556,132,0,1
BRDA:556,132,1,0
BRDA:559,133,0,1
BRDA:559,133,1,0
BRDA:563,134,0,1
BRDA:563,134,1,0
BRDA:581,135,0,0
BRDA:581,135,1,1
BRDA:594,136,0,2
BRDA:595,137,0,2
BRDA:595,138,0,2
BRDA:595,139,0,2
BRDA:595,140,0,2
BRDA:598,141,0,2
BRDA:598,141,1,0
BRDA:599,142,0,2
BRDA:599,142,1,2
BRDA:599,142,2,2
BRDA:606,143,0,1
BRDA:606,143,1,1
BRDA:606,143,2,1
BRDA:613,144,0,2
BRDA:613,144,1,0
BRDA:613,144,2,0
BRDA:626,145,0,2
BRDA:626,145,1,1
BRDA:628,146,0,0
BRDA:628,146,1,2
BRDA:628,147,0,1
BRDA:628,147,1,1
BRDA:636,148,0,1
BRDA:636,148,1,1
BRDA:645,149,0,6
BRDA:645,149,1,6
BRDA:645,149,2,1
BRDA:646,150,0,6
BRDA:646,150,1,6
BRDA:646,150,2,1
BRDA:648,151,0,6
BRDA:648,151,1,6
BRDA:648,152,0,6
BRDA:648,152,1,6
BRDA:649,153,0,2
BRDA:649,153,1,4
BRDA:655,154,0,2
BRDA:655,154,1,4
BRDA:661,155,0,1
BRDA:661,155,1,3
BRDA:668,156,0,2
BRDA:668,156,1,4
BRDA:668,157,0,6
BRDA:668,157,1,2
BRDA:686,158,0,3
BRDA:686,158,1,0
BRDA:686,158,2,0
BRDA:686,158,3,0
BRDA:689,159,0,3
BRDA:689,159,1,0
BRDA:690,160,0,0
BRDA:690,160,1,0
BRDA:692,161,0,0
BRDA:692,161,1,0
BRDA:697,162,0,3
BRDA:697,162,1,0
BRDA:697,163,0,0
BRDA:697,163,1,0
BRDA:703,164,0,82
BRDA:704,165,0,9
BRDA:704,165,1,73
BRDA:708,166,0,2
BRDA:708,166,1,71
BRDA:713,167,0,0
BRDA:713,167,1,71
BRDA:716,168,0,69
BRDA:716,168,1,2
BRDA:718,169,0,82
BRDA:718,169,1,2
BRDA:720,170,0,69
BRDA:720,170,1,69
BRDA:720,170,2,69
BRDA:720,170,3,69
BRDA:721,171,0,0
BRDA:721,171,1,0
BRDA:721,171,2,0
BRDA:723,172,0,2
BRDA:723,172,1,80
BRDA:728,173,0,2
BRDA:728,173,1,67
BRDA:733,174,0,3
BRDA:733,174,1,79
BRDA:733,175,0,82
BRDA:733,175,1,64
BRDA:733,175,2,64
BRDA:738,176,0,0
BRDA:738,176,1,64
BRDA:738,177,0,64
BRDA:738,177,1,63
BRDA:748,178,0,4
BRDA:748,178,1,2
BRDA:748,179,0,2
BRDA:748,179,1,0
BRDA:754,180,0,0
BRDA:754,180,1,1
BRDA:754,181,0,1
BRDA:754,181,1,1
BRDA:755,182,0,0
BRDA:755,182,1,1
BRDA:756,183,0,1
BRDA:756,183,1,0
BRDA:757,184,0,1
BRDA:757,184,1,1
BRDA:760,185,0,16
BRDA:762,186,0,16
BRDA:762,186,1,16
BRDA:762,187,0,16
BRDA:762,187,1,11
BRDA:763,188,0,16
BRDA:763,188,1,0
BRDA:763,189,0,23
BRDA:763,189,1,2
BRDA:764,190,0,1
BRDA:764,190,1,15
BRDA:766,191,0,1
BRDA:766,191,1,14
BRDA:766,192,0,15
BRDA:766,192,1,6
BRDA:769,193,0,0
BRDA:769,193,1,14
BRDA:769,194,0,14
BRDA:769,194,1,6
BRDA:773,195,0,14
BRDA:773,195,1,6
BRDA:775,196,0,0
BRDA:775,196,1,0
BRDA:779,197,0,8
BRDA:780,198,0,0
BRDA:780,198,1,8
BRDA:781,199,0,0
BRDA:781,199,1,8
BRDA:783,200,0,8
BRDA:783,200,1,0
BRDA:785,201,0,36
BRDA:785,201,1,13
BRDA:785,201,2,7
BRDA:786,202,0,18
BRDA:786,202,1,8
BRDA:786,202,2,5
BRDA:789,203,0,8
BRDA:789,203,1,3
BRDA:790,204,0,1
BRDA:790,204,1,0
BRDA:790,205,0,1
BRDA:790,205,1,1
BRDA:792,206,0,8
BRDA:792,206,1,3
BRDA:793,207,0,1
BRDA:793,207,1,1
BRDA:793,208,0,2
BRDA:793,208,1,2
BRDA:793,208,2,2
BRDA:800,209,0,8
BRDA:800,209,1,3
BRDA:801,210,0,8
BRDA:801,210,1,3
BRDA:808,211,0,8
BRDA:808,211,1,3
BRDA:809,212,0,5
BRDA:809,212,1,3
BRDA:811,213,0,4
BRDA:811,213,1,0
BRDA:817,214,0,8
BRDA:817,214,1,3
BRDA:818,215,0,5
BRDA:818,215,1,3
BRDA:820,216,0,1
BRDA:820,216,1,0
BRDA:830,217,0,8
BRDA:830,217,1,0
BRDA:837,218,0,8
BRDA:837,218,1,0
BRDA:838,219,0,2
BRDA:838,219,1,7
BRDA:839,220,0,7
BRDA:839,220,1,0
BRDA:863,221,0,8
BRDA:863,221,1,0
BRDA:864,222,0,0
BRDA:864,222,1,8
BRDA:866,223,0,0
BRDA:866,223,1,0
BRDA:867,224,0,0
BRDA:867,224,1,0
BRDA:867,225,0,0
BRDA:867,225,1,0
BRDA:873,226,0,1
BRDA:873,226,1,7
BRDA:879,227,0,7
BRDA:879,227,1,0
BRDA:881,228,0,7
BRDA:881,228,1,0
BRDA:882,229,0,7
BRDA:882,229,1,0
BRDA:888,230,0,7
BRDA:888,230,1,1
BRDA:891,231,0,7
BRDA:891,231,1,1
BRDA:898,232,0,7
BRDA:898,232,1,1
BRDA:903,233,0,7
BRDA:903,233,1,1
BRDA:910,234,0,7
BRDA:910,234,1,0
BRDA:911,235,0,7
BRDA:911,235,1,0
BRDA:916,236,0,7
BRDA:916,236,1,7
BRDA:929,237,0,0
BRDA:929,237,1,7
BRDA:930,238,0,0
BRDA:930,238,1,7
BRDA:932,239,0,0
BRDA:932,239,1,0
BRDA:933,240,0,0
BRDA:933,240,1,0
BRDA:941,241,0,0
BRDA:941,241,1,0
BRDA:952,242,0,8
BRDA:952,242,1,3
BRDA:958,243,0,8
BRDA:958,243,1,8
BRDA:958,243,2,8
BRDA:959,244,0,8
BRDA:959,244,1,8
BRDA:959,244,2,8
BRF:506
BRH:371
end_of_record
TN:
SF:styles.css
FNF:0
FNH:0
LF:0
LH:0
BRF:0
BRH:0
end_of_record
TN:
SF:adapters/legacy-window-api.js
FN:25,installLegacyWindowApi
FN:28,(anonymous_1)
FN:33,setLegacyProp
FN:76,uninstallLegacyWindowApi
FNF:4
FNH:3
FNDA:6,installLegacyWindowApi
FNDA:0,(anonymous_1)
FNDA:42,setLegacyProp
FNDA:2,uninstallLegacyWindowApi
DA:26,6
DA:27,6
DA:28,0
DA:31,6
DA:34,42
DA:35,2
DA:37,42
DA:38,42
DA:41,6
DA:42,6
DA:43,1
DA:44,1
DA:46,5
DA:47,5
DA:50,6
DA:51,1
DA:52,1
DA:54,5
DA:55,5
DA:58,6
DA:59,6
DA:60,6
DA:61,1
DA:62,6
DA:63,6
DA:64,6
DA:65,6
DA:66,6
DA:67,1
DA:68,6
DA:69,1
DA:70,6
DA:71,6
DA:72,6
DA:73,6
DA:74,6
DA:76,6
DA:77,2
DA:78,22
DA:79,22
DA:81,0
LF:41
LH:39
BRDA:25,0,0,6
BRDA:26,1,0,6
BRDA:26,1,1,5
BRDA:26,2,0,5
BRDA:26,2,1,0
BRDA:27,3,0,0
BRDA:27,3,1,6
BRDA:34,4,0,2
BRDA:34,4,1,40
BRDA:34,5,0,42
BRDA:34,5,1,14
BRDA:34,5,2,2
BRDA:41,6,0,1
BRDA:41,6,1,5
BRDA:42,7,0,1
BRDA:42,7,1,5
BRDA:50,8,0,1
BRDA:50,8,1,5
BRDA:58,9,0,1
BRDA:58,9,1,5
BRDA:59,10,0,1
BRDA:59,10,1,5
BRDA:60,11,0,1
BRDA:60,11,1,5
BRDA:62,12,0,2
BRDA:62,12,1,4
BRDA:63,13,0,1
BRDA:63,13,1,5
BRDA:64,14,0,1
BRDA:64,14,1,5
BRDA:65,15,0,1
BRDA:65,15,1,5
BRDA:66,16,0,1
BRDA:66,16,1,5
BRDA:68,17,0,1
BRDA:68,17,1,5
BRDA:70,18,0,2
BRDA:70,18,1,4
BRDA:71,19,0,1
BRDA:71,19,1,5
BRDA:72,20,0,4
BRDA:72,20,1,2
BRDA:73,21,0,0
BRDA:73,21,1,6
BRDA:74,22,0,0
BRDA:74,22,1,6
BRF:46
BRH:42
end_of_record
TN:
SF:bootstrap/bootstrap-application.js
FN:37,bootstrapApplication
FN:84,(anonymous_1)
FN:93,(anonymous_2)
FN:109,(anonymous_3)
FN:132,(anonymous_4)
FN:162,(anonymous_5)
FNF:6
FNH:2
FNDA:2,bootstrapApplication
FNDA:0,(anonymous_1)
FNDA:0,(anonymous_2)
FNDA:0,(anonymous_3)
FNDA:0,(anonymous_4)
FNDA:1,(anonymous_5)
DA:39,2
DA:42,2
DA:44,2
DA:47,2
DA:48,2
DA:49,2
DA:53,1
DA:56,1
DA:59,1
DA:62,1
DA:65,1
DA:66,1
DA:67,1
DA:69,0
DA:70,0
DA:73,1
DA:74,1
DA:77,1
DA:78,1
DA:79,1
DA:80,0
DA:81,0
DA:82,1
DA:83,0
DA:85,0
DA:86,0
DA:87,0
DA:88,0
DA:90,0
DA:94,0
DA:95,0
DA:96,0
DA:97,0
DA:98,0
DA:99,0
DA:100,0
DA:101,0
DA:102,0
DA:104,0
DA:105,0
DA:106,0
DA:110,0
DA:111,0
DA:116,0
DA:120,1
DA:121,1
DA:122,1
DA:123,1
DA:126,1
DA:127,1
DA:128,1
DA:129,1
DA:130,1
DA:131,1
DA:132,1
DA:133,0
DA:138,1
DA:141,1
DA:144,1
DA:161,1
DA:163,1
LF:61
LH:35
BRDA:47,0,0,2
BRDA:47,0,1,0
BRDA:65,1,0,1
BRDA:65,1,1,0
BRDA:79,2,0,0
BRDA:79,2,1,1
BRDA:79,3,0,1
BRDA:79,3,1,0
BRDA:82,4,0,0
BRDA:82,4,1,1
BRDA:82,5,0,1
BRDA:82,5,1,0
BRDA:86,6,0,0
BRDA:86,6,1,0
BRDA:97,7,0,0
BRDA:97,7,1,0
BRDA:97,8,0,0
BRDA:97,8,1,0
BRDA:97,8,2,0
BRDA:99,9,0,0
BRDA:99,9,1,0
BRDA:99,10,0,0
BRDA:99,10,1,0
BRDA:105,11,0,0
BRDA:105,11,1,0
BRDA:127,12,0,1
BRDA:127,12,1,0
BRDA:133,13,0,0
BRDA:133,13,1,0
BRF:29
BRH:7
end_of_record
TN:
SF:bootstrap/handle-bootstrap-error.js
FN:9,handleFatalBootstrapError
FNF:1
FNH:1
FNDA:1,handleFatalBootstrapError
DA:10,1
DA:12,1
DA:14,1
DA:15,1
DA:16,0
LF:5
LH:4
BRDA:9,0,0,1
BRDA:12,1,0,0
BRDA:12,1,1,1
BRDA:15,2,0,0
BRDA:15,2,1,1
BRDA:20,3,0,0
BRDA:20,3,1,0
BRF:7
BRH:3
end_of_record
TN:
SF:bootstrap/initialize-courses.js
FN:6,initializeCourses
FNF:1
FNH:1
FNDA:1,initializeCourses
DA:7,1
DA:8,1
DA:9,1
DA:10,0
LF:4
LH:3
BRDA:9,0,0,0
BRDA:9,0,1,1
BRDA:9,1,0,1
BRDA:9,1,1,0
BRF:4
BRH:2
end_of_record
TN:
SF:bootstrap/initialize-service-worker.js
FN:7,initializeServiceWorker
FN:22,onUpdateAvailable
FN:25,onUpdateActivated
FN:28,onStatusChange
FN:42,showUpdateNotification
FN:75,(anonymous_5)
FN:80,(anonymous_6)
FN:90,(anonymous_7)
FNF:8
FNH:1
FNDA:1,initializeServiceWorker
FNDA:0,onUpdateAvailable
FNDA:0,onUpdateActivated
FNDA:0,onStatusChange
FNDA:0,showUpdateNotification
FNDA:0,(anonymous_5)
FNDA:0,(anonymous_6)
FNDA:0,(anonymous_7)
DA:8,1
DA:10,1
DA:11,1
DA:12,0
DA:13,0
DA:14,0
DA:17,1
DA:20,0
DA:21,1
DA:23,0
DA:26,0
DA:29,0
DA:30,0
DA:31,0
DA:32,0
DA:33,0
DA:34,0
DA:35,0
DA:36,0
DA:43,0
DA:72,0
DA:73,0
DA:75,0
DA:76,0
DA:77,0
DA:79,0
DA:80,0
DA:81,0
DA:82,0
DA:83,0
DA:84,0
DA:89,0
DA:90,0
DA:91,0
DA:92,0
DA:93,0
LF:36
LH:5
BRDA:8,0,0,0
BRDA:8,0,1,1
BRDA:10,1,0,1
BRDA:10,1,1,0
BRDA:11,2,0,0
BRDA:11,2,1,1
BRDA:29,3,0,0
BRDA:29,3,1,0
BRDA:31,4,0,0
BRDA:31,4,1,0
BRDA:33,5,0,0
BRDA:33,5,1,0
BRDA:35,6,0,0
BRDA:35,6,1,0
BRDA:79,7,0,0
BRDA:79,7,1,0
BRDA:83,8,0,0
BRDA:83,8,1,0
BRDA:89,9,0,0
BRDA:89,9,1,0
BRDA:92,10,0,0
BRDA:92,10,1,0
BRF:22
BRH:3
end_of_record
TN:
SF:bootstrap/initialize-state.js
FN:9,initializeState
FN:17,(anonymous_1)
FNF:2
FNH:1
FNDA:2,initializeState
FNDA:0,(anonymous_1)
DA:10,2
DA:11,2
DA:12,2
DA:14,2
DA:15,2
DA:17,2
DA:18,0
LF:7
LH:6
BRF:0
BRH:0
end_of_record
TN:
SF:bootstrap/production-dependencies.js
FN:69,loadState
FN:76,save
FN:80,createProductionDependencies
FN:84,(anonymous_3)
FN:85,(anonymous_4)
FN:133,(anonymous_5)
FN:135,(anonymous_6)
FN:138,(anonymous_7)
FN:140,(anonymous_8)
FN:176,(anonymous_9)
FN:181,(anonymous_10)
FN:193,(anonymous_11)
FNF:12
FNH:2
FNDA:1,loadState
FNDA:0,save
FNDA:1,createProductionDependencies
FNDA:0,(anonymous_3)
FNDA:0,(anonymous_4)
FNDA:0,(anonymous_5)
FNDA:0,(anonymous_6)
FNDA:0,(anonymous_7)
FNDA:0,(anonymous_8)
FNDA:0,(anonymous_9)
FNDA:0,(anonymous_10)
FNDA:0,(anonymous_11)
DA:70,1
DA:71,1
DA:72,1
DA:77,0
DA:81,1
DA:84,0
DA:86,0
DA:87,0
DA:134,0
DA:135,0
DA:139,0
DA:140,0
DA:177,0
DA:178,0
DA:179,0
DA:180,0
DA:181,0
DA:182,0
DA:184,0
DA:188,0
DA:189,0
DA:190,0
DA:194,0
LF:23
LH:4
BRDA:71,0,0,1
BRDA:71,0,1,0
BRDA:76,1,0,0
BRDA:86,2,0,0
BRDA:86,2,1,0
BRDA:180,3,0,0
BRDA:180,3,1,0
BRDA:182,4,0,0
BRDA:182,4,1,0
BRDA:188,5,0,0
BRDA:188,5,1,0
BRF:11
BRH:1
end_of_record
TN:
SF:bootstrap/register-global-events.js
FN:6,registerGlobalEvents
FN:9,handleAppUnload
FN:18,(anonymous_2)
FNF:3
FNH:1
FNDA:1,registerGlobalEvents
FNDA:0,handleAppUnload
FNDA:0,(anonymous_2)
DA:7,1
DA:10,0
DA:11,0
DA:14,1
DA:15,1
DA:17,1
DA:18,1
DA:19,0
DA:20,0
DA:21,0
DA:22,0
LF:11
LH:5
BRDA:7,0,0,0
BRDA:7,0,1,1
BRDA:10,1,0,0
BRDA:10,1,1,0
BRDA:17,2,0,1
BRDA:17,2,1,0
BRDA:19,3,0,0
BRDA:19,3,1,0
BRDA:21,4,0,0
BRDA:21,4,1,0
BRDA:21,5,0,0
BRDA:21,5,1,0
BRF:12
BRH:2
end_of_record
TN:
SF:scripts/build-dictionary.js
FN:29,stableJson
FN:33,readJson
FN:42,uniqueStrings
FN:47,(anonymous_3)
FN:57,generateTokenForms
FN:83,linguisticShape
FN:107,compatibleField
FN:113,compatibleLexeme
FN:121,mergeEntries
FN:136,referenceFromWord
FN:159,aliasModule
FN:187,collectLessonDocuments
FN:189,(anonymous_12)
FN:192,(anonymous_13)
FN:200,buildDictionary
FN:231,registerAlias
FN:347,(anonymous_16)
FN:354,(anonymous_17)
FN:358,(anonymous_18)
FN:371,(anonymous_19)
FN:372,(anonymous_20)
FN:374,(anonymous_21)
FN:410,(anonymous_22)
FN:440,(anonymous_23)
FN:445,(anonymous_24)
FNF:25
FNH:22
FNDA:51,stableJson
FNDA:42,readJson
FNDA:6165,uniqueStrings
FNDA:24192,(anonymous_3)
FNDA:2028,generateTokenForms
FNDA:2028,linguisticShape
FNDA:81,compatibleField
FNDA:27,compatibleLexeme
FNDA:27,mergeEntries
FNDA:2028,referenceFromWord
FNDA:3,aliasModule
FNDA:3,collectLessonDocuments
FNDA:36,(anonymous_12)
FNDA:36,(anonymous_13)
FNDA:3,buildDictionary
FNDA:4155,registerAlias
FNDA:0,(anonymous_16)
FNDA:16116,(anonymous_17)
FNDA:21864,(anonymous_18)
FNDA:64515,(anonymous_19)
FNDA:9816,(anonymous_20)
FNDA:174,(anonymous_21)
FNDA:36,(anonymous_22)
FNDA:0,(anonymous_23)
FNDA:0,(anonymous_24)
DA:2,2
DA:16,2
DA:17,2
DA:18,2
DA:19,2
DA:20,2
DA:21,2
DA:22,2
DA:23,2
DA:24,2
DA:25,2
DA:26,2
DA:27,2
DA:30,51
DA:34,42
DA:35,42
DA:37,0
DA:38,0
DA:43,6165
DA:48,24192
DA:58,2028
DA:61,2028
DA:62,2028
DA:63,2028
DA:64,324
DA:65,324
DA:71,3888
DA:72,3888
DA:75,0
DA:80,2028
DA:84,2028
DA:108,81
DA:109,27
DA:110,24
DA:114,27
DA:122,27
DA:137,2028
DA:138,2028
DA:141,2028
DA:160,3
DA:161,3
DA:188,3
DA:189,36
DA:191,3
DA:192,36
DA:201,3
DA:202,3
DA:205,3
DA:208,3
DA:209,3
DA:210,3
DA:211,3
DA:212,3
DA:214,3
DA:215,3
DA:216,3
DA:221,3
DA:223,3
DA:224,3
DA:225,3
DA:226,3
DA:227,3
DA:228,3
DA:229,3
DA:232,4155
DA:233,4155
DA:234,4143
DA:236,4155
DA:237,4155
DA:241,3
DA:242,2028
DA:243,2028
DA:246,2028
DA:250,0
DA:255,2028
DA:256,2028
DA:257,27
DA:258,27
DA:259,27
DA:261,0
DA:262,0
DA:263,0
DA:264,0
DA:272,2001
DA:275,2028
DA:276,2028
DA:277,2028
DA:281,2028
DA:282,1761
DA:284,2028
DA:285,237
DA:286,237
DA:287,165
DA:293,3
DA:294,36
DA:295,36
DA:296,36
DA:297,36
DA:298,36
DA:300,36
DA:301,2028
DA:302,2028
DA:303,2028
DA:304,0
DA:309,2028
DA:313,2028
DA:314,2028
DA:317,2028
DA:320,36
DA:321,36
DA:325,3
DA:326,201
DA:328,201
DA:331,201
DA:332,0
DA:336,201
DA:339,3
DA:340,3
DA:341,4143
DA:342,0
DA:345,3
DA:346,0
DA:347,0
DA:349,0
DA:354,3
DA:355,16116
DA:357,3
DA:358,21864
DA:360,3
DA:361,3
DA:362,2001
DA:363,9990
DA:364,9990
DA:365,9990
DA:366,9990
DA:369,3
DA:371,64515
DA:372,9816
DA:374,174
DA:378,3
DA:388,3
DA:410,36
DA:413,3
DA:414,3
DA:415,54
DA:416,54
DA:417,54
DA:421,54
DA:422,6
DA:423,6
DA:424,6
DA:425,6
DA:426,6
DA:428,0
DA:431,3
DA:432,0
DA:434,3
DA:437,2
DA:438,0
DA:439,0
DA:441,0
DA:446,0
DA:447,0
LF:163
LH:142
BRDA:33,0,0,42
BRDA:37,1,0,0
BRDA:37,1,1,0
BRDA:37,2,0,0
BRDA:37,2,1,0
BRDA:48,3,0,24192
BRDA:48,3,1,6345
BRDA:59,4,0,2028
BRDA:59,4,1,0
BRDA:59,4,2,0
BRDA:59,4,3,0
BRDA:59,4,4,0
BRDA:61,5,0,2028
BRDA:61,5,1,0
BRDA:61,5,2,0
BRDA:62,6,0,2028
BRDA:62,6,1,2028
BRDA:63,7,0,324
BRDA:63,7,1,1704
BRDA:63,8,0,2028
BRDA:63,8,1,324
BRDA:71,9,0,0
BRDA:71,9,1,3888
BRDA:83,10,0,2028
BRDA:85,11,0,2028
BRDA:85,11,1,2028
BRDA:87,12,0,2028
BRDA:87,12,1,0
BRDA:87,12,2,0
BRDA:87,12,3,0
BRDA:87,12,4,0
BRDA:88,13,0,2028
BRDA:88,13,1,0
BRDA:88,13,2,0
BRDA:88,13,3,0
BRDA:89,14,0,2028
BRDA:89,14,1,0
BRDA:89,15,0,0
BRDA:89,15,1,0
BRDA:89,15,2,0
BRDA:90,16,0,2028
BRDA:90,16,1,252
BRDA:91,17,0,2028
BRDA:91,17,1,1704
BRDA:92,18,0,2028
BRDA:92,18,1,1848
BRDA:93,19,0,2028
BRDA:93,19,1,2028
BRDA:95,20,0,2028
BRDA:95,20,1,0
BRDA:95,21,0,2028
BRDA:95,21,1,261
BRDA:95,22,0,2028
BRDA:95,22,1,2028
BRDA:96,23,0,2028
BRDA:96,23,1,261
BRDA:97,24,0,0
BRDA:97,24,1,2028
BRDA:98,25,0,2028
BRDA:98,25,1,2028
BRDA:99,26,0,2028
BRDA:99,26,1,2028
BRDA:108,27,0,54
BRDA:108,27,1,27
BRDA:108,28,0,81
BRDA:108,28,1,27
BRDA:109,29,0,3
BRDA:109,29,1,24
BRDA:109,30,0,27
BRDA:109,30,1,24
BRDA:115,31,0,27
BRDA:115,31,1,27
BRDA:115,31,2,27
BRDA:124,32,0,27
BRDA:124,32,1,0
BRDA:124,32,2,0
BRDA:125,33,0,27
BRDA:125,33,1,27
BRDA:125,33,2,27
BRDA:126,34,0,27
BRDA:126,34,1,27
BRDA:126,34,2,27
BRDA:127,35,0,27
BRDA:127,35,1,27
BRDA:127,35,2,27
BRDA:131,36,0,27
BRDA:131,36,1,9
BRDA:137,37,0,2028
BRDA:137,37,1,0
BRDA:138,38,0,2028
BRDA:138,38,1,0
BRDA:138,39,0,2028
BRDA:138,39,1,0
BRDA:149,40,0,2028
BRDA:149,40,1,0
BRDA:149,40,2,0
BRDA:150,41,0,2028
BRDA:150,41,1,0
BRDA:150,42,0,2028
BRDA:150,42,1,2028
BRDA:150,43,0,2028
BRDA:150,43,1,2028
BRDA:151,44,0,2028
BRDA:151,44,1,1977
BRDA:152,45,0,2028
BRDA:152,45,1,1995
BRDA:152,45,2,1995
BRDA:153,46,0,2028
BRDA:153,46,1,2028
BRDA:153,46,2,2028
BRDA:154,47,0,2028
BRDA:154,47,1,1842
BRDA:155,48,0,2028
BRDA:155,48,1,2028
BRDA:200,49,0,3
BRDA:201,50,0,3
BRDA:201,50,1,0
BRDA:202,51,0,2
BRDA:202,51,1,1
BRDA:205,52,0,2
BRDA:205,52,1,1
BRDA:232,53,0,0
BRDA:232,53,1,4155
BRDA:232,54,0,4155
BRDA:232,54,1,4155
BRDA:233,55,0,4143
BRDA:233,55,1,12
BRDA:241,56,0,3
BRDA:241,56,1,0
BRDA:246,57,0,0
BRDA:246,57,1,2028
BRDA:247,58,0,2028
BRDA:247,58,1,6
BRDA:247,59,0,2028
BRDA:247,59,1,0
BRDA:247,59,2,0
BRDA:256,60,0,27
BRDA:256,60,1,2001
BRDA:257,61,0,27
BRDA:257,61,1,0
BRDA:261,62,0,0
BRDA:261,62,1,0
BRDA:261,62,2,0
BRDA:276,63,0,2028
BRDA:276,63,1,0
BRDA:281,64,0,1761
BRDA:281,64,1,267
BRDA:281,65,0,2028
BRDA:281,65,1,2028
BRDA:281,65,2,1761
BRDA:284,66,0,237
BRDA:284,66,1,1791
BRDA:284,67,0,2028
BRDA:284,67,1,2028
BRDA:286,68,0,165
BRDA:286,68,1,72
BRDA:294,69,0,36
BRDA:294,69,1,0
BRDA:295,70,0,36
BRDA:295,70,1,0
BRDA:295,70,2,0
BRDA:297,71,0,36
BRDA:297,71,1,0
BRDA:297,71,2,0
BRDA:301,72,0,2028
BRDA:301,72,1,0
BRDA:302,73,0,2028
BRDA:302,73,1,0
BRDA:302,73,2,0
BRDA:303,74,0,0
BRDA:303,74,1,2028
BRDA:303,75,0,2028
BRDA:303,75,1,2028
BRDA:325,76,0,3
BRDA:325,76,1,0
BRDA:328,77,0,201
BRDA:328,77,1,0
BRDA:328,77,2,0
BRDA:331,78,0,0
BRDA:331,78,1,201
BRDA:341,79,0,0
BRDA:341,79,1,4143
BRDA:345,80,0,0
BRDA:345,80,1,3
BRDA:364,81,0,0
BRDA:364,81,1,9990
BRDA:365,82,0,9816
BRDA:365,82,1,174
BRDA:386,83,0,3
BRDA:386,83,1,0
BRDA:421,84,0,48
BRDA:421,84,1,6
BRDA:423,85,0,6
BRDA:423,85,1,0
BRDA:431,86,0,0
BRDA:431,86,1,3
BRDA:431,87,0,3
BRDA:431,87,1,2
BRDA:437,88,0,0
BRDA:437,88,1,2
BRDA:437,89,0,2
BRDA:437,89,1,2
BRDA:438,90,0,0
BRDA:438,90,1,0
BRF:204
BRH:139
end_of_record
TN:
SF:scripts/check-legal-metadata.js
FN:18,read
FN:22,checkLegalMetadata
FN:148,(anonymous_2)
FN:153,(anonymous_3)
FN:166,(anonymous_4)
FN:222,(anonymous_5)
FN:366,(anonymous_6)
FNF:7
FNH:7
FNDA:36,read
FNDA:1,checkLegalMetadata
FNDA:60,(anonymous_2)
FNDA:49,(anonymous_3)
FNDA:12,(anonymous_4)
FNDA:2,(anonymous_5)
FNDA:11,(anonymous_6)
DA:2,1
DA:15,1
DA:16,1
DA:19,36
DA:23,1
DA:24,1
DA:27,1
DA:46,1
DA:47,16
DA:48,0
DA:53,1
DA:54,1
DA:55,1
DA:56,0
DA:58,1
DA:59,0
DA:63,1
DA:64,1
DA:65,1
DA:66,0
DA:70,1
DA:71,1
DA:72,1
DA:73,0
DA:78,1
DA:79,1
DA:80,5
DA:81,5
DA:82,5
DA:83,0
DA:91,1
DA:92,1
DA:93,4
DA:94,4
DA:95,4
DA:96,0
DA:102,1
DA:103,1
DA:104,0
DA:108,1
DA:109,1
DA:110,1
DA:111,0
DA:113,1
DA:114,12
DA:115,12
DA:116,0
DA:123,1
DA:124,1
DA:125,1
DA:126,0
DA:128,1
DA:129,0
DA:133,1
DA:134,1
DA:135,1
DA:136,0
DA:138,1
DA:139,0
DA:144,1
DA:145,1
DA:146,1
DA:147,1
DA:148,60
DA:151,1
DA:152,1
DA:153,49
DA:154,1
DA:155,48
DA:156,48
DA:157,0
DA:163,1
DA:164,1
DA:165,1
DA:166,12
DA:168,1
DA:169,12
DA:170,12
DA:171,0
DA:177,1
DA:178,60
DA:179,12
DA:186,12
DA:187,60
DA:188,0
DA:194,0
DA:199,1
DA:212,1
DA:213,10
DA:214,0
DA:219,1
DA:220,1
DA:221,1
DA:222,1
DA:223,2
DA:224,2
DA:225,2
DA:227,0
DA:228,0
DA:230,0
DA:233,1
DA:234,1
DA:236,1
DA:237,1
DA:238,1
DA:239,0
DA:243,1
DA:244,0
DA:250,0
DA:255,1
DA:256,1
DA:257,1
DA:258,0
DA:263,1
DA:264,1
DA:265,1
DA:266,0
DA:273,1
DA:274,1
DA:275,1
DA:284,1
DA:285,7
DA:286,0
DA:292,1
DA:293,1
DA:294,1
DA:295,0
DA:297,1
DA:298,0
DA:302,1
DA:303,0
DA:306,1
DA:307,1
DA:308,0
DA:312,1
DA:313,0
DA:318,1
DA:334,1
DA:335,13
DA:336,13
DA:337,13
DA:342,0
DA:348,1
DA:349,1
DA:350,1
DA:351,0
DA:356,1
DA:357,1
DA:358,1
DA:359,0
DA:364,1
DA:365,1
DA:366,1
DA:367,11
DA:368,11
DA:369,468
DA:370,468
DA:371,10
DA:372,458
DA:373,458
DA:374,458
DA:379,0
DA:380,0
DA:385,1
DA:388,1
DA:389,0
DA:390,0
DA:391,0
DA:393,0
DA:396,1
DA:399,1
DA:400,0
LF:172
LH:129
BRDA:47,0,0,0
BRDA:47,0,1,16
BRDA:53,1,0,1
BRDA:53,1,1,0
BRDA:55,2,0,0
BRDA:55,2,1,1
BRDA:58,3,0,0
BRDA:58,3,1,1
BRDA:63,4,0,1
BRDA:63,4,1,0
BRDA:65,5,0,0
BRDA:65,5,1,1
BRDA:70,6,0,1
BRDA:70,6,1,0
BRDA:72,7,0,0
BRDA:72,7,1,1
BRDA:80,8,0,5
BRDA:80,8,1,0
BRDA:82,9,0,0
BRDA:82,9,1,5
BRDA:82,10,0,5
BRDA:82,10,1,5
BRDA:93,11,0,4
BRDA:93,11,1,0
BRDA:95,12,0,0
BRDA:95,12,1,4
BRDA:95,13,0,4
BRDA:95,13,1,4
BRDA:95,13,2,4
BRDA:103,14,0,0
BRDA:103,14,1,1
BRDA:109,15,0,1
BRDA:109,15,1,0
BRDA:110,16,0,0
BRDA:110,16,1,1
BRDA:115,17,0,0
BRDA:115,17,1,12
BRDA:123,18,0,1
BRDA:123,18,1,0
BRDA:125,19,0,0
BRDA:125,19,1,1
BRDA:128,20,0,0
BRDA:128,20,1,1
BRDA:128,21,0,1
BRDA:128,21,1,0
BRDA:133,22,0,1
BRDA:133,22,1,0
BRDA:135,23,0,0
BRDA:135,23,1,1
BRDA:138,24,0,0
BRDA:138,24,1,1
BRDA:144,25,0,1
BRDA:144,25,1,0
BRDA:147,26,0,1
BRDA:147,26,1,0
BRDA:152,27,0,1
BRDA:152,27,1,0
BRDA:156,28,0,0
BRDA:156,28,1,48
BRDA:164,29,0,1
BRDA:164,29,1,0
BRDA:166,30,0,12
BRDA:166,30,1,12
BRDA:170,31,0,0
BRDA:170,31,1,12
BRDA:178,32,0,12
BRDA:178,32,1,48
BRDA:178,33,0,60
BRDA:178,33,1,12
BRDA:187,34,0,0
BRDA:187,34,1,60
BRDA:213,35,0,0
BRDA:213,35,1,10
BRDA:219,36,0,1
BRDA:219,36,1,0
BRDA:224,37,0,2
BRDA:224,37,1,0
BRDA:224,38,0,2
BRDA:224,38,1,2
BRDA:227,39,0,0
BRDA:227,39,1,0
BRDA:227,40,0,0
BRDA:227,40,1,0
BRDA:236,41,0,1
BRDA:236,41,1,0
BRDA:238,42,0,0
BRDA:238,42,1,1
BRDA:238,43,0,1
BRDA:238,43,1,1
BRDA:243,44,0,0
BRDA:243,44,1,1
BRDA:243,45,0,1
BRDA:243,45,1,1
BRDA:255,46,0,1
BRDA:255,46,1,0
BRDA:257,47,0,0
BRDA:257,47,1,1
BRDA:257,48,0,1
BRDA:257,48,1,1
BRDA:263,49,0,1
BRDA:263,49,1,0
BRDA:265,50,0,0
BRDA:265,50,1,1
BRDA:273,51,0,1
BRDA:273,51,1,0
BRDA:285,52,0,0
BRDA:285,52,1,7
BRDA:292,53,0,1
BRDA:292,53,1,0
BRDA:294,54,0,0
BRDA:294,54,1,1
BRDA:297,55,0,0
BRDA:297,55,1,1
BRDA:297,56,0,1
BRDA:297,56,1,1
BRDA:302,57,0,0
BRDA:302,57,1,1
BRDA:307,58,0,0
BRDA:307,58,1,1
BRDA:307,59,0,1
BRDA:307,59,1,1
BRDA:309,60,0,0
BRDA:309,60,1,0
BRDA:312,61,0,0
BRDA:312,61,1,1
BRDA:335,62,0,13
BRDA:335,62,1,0
BRDA:337,63,0,0
BRDA:337,63,1,13
BRDA:338,64,0,13
BRDA:338,64,1,13
BRDA:338,64,2,13
BRDA:348,65,0,1
BRDA:348,65,1,0
BRDA:350,66,0,0
BRDA:350,66,1,1
BRDA:356,67,0,1
BRDA:356,67,1,0
BRDA:358,68,0,0
BRDA:358,68,1,1
BRDA:365,69,0,1
BRDA:365,69,1,0
BRDA:370,70,0,10
BRDA:370,70,1,458
BRDA:372,71,0,458
BRDA:372,71,1,0
BRDA:372,72,0,458
BRDA:372,72,1,458
BRDA:374,73,0,0
BRDA:374,73,1,458
BRDA:375,74,0,458
BRDA:375,74,1,458
BRDA:375,74,2,458
BRDA:388,75,0,0
BRDA:388,75,1,1
BRDA:399,76,0,0
BRDA:399,76,1,1
BRF:157
BRH:92
end_of_record
TN:
SF:scripts/copy-third-party-licenses.js
FN:67,copyLicenses
FNF:1
FNH:1
FNDA:2,copyLicenses
DA:2,1
DA:15,1
DA:16,1
DA:18,1
DA:19,1
DA:21,1
DA:23,1
DA:68,2
DA:69,2
DA:71,2
DA:72,16
DA:73,0
DA:74,0
DA:78,2
DA:79,0
DA:80,0
DA:83,2
DA:84,16
DA:85,16
DA:87,16
DA:88,2
DA:90,14
DA:91,14
DA:93,16
DA:96,2
DA:101,1
DA:102,0
LF:27
LH:22
BRDA:72,0,0,0
BRDA:72,0,1,16
BRDA:78,1,0,0
BRDA:78,1,1,2
BRDA:87,2,0,2
BRDA:87,2,1,14
BRDA:101,3,0,0
BRDA:101,3,1,1
BRF:8
BRH:5
end_of_record
TN:
SF:scripts/import-genki-i-data.js
FN:38,normalizeText
FN:45,comparableForm
FN:53,parseLesson
FN:62,assertHeaders
FN:72,parseWordWorkbook
FN:119,parseKanjiWorkbook
FN:147,(anonymous_6)
FN:154,legacyWord
FN:167,scoreCandidate
FN:196,isEquivalentCandidate
FN:210,numericIdIndex
FN:215,mergeUniqueArray
FN:228,canonicalGrammarId
FN:234,canonicalProductionTasks
FN:253,canonicalWord
FN:271,(anonymous_15)
FN:294,(anonymous_16)
FN:299,(anonymous_17)
FN:319,normalizeGrammarNotes
FN:320,(anonymous_19)
FN:329,replaceVocabularyReferences
FN:331,(anonymous_21)
FN:343,(anonymous_22)
FN:343,(anonymous_23)
FN:354,readJson
FN:358,stableJson
FN:362,loadBaseline
FN:365,(anonymous_27)
FN:369,(anonymous_28)
FN:377,(anonymous_29)
FN:403,buildVocabulary
FN:405,(anonymous_31)
FN:414,(anonymous_32)
FN:422,(anonymous_33)
FN:423,(anonymous_34)
FN:424,(anonymous_35)
FN:429,(anonymous_36)
FN:436,(anonymous_37)
FN:451,(anonymous_38)
FN:452,(anonymous_39)
FN:454,(anonymous_40)
FN:461,(anonymous_41)
FN:471,(anonymous_42)
FN:473,(anonymous_43)
FN:474,(anonymous_44)
FN:476,(anonymous_45)
FN:480,buildReport
FN:487,(anonymous_47)
FN:488,(anonymous_48)
FN:490,(anonymous_49)
FN:502,(anonymous_50)
FN:526,(anonymous_51)
FN:528,(anonymous_52)
FN:536,(anonymous_53)
FN:537,(anonymous_54)
FN:544,(anonymous_55)
FN:561,(anonymous_56)
FN:567,(anonymous_57)
FN:579,idMapModule
FN:581,(anonymous_59)
FN:583,(anonymous_60)
FN:587,buildOutputs
FN:604,(anonymous_62)
FN:621,(anonymous_63)
FN:629,(anonymous_64)
FN:638,(anonymous_65)
FN:653,(anonymous_66)
FN:662,(anonymous_67)
FN:673,(anonymous_68)
FN:723,applyOutputs
FN:748,parseArguments
FN:774,main
FN:797,(anonymous_72)
FNF:73
FNH:5
FNDA:137,normalizeText
FNDA:0,comparableForm
FNDA:25,parseLesson
FNDA:3,assertHeaders
FNDA:2,parseWordWorkbook
FNDA:1,parseKanjiWorkbook
FNDA:0,(anonymous_6)
FNDA:0,legacyWord
FNDA:0,scoreCandidate
FNDA:0,isEquivalentCandidate
FNDA:0,numericIdIndex
FNDA:0,mergeUniqueArray
FNDA:0,canonicalGrammarId
FNDA:0,canonicalProductionTasks
FNDA:0,canonicalWord
FNDA:0,(anonymous_15)
FNDA:0,(anonymous_16)
FNDA:0,(anonymous_17)
FNDA:0,normalizeGrammarNotes
FNDA:0,(anonymous_19)
FNDA:0,replaceVocabularyReferences
FNDA:0,(anonymous_21)
FNDA:0,(anonymous_22)
FNDA:0,(anonymous_23)
FNDA:0,readJson
FNDA:0,stableJson
FNDA:0,loadBaseline
FNDA:0,(anonymous_27)
FNDA:0,(anonymous_28)
FNDA:0,(anonymous_29)
FNDA:0,buildVocabulary
FNDA:0,(anonymous_31)
FNDA:0,(anonymous_32)
FNDA:0,(anonymous_33)
FNDA:0,(anonymous_34)
FNDA:0,(anonymous_35)
FNDA:0,(anonymous_36)
FNDA:0,(anonymous_37)
FNDA:0,(anonymous_38)
FNDA:0,(anonymous_39)
FNDA:0,(anonymous_40)
FNDA:0,(anonymous_41)
FNDA:0,(anonymous_42)
FNDA:0,(anonymous_43)
FNDA:0,(anonymous_44)
FNDA:0,(anonymous_45)
FNDA:0,buildReport
FNDA:0,(anonymous_47)
FNDA:0,(anonymous_48)
FNDA:0,(anonymous_49)
FNDA:0,(anonymous_50)
FNDA:0,(anonymous_51)
FNDA:0,(anonymous_52)
FNDA:0,(anonymous_53)
FNDA:0,(anonymous_54)
FNDA:0,(anonymous_55)
FNDA:0,(anonymous_56)
FNDA:0,(anonymous_57)
FNDA:0,idMapModule
FNDA:0,(anonymous_59)
FNDA:0,(anonymous_60)
FNDA:0,buildOutputs
FNDA:0,(anonymous_62)
FNDA:0,(anonymous_63)
FNDA:0,(anonymous_64)
FNDA:0,(anonymous_65)
FNDA:0,(anonymous_66)
FNDA:0,(anonymous_67)
FNDA:0,(anonymous_68)
FNDA:0,applyOutputs
FNDA:0,parseArguments
FNDA:0,main
FNDA:0,(anonymous_72)
DA:2,1
DA:10,1
DA:11,1
DA:12,1
DA:13,1
DA:14,1
DA:15,1
DA:16,1
DA:17,1
DA:18,1
DA:19,1
DA:20,1
DA:22,1
DA:23,1
DA:24,1
DA:31,1
DA:39,137
DA:46,0
DA:54,25
DA:55,25
DA:56,25
DA:57,0
DA:59,25
DA:63,3
DA:64,10
DA:65,0
DA:73,2
DA:74,2
DA:76,2
DA:77,2
DA:78,2
DA:79,25
DA:80,25
DA:81,25
DA:83,25
DA:84,25
DA:85,25
DA:86,25
DA:87,25
DA:89,25
DA:90,25
DA:91,0
DA:96,25
DA:99,2
DA:100,2
DA:101,2
DA:102,15
DA:103,15
DA:104,15
DA:105,1
DA:106,1
DA:110,14
DA:112,1
DA:113,12
DA:114,0
DA:116,1
DA:120,1
DA:121,1
DA:122,1
DA:123,1
DA:125,1
DA:126,1
DA:127,1
DA:128,1
DA:129,1
DA:130,1
DA:131,1
DA:132,1
DA:133,0
DA:135,1
DA:136,1
DA:138,0
DA:139,0
DA:143,0
DA:144,0
DA:146,0
DA:147,0
DA:148,0
DA:151,0
DA:155,0
DA:168,0
DA:169,0
DA:170,0
DA:172,0
DA:173,0
DA:179,0
DA:181,0
DA:185,0
DA:187,0
DA:191,0
DA:193,0
DA:197,0
DA:198,0
DA:199,0
DA:205,0
DA:207,0
DA:211,0
DA:212,0
DA:216,0
DA:217,0
DA:218,0
DA:219,0
DA:220,0
DA:221,0
DA:222,0
DA:225,0
DA:229,0
DA:230,0
DA:231,0
DA:235,0
DA:236,0
DA:237,0
DA:238,0
DA:239,0
DA:248,0
DA:249,0
DA:250,0
DA:254,0
DA:255,0
DA:270,0
DA:271,0
DA:273,0
DA:274,0
DA:287,0
DA:288,0
DA:289,0
DA:290,0
DA:293,0
DA:295,0
DA:298,0
DA:300,0
DA:301,0
DA:304,0
DA:306,0
DA:320,0
DA:321,0
DA:322,0
DA:323,0
DA:324,0
DA:325,0
DA:330,0
DA:331,0
DA:333,0
DA:334,0
DA:335,0
DA:336,0
DA:337,0
DA:338,0
DA:342,0
DA:343,0
DA:345,0
DA:346,0
DA:348,0
DA:351,0
DA:355,0
DA:359,0
DA:363,0
DA:364,0
DA:365,0
DA:368,0
DA:369,0
DA:371,0
DA:372,0
DA:373,0
DA:374,0
DA:375,0
DA:376,0
DA:377,0
DA:378,0
DA:379,0
DA:395,0
DA:400,0
DA:404,0
DA:405,0
DA:407,0
DA:408,0
DA:409,0
DA:410,0
DA:411,0
DA:412,0
DA:414,0
DA:418,0
DA:419,0
DA:420,0
DA:421,0
DA:422,0
DA:423,0
DA:424,0
DA:430,0
DA:435,0
DA:437,0
DA:442,0
DA:443,0
DA:444,0
DA:445,0
DA:446,0
DA:448,0
DA:450,0
DA:451,0
DA:452,0
DA:455,0
DA:459,0
DA:461,0
DA:463,0
DA:464,0
DA:465,0
DA:468,0
DA:471,0
DA:472,0
DA:473,0
DA:474,0
DA:476,0
DA:477,0
DA:481,0
DA:482,0
DA:483,0
DA:484,0
DA:485,0
DA:487,0
DA:488,0
DA:489,0
DA:490,0
DA:493,0
DA:502,0
DA:527,0
DA:528,0
DA:537,0
DA:545,0
DA:562,0
DA:567,0
DA:576,0
DA:580,0
DA:581,0
DA:583,0
DA:584,0
DA:593,0
DA:594,0
DA:595,0
DA:596,0
DA:597,0
DA:598,0
DA:599,0
DA:600,0
DA:604,0
DA:605,0
DA:610,0
DA:611,0
DA:612,0
DA:613,0
DA:614,0
DA:615,0
DA:617,0
DA:618,0
DA:620,0
DA:621,0
DA:624,0
DA:625,0
DA:626,0
DA:627,0
DA:629,0
DA:631,0
DA:632,0
DA:633,0
DA:634,0
DA:638,0
DA:640,0
DA:641,0
DA:651,0
DA:653,0
DA:656,0
DA:657,0
DA:658,0
DA:662,0
DA:668,0
DA:670,0
DA:671,0
DA:672,0
DA:673,0
DA:674,0
DA:675,0
DA:677,0
DA:679,0
DA:680,0
DA:681,0
DA:688,0
DA:698,0
DA:699,0
DA:700,0
DA:701,0
DA:706,0
DA:720,0
DA:724,0
DA:725,0
DA:726,0
DA:727,0
DA:728,0
DA:732,0
DA:733,0
DA:734,0
DA:735,0
DA:736,0
DA:737,0
DA:739,0
DA:742,0
DA:743,0
DA:745,0
DA:749,0
DA:756,0
DA:757,0
DA:758,0
DA:759,0
DA:760,0
DA:761,0
DA:762,0
DA:763,0
DA:764,0
DA:766,0
DA:767,0
DA:771,0
DA:775,0
DA:776,0
DA:782,0
DA:783,0
DA:784,0
DA:785,0
DA:789,0
DA:796,1
DA:797,0
DA:798,0
DA:799,0
LF:330
LH:66
BRDA:39,0,0,137
BRDA:39,0,1,0
BRDA:55,1,0,25
BRDA:55,1,1,0
BRDA:56,2,0,0
BRDA:56,2,1,25
BRDA:56,3,0,25
BRDA:56,3,1,25
BRDA:56,3,2,25
BRDA:64,4,0,0
BRDA:64,4,1,10
BRDA:66,5,0,0
BRDA:66,5,1,0
BRDA:73,6,0,0
BRDA:73,6,1,2
BRDA:73,7,0,2
BRDA:73,7,1,2
BRDA:74,8,0,2
BRDA:74,8,1,0
BRDA:80,9,0,25
BRDA:80,9,1,0
BRDA:81,10,0,24
BRDA:81,10,1,1
BRDA:86,11,0,0
BRDA:86,11,1,25
BRDA:86,12,0,25
BRDA:86,12,1,0
BRDA:86,12,2,0
BRDA:87,13,0,0
BRDA:87,13,1,25
BRDA:89,14,0,1
BRDA:89,14,1,24
BRDA:90,15,0,0
BRDA:90,15,1,25
BRDA:90,16,0,25
BRDA:90,16,1,25
BRDA:90,16,2,25
BRDA:102,17,0,15
BRDA:102,17,1,14
BRDA:104,18,0,1
BRDA:104,18,1,14
BRDA:113,19,0,0
BRDA:113,19,1,12
BRDA:120,20,0,0
BRDA:120,20,1,1
BRDA:120,21,0,1
BRDA:120,21,1,1
BRDA:121,22,0,1
BRDA:121,22,1,0
BRDA:127,23,0,1
BRDA:127,23,1,0
BRDA:130,24,0,0
BRDA:130,24,1,1
BRDA:130,25,0,1
BRDA:130,25,1,0
BRDA:132,26,0,0
BRDA:132,26,1,1
BRDA:132,27,0,1
BRDA:132,27,1,1
BRDA:135,28,0,1
BRDA:135,28,1,0
BRDA:138,29,0,0
BRDA:138,29,1,0
BRDA:147,30,0,0
BRDA:147,30,1,0
BRDA:161,31,0,0
BRDA:161,31,1,0
BRDA:161,31,2,0
BRDA:161,31,3,0
BRDA:162,32,0,0
BRDA:162,32,1,0
BRDA:162,32,2,0
BRDA:162,32,3,0
BRDA:163,33,0,0
BRDA:163,33,1,0
BRDA:168,34,0,0
BRDA:168,34,1,0
BRDA:169,35,0,0
BRDA:169,35,1,0
BRDA:169,36,0,0
BRDA:169,36,1,0
BRDA:172,37,0,0
BRDA:172,37,1,0
BRDA:173,38,0,0
BRDA:173,38,1,0
BRDA:174,39,0,0
BRDA:174,39,1,0
BRDA:174,39,2,0
BRDA:174,39,3,0
BRDA:181,40,0,0
BRDA:181,40,1,0
BRDA:182,41,0,0
BRDA:182,41,1,0
BRDA:187,42,0,0
BRDA:187,42,1,0
BRDA:188,43,0,0
BRDA:188,43,1,0
BRDA:197,44,0,0
BRDA:197,44,1,0
BRDA:198,45,0,0
BRDA:198,45,1,0
BRDA:198,46,0,0
BRDA:198,46,1,0
BRDA:199,47,0,0
BRDA:199,47,1,0
BRDA:200,48,0,0
BRDA:200,48,1,0
BRDA:200,48,2,0
BRDA:200,48,3,0
BRDA:207,49,0,0
BRDA:207,49,1,0
BRDA:212,50,0,0
BRDA:212,50,1,0
BRDA:220,51,0,0
BRDA:220,51,1,0
BRDA:231,52,0,0
BRDA:231,52,1,0
BRDA:237,53,0,0
BRDA:237,53,1,0
BRDA:238,54,0,0
BRDA:238,54,1,0
BRDA:238,55,0,0
BRDA:238,55,1,0
BRDA:242,56,0,0
BRDA:242,56,1,0
BRDA:249,57,0,0
BRDA:249,57,1,0
BRDA:250,58,0,0
BRDA:250,58,1,0
BRDA:254,59,0,0
BRDA:254,59,1,0
BRDA:271,60,0,0
BRDA:271,60,1,0
BRDA:288,61,0,0
BRDA:288,61,1,0
BRDA:289,62,0,0
BRDA:289,62,1,0
BRDA:289,63,0,0
BRDA:289,63,1,0
BRDA:289,63,2,0
BRDA:289,63,3,0
BRDA:295,64,0,0
BRDA:295,64,1,0
BRDA:300,65,0,0
BRDA:300,65,1,0
BRDA:301,66,0,0
BRDA:301,66,1,0
BRDA:313,67,0,0
BRDA:313,67,1,0
BRDA:314,68,0,0
BRDA:314,68,1,0
BRDA:315,69,0,0
BRDA:315,69,1,0
BRDA:320,70,0,0
BRDA:320,70,1,0
BRDA:321,71,0,0
BRDA:321,71,1,0
BRDA:321,71,2,0
BRDA:322,72,0,0
BRDA:322,72,1,0
BRDA:329,73,0,0
BRDA:330,74,0,0
BRDA:330,74,1,0
BRDA:333,75,0,0
BRDA:333,75,1,0
BRDA:333,76,0,0
BRDA:333,76,1,0
BRDA:336,77,0,0
BRDA:336,77,1,0
BRDA:336,78,0,0
BRDA:336,78,1,0
BRDA:337,79,0,0
BRDA:337,79,1,0
BRDA:338,80,0,0
BRDA:338,80,1,0
BRDA:339,81,0,0
BRDA:339,81,1,0
BRDA:343,82,0,0
BRDA:343,82,1,0
BRDA:345,83,0,0
BRDA:345,83,1,0
BRDA:345,84,0,0
BRDA:345,84,1,0
BRDA:362,85,0,0
BRDA:369,86,0,0
BRDA:369,86,1,0
BRDA:374,87,0,0
BRDA:374,87,1,0
BRDA:376,88,0,0
BRDA:376,88,1,0
BRDA:376,88,2,0
BRDA:379,89,0,0
BRDA:379,89,1,0
BRDA:382,90,0,0
BRDA:382,90,1,0
BRDA:385,91,0,0
BRDA:385,91,1,0
BRDA:423,92,0,0
BRDA:423,92,1,0
BRDA:426,93,0,0
BRDA:426,93,1,0
BRDA:430,94,0,0
BRDA:430,94,1,0
BRDA:430,94,2,0
BRDA:437,95,0,0
BRDA:437,95,1,0
BRDA:437,95,2,0
BRDA:437,95,3,0
BRDA:437,95,4,0
BRDA:443,96,0,0
BRDA:443,96,1,0
BRDA:444,97,0,0
BRDA:444,97,1,0
BRDA:455,98,0,0
BRDA:455,98,1,0
BRDA:455,98,2,0
BRDA:460,99,0,0
BRDA:460,99,1,0
BRDA:464,100,0,0
BRDA:464,100,1,0
BRDA:464,101,0,0
BRDA:464,101,1,0
BRDA:464,101,2,0
BRDA:474,102,0,0
BRDA:474,102,1,0
BRDA:484,103,0,0
BRDA:484,103,1,0
BRDA:490,104,0,0
BRDA:490,104,1,0
BRDA:542,105,0,0
BRDA:542,105,1,0
BRDA:567,106,0,0
BRDA:567,106,1,0
BRDA:590,107,0,0
BRDA:591,108,0,0
BRDA:606,109,0,0
BRDA:606,109,1,0
BRDA:613,110,0,0
BRDA:613,110,1,0
BRDA:618,111,0,0
BRDA:618,111,1,0
BRDA:618,112,0,0
BRDA:618,112,1,0
BRDA:620,113,0,0
BRDA:620,113,1,0
BRDA:621,114,0,0
BRDA:621,114,1,0
BRDA:621,114,2,0
BRDA:626,115,0,0
BRDA:626,115,1,0
BRDA:633,116,0,0
BRDA:633,116,1,0
BRDA:637,117,0,0
BRDA:637,117,1,0
BRDA:645,118,0,0
BRDA:645,118,1,0
BRDA:671,119,0,0
BRDA:671,119,1,0
BRDA:672,120,0,0
BRDA:672,120,1,0
BRDA:675,121,0,0
BRDA:675,121,1,0
BRDA:699,122,0,0
BRDA:699,122,1,0
BRDA:699,123,0,0
BRDA:699,123,1,0
BRDA:699,124,0,0
BRDA:699,124,1,0
BRDA:708,125,0,0
BRDA:708,125,1,0
BRDA:732,126,0,0
BRDA:732,126,1,0
BRDA:734,127,0,0
BRDA:734,127,1,0
BRDA:742,128,0,0
BRDA:742,128,1,0
BRDA:742,129,0,0
BRDA:742,129,1,0
BRDA:758,130,0,0
BRDA:758,130,1,0
BRDA:759,131,0,0
BRDA:759,131,1,0
BRDA:760,132,0,0
BRDA:760,132,1,0
BRDA:760,133,0,0
BRDA:760,133,1,0
BRDA:761,134,0,0
BRDA:761,134,1,0
BRDA:761,135,0,0
BRDA:761,135,1,0
BRDA:762,136,0,0
BRDA:762,136,1,0
BRDA:762,137,0,0
BRDA:762,137,1,0
BRDA:763,138,0,0
BRDA:763,138,1,0
BRDA:766,139,0,0
BRDA:766,139,1,0
BRDA:766,140,0,0
BRDA:766,140,1,0
BRDA:783,141,0,0
BRDA:783,141,1,0
BRDA:790,142,0,0
BRDA:790,142,1,0
BRDA:796,143,0,0
BRDA:796,143,1,1
BRDA:796,144,0,1
BRDA:796,144,1,1
BRF:308
BRH:42
end_of_record
TN:
SF:scripts/validate-genki-i-data.js
FN:9,readJson
FN:13,addError
FN:17,collectVocabularyRefs
FN:19,(anonymous_3)
FN:35,(anonymous_4)
FN:45,collectGrammarRefs
FN:47,(anonymous_6)
FN:56,(anonymous_7)
FN:66,validateGenkiData
FN:77,(anonymous_9)
FN:310,main
FN:313,(anonymous_11)
FN:322,(anonymous_12)
FNF:13
FNH:10
FNDA:41,readJson
FNDA:20506,addError
FNDA:17001,collectVocabularyRefs
FNDA:2503,(anonymous_3)
FNDA:26,(anonymous_4)
FNDA:16984,collectGrammarRefs
FNDA:2501,(anonymous_6)
FNDA:278,(anonymous_7)
FNDA:1,validateGenkiData
FNDA:667,(anonymous_9)
FNDA:0,main
FNDA:0,(anonymous_11)
FNDA:0,(anonymous_12)
DA:2,1
DA:7,1
DA:10,41
DA:14,20506
DA:18,17001
DA:19,2503
DA:20,1996
DA:22,15005
DA:23,1512
DA:24,13702
DA:29,14
DA:31,13702
DA:35,304
DA:36,26
DA:37,26
DA:41,13702
DA:46,16984
DA:47,2501
DA:48,1995
DA:50,14989
DA:51,1509
DA:52,13688
DA:56,316
DA:57,278
DA:58,278
DA:62,13688
DA:67,1
DA:68,1
DA:69,1
DA:70,1
DA:71,1
DA:72,1
DA:73,1
DA:74,1
DA:75,1
DA:76,1
DA:77,667
DA:80,1
DA:81,12
DA:82,12
DA:83,12
DA:84,12
DA:85,12
DA:86,12
DA:87,12
DA:92,12
DA:94,12
DA:95,676
DA:96,676
DA:104,4056
DA:110,676
DA:111,676
DA:116,676
DA:121,676
DA:126,676
DA:141,8788
DA:147,676
DA:152,676
DA:153,676
DA:158,676
DA:159,676
DA:160,676
DA:165,676
DA:166,676
DA:172,676
DA:174,676
DA:175,676
DA:178,12
DA:179,12
DA:180,12
DA:181,107
DA:182,107
DA:183,107
DA:184,107
DA:189,107
DA:190,107
DA:191,107
DA:192,107
DA:193,107
DA:196,12
DA:197,12
DA:198,12
DA:199,76
DA:200,12
DA:201,12
DA:203,12
DA:204,12
DA:205,12
DA:206,12
DA:207,87
DA:212,87
DA:213,814
DA:222,1
DA:223,38
DA:229,1
DA:230,278
DA:237,1
DA:238,1
DA:239,1
DA:240,1
DA:241,1
DA:242,145
DA:243,145
DA:244,145
DA:249,145
DA:250,145
DA:251,145
DA:253,1
DA:254,1
DA:255,10
DA:258,1
DA:259,1
DA:260,67
DA:261,67
DA:263,1
DA:264,30
DA:265,30
DA:272,1
DA:273,1
DA:278,1
DA:279,12
DA:286,1
DA:287,1
DA:288,1
DA:289,2
DA:296,1
DA:311,0
DA:312,0
DA:313,0
DA:314,0
DA:316,0
DA:321,1
DA:322,0
DA:323,0
DA:324,0
LF:135
LH:127
BRDA:14,0,0,0
BRDA:14,0,1,20506
BRDA:18,1,0,1996
BRDA:18,1,1,15005
BRDA:22,2,0,13493
BRDA:22,2,1,1512
BRDA:22,3,0,15005
BRDA:22,3,1,11715
BRDA:24,4,0,14
BRDA:24,4,1,13688
BRDA:25,5,0,13702
BRDA:25,5,1,14
BRDA:25,5,2,14
BRDA:31,6,0,304
BRDA:31,6,1,13398
BRDA:32,7,0,13702
BRDA:32,7,1,304
BRDA:36,8,0,26
BRDA:36,8,1,0
BRDA:36,9,0,26
BRDA:36,9,1,26
BRDA:46,10,0,1995
BRDA:46,10,1,14989
BRDA:50,11,0,13480
BRDA:50,11,1,1509
BRDA:50,12,0,14989
BRDA:50,12,1,11699
BRDA:52,13,0,316
BRDA:52,13,1,13372
BRDA:53,14,0,13688
BRDA:53,14,1,316
BRDA:57,15,0,278
BRDA:57,15,1,0
BRDA:77,16,0,1
BRDA:77,16,1,0
BRDA:89,17,0,12
BRDA:89,17,1,12
BRDA:92,18,0,12
BRDA:92,18,1,0
BRDA:94,19,0,12
BRDA:94,19,1,0
BRDA:106,20,0,4056
BRDA:106,20,1,4056
BRDA:106,20,2,4056
BRDA:165,21,0,676
BRDA:165,21,1,0
BRDA:168,22,0,676
BRDA:168,22,1,3
BRDA:180,23,0,12
BRDA:180,23,1,0
BRDA:199,24,0,12
BRDA:199,24,1,0
BRDA:206,25,0,12
BRDA:206,25,1,0
BRDA:212,26,0,87
BRDA:212,26,1,0
BRDA:215,27,0,814
BRDA:215,27,1,814
BRDA:241,28,0,1
BRDA:241,28,1,0
BRDA:246,29,0,145
BRDA:246,29,1,145
BRDA:246,29,2,145
BRDA:259,30,0,1
BRDA:259,30,1,0
BRDA:263,31,0,1
BRDA:263,31,1,0
BRDA:267,32,0,30
BRDA:267,32,1,0
BRDA:275,33,0,1
BRDA:275,33,1,0
BRDA:278,34,0,1
BRDA:278,34,1,0
BRDA:288,35,0,1
BRDA:288,35,1,0
BRDA:304,36,0,1
BRDA:304,36,1,0
BRDA:305,37,0,1
BRDA:305,37,1,0
BRDA:312,38,0,0
BRDA:312,38,1,0
BRDA:321,39,0,0
BRDA:321,39,1,1
BRDA:321,40,0,1
BRDA:321,40,1,1
BRF:85
BRH:62
end_of_record
TN:
SF:scripts/lib/xlsx.js
FN:4,decodeXml
FN:6,(anonymous_1)
FN:7,(anonymous_2)
FN:15,textRuns
FN:17,(anonymous_4)
FN:21,withoutTagPrefixes
FN:25,columnIndex
FN:32,firstWorksheetPath
FN:39,(anonymous_8)
FN:50,parseXlsxBuffer
FN:63,(anonymous_10)
FN:94,(anonymous_11)
FN:100,readXlsxRows
FNF:13
FNH:10
FNDA:8,decodeXml
FNDA:0,(anonymous_1)
FNDA:0,(anonymous_2)
FNDA:8,textRuns
FNDA:8,(anonymous_4)
FNDA:2,withoutTagPrefixes
FNDA:8,columnIndex
FNDA:1,firstWorksheetPath
FNDA:1,(anonymous_8)
FNDA:1,parseXlsxBuffer
FNDA:8,(anonymous_10)
FNDA:8,(anonymous_11)
FNDA:0,readXlsxRows
DA:1,1
DA:5,8
DA:6,0
DA:7,0
DA:16,8
DA:17,8
DA:22,2
DA:26,8
DA:27,8
DA:28,8
DA:29,8
DA:33,1
DA:34,1
DA:35,1
DA:36,1
DA:38,1
DA:39,1
DA:41,1
DA:42,1
DA:44,1
DA:45,1
DA:51,1
DA:54,1
DA:55,1
DA:56,0
DA:59,1
DA:62,1
DA:63,8
DA:66,1
DA:67,1
DA:68,1
DA:69,1
DA:71,1
DA:72,2
DA:73,2
DA:74,8
DA:75,8
DA:76,8
DA:77,8
DA:78,8
DA:80,8
DA:81,8
DA:82,8
DA:83,0
DA:85,8
DA:86,0
DA:87,0
DA:89,0
DA:91,8
DA:93,2
DA:94,8
DA:97,1
DA:101,0
LF:53
LH:45
BRDA:5,0,0,8
BRDA:5,0,1,0
BRDA:16,1,0,8
BRDA:16,1,1,0
BRDA:22,2,0,2
BRDA:22,2,1,0
BRDA:26,3,0,8
BRDA:26,3,1,0
BRDA:26,4,0,8
BRDA:26,4,1,0
BRDA:36,5,0,0
BRDA:36,5,1,1
BRDA:42,6,0,0
BRDA:42,6,1,1
BRDA:45,7,0,0
BRDA:45,7,1,1
BRDA:51,8,0,1
BRDA:51,8,1,0
BRDA:55,9,0,0
BRDA:55,9,1,1
BRDA:55,10,0,1
BRDA:55,10,1,1
BRDA:59,11,0,1
BRDA:59,11,1,0
BRDA:67,12,0,0
BRDA:67,12,1,1
BRDA:75,13,0,8
BRDA:75,13,1,0
BRDA:78,14,0,8
BRDA:78,14,1,0
BRDA:80,15,0,8
BRDA:80,15,1,0
BRDA:82,16,0,0
BRDA:82,16,1,8
BRDA:82,17,0,8
BRDA:82,17,1,8
BRDA:86,18,0,0
BRDA:86,18,1,0
BRDA:94,19,0,8
BRDA:94,19,1,0
BRF:40
BRH:21
end_of_record
TN:
SF:src/a11y-helpers.js
FN:25,getPoliteRegion
FN:39,getAlertRegion
FN:60,announce
FN:65,(anonymous_3)
FN:80,announceAlert
FN:84,(anonymous_5)
FN:95,announceNavigation
FN:108,focusScreenHeading
FN:131,getFocusableElements
FN:137,(anonymous_9)
FN:149,openModal
FN:164,(anonymous_11)
FN:167,trapFocus
FN:189,escapeHandler
FN:203,cleanup
FN:218,closeModal
FN:230,(anonymous_16)
FN:240,prefersReducedMotion
FN:254,setScreenInert
FNF:19
FNH:19
FNDA:24,getPoliteRegion
FNDA:1,getAlertRegion
FNDA:24,announce
FNDA:3,(anonymous_3)
FNDA:1,announceAlert
FNDA:1,(anonymous_5)
FNDA:21,announceNavigation
FNDA:20,focusScreenHeading
FNDA:5,getFocusableElements
FNDA:10,(anonymous_9)
FNDA:3,openModal
FNDA:3,(anonymous_11)
FNDA:2,trapFocus
FNDA:4,escapeHandler
FNDA:1,cleanup
FNDA:1,closeModal
FNDA:1,(anonymous_16)
FNDA:2,prefersReducedMotion
FNDA:87,setScreenInert
DA:21,20
DA:22,20
DA:23,20
DA:26,24
DA:27,16
DA:28,16
DA:29,13
DA:30,13
DA:31,13
DA:32,13
DA:33,13
DA:34,13
DA:36,16
DA:40,1
DA:41,1
DA:42,1
DA:43,0
DA:44,0
DA:45,0
DA:46,0
DA:47,0
DA:48,0
DA:50,1
DA:61,24
DA:63,24
DA:64,4
DA:65,4
DA:66,3
DA:69,20
DA:71,24
DA:81,1
DA:83,1
DA:84,1
DA:85,1
DA:96,21
DA:109,20
DA:110,19
DA:111,19
DA:113,18
DA:114,17
DA:116,18
DA:117,18
DA:119,1
DA:120,1
DA:122,1
DA:128,20
DA:132,5
DA:137,10
DA:150,3
DA:152,3
DA:155,3
DA:158,3
DA:159,3
DA:160,3
DA:161,0
DA:164,3
DA:168,2
DA:169,2
DA:170,2
DA:172,2
DA:173,2
DA:175,2
DA:176,0
DA:177,0
DA:178,0
DA:181,2
DA:182,1
DA:183,1
DA:190,4
DA:191,2
DA:192,2
DA:196,3
DA:197,3
DA:198,3
DA:202,3
DA:204,1
DA:205,1
DA:206,1
DA:219,1
DA:221,1
DA:222,1
DA:223,1
DA:224,1
DA:227,1
DA:228,1
DA:230,1
DA:241,2
DA:255,87
DA:256,86
DA:257,62
DA:258,62
DA:260,24
DA:261,24
LF:93
LH:83
BRDA:26,0,0,8
BRDA:26,0,1,16
BRDA:26,1,0,24
BRDA:26,1,1,20
BRDA:28,2,0,13
BRDA:28,2,1,3
BRDA:40,3,0,0
BRDA:40,3,1,1
BRDA:40,4,0,1
BRDA:40,4,1,0
BRDA:42,5,0,0
BRDA:42,5,1,1
BRDA:63,6,0,4
BRDA:63,6,1,20
BRDA:109,7,0,1
BRDA:109,7,1,19
BRDA:111,8,0,18
BRDA:111,8,1,1
BRDA:113,9,0,17
BRDA:113,9,1,1
BRDA:119,10,0,1
BRDA:119,10,1,0
BRDA:137,11,0,10
BRDA:137,11,1,10
BRDA:149,12,0,3
BRDA:150,13,0,0
BRDA:150,13,1,3
BRDA:152,14,0,3
BRDA:155,15,0,3
BRDA:155,15,1,0
BRDA:159,16,0,3
BRDA:159,16,1,0
BRDA:160,17,0,0
BRDA:160,17,1,3
BRDA:160,18,0,3
BRDA:160,18,1,3
BRDA:168,19,0,0
BRDA:168,19,1,2
BRDA:170,20,0,0
BRDA:170,20,1,2
BRDA:175,21,0,0
BRDA:175,21,1,2
BRDA:176,22,0,0
BRDA:176,22,1,0
BRDA:181,23,0,1
BRDA:181,23,1,1
BRDA:190,24,0,2
BRDA:190,24,1,2
BRDA:197,25,0,3
BRDA:197,25,1,0
BRDA:205,26,0,1
BRDA:205,26,1,0
BRDA:219,27,0,0
BRDA:219,27,1,1
BRDA:222,28,0,1
BRDA:222,28,1,0
BRDA:227,29,0,1
BRDA:227,29,1,0
BRDA:228,30,0,1
BRDA:228,30,1,0
BRDA:228,31,0,1
BRDA:228,31,1,1
BRDA:228,31,2,1
BRDA:255,32,0,1
BRDA:255,32,1,86
BRDA:256,33,0,62
BRDA:256,33,1,24
BRF:67
BRH:48
end_of_record
TN:
SF:src/ai-disclosure.js
FN:5,ensureAIPrivacyDisclosure
FN:6,(anonymous_1)
FN:47,(anonymous_2)
FN:52,(anonymous_3)
FNF:4
FNH:2
FNDA:8,ensureAIPrivacyDisclosure
FNDA:8,(anonymous_1)
FNDA:0,(anonymous_2)
FNDA:0,(anonymous_3)
DA:6,8
DA:7,8
DA:8,8
DA:9,8
DA:12,0
DA:13,0
DA:15,0
DA:16,0
DA:17,0
DA:18,0
DA:19,0
DA:20,0
DA:42,0
DA:44,0
DA:45,0
DA:47,0
DA:48,0
DA:49,0
DA:52,0
DA:53,0
DA:54,0
DA:55,0
DA:57,0
DA:58,0
LF:24
LH:4
BRDA:7,0,0,8
BRDA:7,0,1,0
BRDA:13,1,0,0
BRDA:13,1,1,0
BRDA:53,2,0,0
BRDA:53,2,1,0
BRDA:55,3,0,0
BRDA:55,3,1,0
BRF:8
BRH:1
end_of_record
TN:
SF:src/ai-story-parser.js
FN:7,extractJsonObjectString
FN:29,parseAndValidateAIStory
FN:63,(anonymous_2)
FNF:3
FNH:3
FNDA:27,extractJsonObjectString
FNDA:28,parseAndValidateAIStory
FNDA:8,(anonymous_2)
DA:8,27
DA:14,27
DA:15,27
DA:17,27
DA:18,22
DA:21,27
DA:30,28
DA:31,1
DA:39,27
DA:40,27
DA:41,0
DA:50,27
DA:51,27
DA:53,6
DA:61,21
DA:62,21
DA:63,8
DA:68,8
DA:76,13
LF:19
LH:18
BRDA:17,0,0,22
BRDA:17,0,1,5
BRDA:17,1,0,27
BRDA:17,1,1,23
BRDA:17,1,2,22
BRDA:30,2,0,1
BRDA:30,2,1,27
BRDA:30,3,0,28
BRDA:30,3,1,28
BRDA:40,4,0,0
BRDA:40,4,1,27
BRDA:62,5,0,8
BRDA:62,5,1,13
BRF:13
BRH:12
end_of_record
TN:
SF:src/ai-story-schema.js
FN:4,(anonymous_0)
FN:9,(anonymous_1)
FN:25,(anonymous_2)
FN:36,(anonymous_3)
FN:42,(anonymous_4)
FN:48,(anonymous_5)
FN:54,(anonymous_6)
FN:60,(anonymous_7)
FN:66,(anonymous_8)
FN:72,(anonymous_9)
FN:81,(anonymous_10)
FN:87,(anonymous_11)
FN:93,(anonymous_12)
FN:102,(anonymous_13)
FN:111,(anonymous_14)
FN:120,(anonymous_15)
FN:128,(anonymous_16)
FN:131,(anonymous_17)
FN:138,(anonymous_18)
FN:146,(anonymous_19)
FN:155,(anonymous_20)
FN:164,(anonymous_21)
FN:182,(anonymous_22)
FN:195,(anonymous_23)
FN:213,(anonymous_24)
FN:215,(anonymous_25)
FNF:26
FNH:25
FNDA:159,(anonymous_0)
FNDA:3,(anonymous_1)
FNDA:1,(anonymous_2)
FNDA:91,(anonymous_3)
FNDA:91,(anonymous_4)
FNDA:91,(anonymous_5)
FNDA:91,(anonymous_6)
FNDA:91,(anonymous_7)
FNDA:91,(anonymous_8)
FNDA:91,(anonymous_9)
FNDA:91,(anonymous_10)
FNDA:91,(anonymous_11)
FNDA:91,(anonymous_12)
FNDA:91,(anonymous_13)
FNDA:91,(anonymous_14)
FNDA:91,(anonymous_15)
FNDA:5,(anonymous_16)
FNDA:1,(anonymous_17)
FNDA:91,(anonymous_18)
FNDA:0,(anonymous_19)
FNDA:91,(anonymous_20)
FNDA:91,(anonymous_21)
FNDA:67,(anonymous_22)
FNDA:67,(anonymous_23)
FNDA:13,(anonymous_24)
FNDA:39,(anonymous_25)
DA:4,53
DA:5,159
DA:10,3
DA:11,3
DA:12,3
DA:13,3
DA:16,53
DA:25,1
DA:30,53
DA:36,91
DA:42,91
DA:48,91
DA:54,91
DA:60,91
DA:66,91
DA:73,91
DA:74,91
DA:81,91
DA:87,91
DA:94,91
DA:95,91
DA:103,91
DA:104,91
DA:112,91
DA:113,91
DA:121,91
DA:122,91
DA:128,5
DA:131,1
DA:139,91
DA:140,91
DA:146,0
DA:156,91
DA:157,91
DA:165,91
DA:174,53
DA:182,67
DA:195,67
DA:205,53
DA:215,39
DA:219,13
LF:41
LH:40
BRDA:4,0,0,159
BRDA:10,1,0,3
BRDA:10,1,1,0
BRDA:11,2,0,0
BRDA:11,2,1,3
BRDA:12,3,0,0
BRDA:12,3,1,3
BRDA:12,4,0,3
BRDA:12,4,1,3
BRDA:25,5,0,1
BRDA:25,5,1,0
BRDA:25,6,0,1
BRDA:25,6,1,0
BRDA:36,7,0,91
BRDA:36,7,1,84
BRDA:42,8,0,91
BRDA:42,8,1,90
BRDA:48,9,0,91
BRDA:48,9,1,9
BRDA:54,10,0,91
BRDA:54,10,1,7
BRDA:60,11,0,91
BRDA:60,11,1,7
BRDA:66,12,0,91
BRDA:66,12,1,91
BRDA:73,13,0,91
BRDA:73,13,1,11
BRDA:74,14,0,80
BRDA:74,14,1,11
BRDA:81,15,0,91
BRDA:81,15,1,91
BRDA:87,16,0,91
BRDA:87,16,1,91
BRDA:94,17,0,91
BRDA:94,17,1,90
BRDA:95,18,0,91
BRDA:95,18,1,90
BRDA:103,19,0,91
BRDA:103,19,1,90
BRDA:104,20,0,91
BRDA:104,20,1,90
BRDA:112,21,0,91
BRDA:112,21,1,90
BRDA:113,22,0,91
BRDA:113,22,1,90
BRDA:121,23,0,91
BRDA:121,23,1,86
BRDA:122,24,0,91
BRDA:122,24,1,86
BRDA:139,25,0,91
BRDA:139,25,1,91
BRDA:140,26,0,91
BRDA:140,26,1,91
BRDA:146,27,0,0
BRDA:146,27,1,0
BRDA:156,28,0,91
BRDA:156,28,1,90
BRDA:157,29,0,91
BRDA:157,29,1,90
BRDA:165,30,0,91
BRDA:165,30,1,7
BRDA:165,30,2,84
BRDA:165,30,3,81
BRDA:165,30,4,3
BRDA:165,30,5,2
BRF:65
BRH:58
end_of_record
TN:
SF:src/app-metadata.js
FNF:0
FNH:0
DA:4,159
DA:5,159
DA:6,159
DA:8,159
DA:9,159
DA:10,159
DA:11,159
DA:12,159
LF:8
LH:8
BRF:0
BRH:0
end_of_record
TN:
SF:src/audio-helper.js
[...]
FN:79,submitReview
FN:270,_wordFromStateById
FN:272,(anonymous_6)
FN:276,(anonymous_7)
FN:282,(anonymous_8)
FN:294,latestUndoableEvent
FN:298,(anonymous_10)
FN:302,undoLastReview
FN:305,(anonymous_12)
FN:359,createUndoButton
FN:365,(anonymous_14)
FN:369,renderCardBehaviorControls
FN:403,renderCompletionUndo
FNF:17
FNH:6
FNDA:0,monotonicNow
FNDA:0,startReviewTiming
FNDA:0,markReviewAnswered
FNDA:16,consumeReviewContext
FNDA:16,submitReview
FNDA:2,_wordFromStateById
FNDA:2,(anonymous_6)
FNDA:0,(anonymous_7)
FNDA:0,(anonymous_8)
FNDA:0,latestUndoableEvent
FNDA:0,(anonymous_10)
FNDA:2,undoLastReview
FNDA:7,(anonymous_12)
FNDA:0,createUndoButton
FNDA:0,(anonymous_14)
FNDA:0,renderCardBehaviorControls
FNDA:0,renderCompletionUndo
DA:43,0
DA:50,0
DA:56,0
DA:60,0
DA:61,0
DA:66,16
DA:67,16
DA:70,0
DA:71,16
DA:75,16
DA:76,16
DA:80,16
DA:81,16
DA:91,16
DA:92,16
DA:93,16
DA:94,6
DA:95,6
DA:96,3
DA:97,3
DA:107,3
DA:108,0
DA:114,3
DA:124,3
DA:125,1
DA:127,1
DA:129,1
DA:131,1
DA:134,1
DA:144,1
DA:145,1
DA:146,1
DA:147,1
DA:148,1
DA:153,3
DA:156,10
DA:158,10
DA:159,16
DA:160,16
DA:162,16
DA:163,0
DA:165,10
DA:166,10
DA:167,16
DA:168,16
DA:169,16
DA:170,16
DA:171,16
DA:172,16
DA:173,16
DA:184,16
DA:185,0
DA:187,10
DA:190,10
DA:191,10
DA:192,10
DA:193,10
DA:194,10
DA:195,10
DA:205,10
DA:206,10
DA:209,10
DA:210,16
DA:211,16
DA:212,1
DA:217,10
DA:218,16
DA:219,16
DA:221,16
DA:230,16
DA:234,16
DA:235,2
DA:236,2
DA:237,2
DA:239,1
DA:243,1
DA:244,1
DA:254,1
DA:255,1
DA:256,1
DA:257,1
DA:258,1
DA:263,10
DA:271,2
DA:272,2
DA:273,2
DA:275,0
DA:276,0
DA:277,0
DA:279,0
DA:280,2
DA:281,0
DA:282,0
DA:283,0
DA:285,0
DA:286,0
DA:287,0
DA:291,0
DA:295,0
DA:298,0
DA:303,2
DA:304,2
DA:305,7
DA:307,2
DA:309,2
DA:310,2
DA:311,2
DA:312,2
DA:313,2
DA:314,2
DA:315,2
DA:316,2
DA:317,2
DA:318,2
DA:319,2
DA:337,2
DA:338,2
DA:339,2
DA:341,2
DA:342,2
DA:343,2
DA:344,2
DA:345,2
DA:346,2
DA:348,2
DA:349,2
DA:350,2
DA:351,2
DA:352,2
DA:353,2
DA:354,2
DA:356,2
DA:360,0
DA:361,0
DA:362,0
DA:363,0
DA:364,0
DA:365,0
DA:366,0
DA:370,0
DA:371,0
DA:372,0
DA:374,0
DA:375,0
DA:377,0
DA:381,0
DA:384,0
DA:385,0
DA:387,0
DA:388,0
DA:389,0
DA:390,0
DA:391,0
DA:393,0
DA:394,0
DA:395,0
DA:396,0
DA:397,0
DA:399,0
DA:404,0
DA:405,0
DA:406,0
DA:407,0
DA:408,0
LF:164
LH:110
BRDA:43,0,0,0
BRDA:43,0,1,0
BRDA:43,1,0,0
BRDA:43,1,1,0
BRDA:60,2,0,0
BRDA:60,2,1,0
BRDA:60,3,0,0
BRDA:60,3,1,0
BRDA:65,4,0,16
BRDA:66,5,0,16
BRDA:66,5,1,0
BRDA:70,6,0,0
BRDA:70,6,1,0
BRDA:79,7,0,16
BRDA:80,8,0,16
BRDA:80,8,1,0
BRDA:83,9,0,16
BRDA:83,9,1,0
BRDA:84,10,0,16
BRDA:84,10,1,0
BRDA:86,11,0,14
BRDA:86,11,1,2
BRDA:86,12,0,16
BRDA:86,12,1,16
BRDA:92,13,0,0
BRDA:92,13,1,16
BRDA:93,14,0,6
BRDA:93,14,1,10
BRDA:93,15,0,16
BRDA:93,15,1,16
BRDA:95,16,0,3
BRDA:95,16,1,3
BRDA:107,17,0,0
BRDA:107,17,1,3
BRDA:124,18,0,1
BRDA:124,18,1,2
BRDA:124,19,0,3
BRDA:124,19,1,1
BRDA:127,20,0,1
BRDA:127,20,1,0
BRDA:128,21,0,0
BRDA:128,21,1,0
BRDA:129,22,0,1
BRDA:129,22,1,0
BRDA:131,23,0,1
BRDA:131,23,1,0
BRDA:131,24,0,1
BRDA:131,24,1,1
BRDA:141,25,0,1
BRDA:141,25,1,0
BRDA:142,26,0,1
BRDA:142,26,1,0
BRDA:144,27,0,1
BRDA:144,27,1,0
BRDA:158,28,0,4
BRDA:158,28,1,6
BRDA:162,29,0,0
BRDA:162,29,1,16
BRDA:162,30,0,16
BRDA:162,30,1,9
BRDA:162,30,2,2
BRDA:166,31,0,10
BRDA:166,31,1,0
BRDA:167,32,0,16
BRDA:167,32,1,10
BRDA:170,33,0,16
BRDA:170,33,1,10
BRDA:171,34,0,16
BRDA:171,34,1,10
BRDA:180,35,0,16
BRDA:180,35,1,10
BRDA:180,35,2,8
BRDA:184,36,0,0
BRDA:184,36,1,10
BRDA:190,37,0,10
BRDA:190,37,1,0
BRDA:191,38,0,0
BRDA:191,38,1,10
BRDA:209,39,0,10
BRDA:209,39,1,0
BRDA:211,40,0,1
BRDA:211,40,1,15
BRDA:211,41,0,16
BRDA:211,41,1,10
BRDA:217,42,0,0
BRDA:217,42,1,10
BRDA:218,43,0,0
BRDA:218,43,1,10
BRDA:218,44,0,0
BRDA:218,44,1,0
BRDA:219,45,0,16
BRDA:219,45,1,10
BRDA:225,46,0,16
BRDA:225,46,1,0
BRDA:234,47,0,2
BRDA:234,47,1,14
BRDA:234,48,0,16
BRDA:234,48,1,10
BRDA:236,49,0,1
BRDA:236,49,1,1
BRDA:237,50,0,1
BRDA:237,50,1,1
BRDA:239,51,0,1
BRDA:239,51,1,0
BRDA:239,52,0,1
BRDA:239,52,1,1
BRDA:243,53,0,1
BRDA:243,53,1,0
BRDA:243,54,0,1
BRDA:243,54,1,1
BRDA:247,55,0,1
BRDA:247,55,1,0
BRDA:252,56,0,1
BRDA:252,56,1,0
BRDA:254,57,0,1
BRDA:254,57,1,0
BRDA:271,58,0,2
BRDA:271,58,1,0
BRDA:273,59,0,2
BRDA:273,59,1,0
BRDA:275,60,0,0
BRDA:275,60,1,0
BRDA:277,61,0,0
BRDA:277,61,1,0
BRDA:279,62,0,0
BRDA:279,62,1,0
BRDA:279,62,2,0
BRDA:281,63,0,0
BRDA:281,63,1,0
BRDA:281,63,2,0
BRDA:283,64,0,0
BRDA:283,64,1,0
BRDA:287,65,0,0
BRDA:287,65,1,0
BRDA:296,66,0,0
BRDA:296,66,1,0
BRDA:296,67,0,0
BRDA:296,67,1,0
BRDA:298,68,0,0
BRDA:298,68,1,0
BRDA:298,68,2,0
BRDA:304,69,0,2
BRDA:304,69,1,0
BRDA:305,70,0,2
BRDA:305,70,1,0
BRDA:307,71,0,0
BRDA:307,71,1,2
BRDA:312,72,0,0
BRDA:312,72,1,2
BRDA:313,73,0,0
BRDA:313,73,1,2
BRDA:313,74,0,2
BRDA:313,74,1,0
BRDA:314,75,0,2
BRDA:314,75,1,0
BRDA:315,76,0,0
BRDA:315,76,1,2
BRDA:337,77,0,2
BRDA:337,77,1,0
BRDA:338,78,0,2
BRDA:338,78,1,0
BRDA:353,79,0,2
BRDA:353,79,1,0
BRDA:372,80,0,0
BRDA:372,80,1,0
BRDA:372,81,0,0
BRDA:372,81,1,0
BRDA:375,82,0,0
BRDA:375,82,1,0
BRDA:377,83,0,0
BRDA:377,83,1,0
BRDA:378,84,0,0
BRDA:378,84,1,0
BRDA:378,84,2,0
BRDA:385,85,0,0
BRDA:385,85,1,0
BRDA:394,86,0,0
BRDA:394,86,1,0
BRDA:394,87,0,0
BRDA:394,87,1,0
BRDA:405,88,0,0
BRDA:405,88,1,0
BRDA:407,89,0,0
BRDA:407,89,1,0
BRDA:407,90,0,0
BRDA:407,90,1,0
BRF:186
BRH:89
end_of_record
TN:
SF:ui/flashcards/sensei-review-actions.js
FN:32,shouldShowSenseiAction
FN:132,buildSenseiActionInput
FNF:2
FNH:2
FNDA:8,shouldShowSenseiAction
FNDA:2,buildSenseiActionInput
DA:19,25
DA:33,8
DA:35,8
DA:38,8
DA:41,7
DA:43,7
DA:44,7
DA:47,7
DA:52,8
DA:54,8
DA:55,8
DA:58,8
DA:59,2
DA:65,2
DA:66,1
DA:73,2
DA:77,5
DA:78,2
DA:83,2
DA:84,0
DA:90,2
DA:94,3
DA:95,1
DA:100,1
DA:101,1
DA:106,1
DA:110,2
DA:111,1
DA:116,1
DA:120,1
DA:138,2
DA:139,1
DA:149,1
LF:33
LH:32
BRDA:33,0,0,0
BRDA:33,0,1,8
BRDA:38,1,0,1
BRDA:38,1,1,7
BRDA:38,2,0,8
BRDA:38,2,1,8
BRDA:41,3,0,0
BRDA:41,3,1,7
BRDA:47,4,0,7
BRDA:47,4,1,3
BRDA:47,4,2,3
BRDA:47,4,3,0
BRDA:47,4,4,0
BRDA:52,5,0,8
BRDA:52,5,1,0
BRDA:52,5,2,0
BRDA:52,5,3,7
BRDA:58,6,0,2
BRDA:58,6,1,6
BRDA:58,7,0,8
BRDA:58,7,1,4
BRDA:65,8,0,1
BRDA:65,8,1,1
BRDA:77,9,0,2
BRDA:77,9,1,3
BRDA:77,10,0,5
BRDA:77,10,1,2
BRDA:83,11,0,0
BRDA:83,11,1,2
BRDA:94,12,0,1
BRDA:94,12,1,2
BRDA:94,13,0,3
BRDA:94,13,1,2
BRDA:95,14,0,1
BRDA:95,14,1,0
BRDA:97,15,0,0
BRDA:97,15,1,0
BRDA:100,16,0,0
BRDA:100,16,1,1
BRDA:104,17,0,0
BRDA:104,17,1,1
BRDA:110,18,0,1
BRDA:110,18,1,1
BRDA:135,19,0,2
BRDA:136,20,0,2
BRDA:138,21,0,1
BRDA:138,21,1,1
BRDA:151,22,0,1
BRDA:151,22,1,1
BRDA:152,23,0,2
BRDA:152,23,1,0
BRDA:152,24,0,0
BRDA:152,24,1,0
BRF:53
BRH:38
end_of_record
TN:
SF:ui/flashcards/sensei-review-panel.js
FN:30,generateId
FN:36,el
FN:59,closeSenseiPanel
FN:75,renderPanelQuiz
FN:78,(anonymous_4)
FN:84,(anonymous_5)
FN:91,(anonymous_6)
FN:103,(anonymous_7)
FN:130,renderComparison
FN:138,(anonymous_9)
FN:153,escapeHtml
FN:154,(anonymous_11)
FN:167,buildPanel
FN:217,(anonymous_13)
FN:234,(anonymous_14)
FN:235,(anonymous_15)
FN:268,(anonymous_16)
FN:302,(anonymous_17)
FN:315,(anonymous_18)
FN:329,setLoading
FN:340,showErrorInContainer
FN:368,openSenseiPanel
FN:402,(anonymous_22)
FN:412,(anonymous_23)
FN:432,(anonymous_24)
FN:507,renderPostReviewSenseiActions
FN:548,(anonymous_26)
FN:555,(anonymous_27)
FN:567,clearPostReviewSenseiActions
FNF:29
FNH:2
FNDA:0,generateId
FNDA:0,el
FNDA:2,closeSenseiPanel
FNDA:0,renderPanelQuiz
FNDA:0,(anonymous_4)
FNDA:0,(anonymous_5)
FNDA:0,(anonymous_6)
FNDA:0,(anonymous_7)
FNDA:0,renderComparison
FNDA:0,(anonymous_9)
FNDA:0,escapeHtml
FNDA:0,(anonymous_11)
FNDA:0,buildPanel
FNDA:0,(anonymous_13)
FNDA:0,(anonymous_14)
FNDA:0,(anonymous_15)
FNDA:0,(anonymous_16)
FNDA:0,(anonymous_17)
FNDA:0,(anonymous_18)
FNDA:0,setLoading
FNDA:0,showErrorInContainer
FNDA:0,openSenseiPanel
FNDA:0,(anonymous_22)
FNDA:0,(anonymous_23)
FNDA:0,(anonymous_24)
FNDA:0,renderPostReviewSenseiActions
FNDA:0,(anonymous_26)
FNDA:0,(anonymous_27)
FNDA:1,clearPostReviewSenseiActions
DA:31,0
DA:37,0
DA:38,0
DA:39,0
DA:40,0
DA:41,0
DA:42,0
DA:43,0
DA:45,0
DA:46,0
DA:53,23
DA:54,23
DA:60,2
DA:61,0
DA:62,0
DA:64,2
DA:65,0
DA:66,0
DA:76,0
DA:78,0
DA:79,0
DA:81,0
DA:82,0
DA:84,0
DA:85,0
DA:86,0
DA:87,0
DA:88,0
DA:89,0
DA:91,0
DA:92,0
DA:93,0
DA:98,0
DA:99,0
DA:100,0
DA:101,0
DA:103,0
DA:104,0
DA:105,0
DA:107,0
DA:110,0
DA:111,0
DA:112,0
DA:120,0
DA:123,0
DA:131,0
DA:132,0
DA:133,0
DA:134,0
DA:135,0
DA:136,0
DA:137,0
DA:138,0
DA:139,0
DA:140,0
DA:141,0
DA:146,0
DA:148,0
DA:149,0
DA:150,0
DA:154,0
DA:155,0
DA:156,0
DA:157,0
DA:158,0
DA:159,0
DA:168,0
DA:178,0
DA:179,0
DA:183,0
DA:189,0
DA:190,0
DA:191,0
DA:193,0
DA:195,0
DA:197,0
DA:198,0
DA:202,0
DA:203,0
DA:204,0
DA:205,0
DA:206,0
DA:210,0
DA:211,0
DA:214,0
DA:215,0
DA:216,0
DA:217,0
DA:218,0
DA:219,0
DA:224,0
DA:226,0
DA:230,0
DA:231,0
DA:233,0
DA:234,0
DA:235,0
DA:236,0
DA:237,0
DA:242,0
DA:244,0
DA:245,0
DA:246,0
DA:247,0
DA:248,0
DA:249,0
DA:254,0
DA:255,0
DA:258,0
DA:259,0
DA:260,0
DA:261,0
DA:262,0
DA:265,0
DA:266,0
DA:267,0
DA:268,0
DA:269,0
DA:270,0
DA:271,0
DA:273,0
DA:276,0
DA:277,0
DA:280,0
DA:281,0
DA:282,0
DA:283,0
DA:284,0
DA:288,0
DA:289,0
DA:293,0
DA:296,0
DA:297,0
DA:302,0
DA:303,0
DA:304,0
DA:305,0
DA:307,0
DA:308,0
DA:309,0
DA:311,0
DA:312,0
DA:315,0
DA:316,0
DA:317,0
DA:318,0
DA:322,0
DA:330,0
DA:331,0
DA:332,0
DA:333,0
DA:336,0
DA:341,0
DA:342,0
DA:343,0
DA:344,0
DA:349,0
DA:350,0
DA:352,0
DA:369,0
DA:370,0
DA:372,0
DA:373,0
DA:376,0
DA:378,0
DA:381,0
DA:382,0
DA:383,0
DA:385,0
DA:386,0
DA:389,0
DA:390,0
DA:393,0
DA:396,0
DA:397,0
DA:398,0
DA:399,0
DA:400,0
DA:402,0
DA:403,0
DA:406,0
DA:408,0
DA:409,0
DA:410,0
DA:412,0
DA:414,0
DA:415,0
DA:416,0
DA:419,0
DA:420,0
DA:422,0
DA:423,0
DA:424,0
DA:425,0
DA:426,0
DA:427,0
DA:432,0
DA:433,0
DA:434,0
DA:436,0
DA:437,0
DA:441,0
DA:442,0
DA:444,0
DA:447,0
DA:448,0
DA:453,0
DA:456,0
DA:458,0
DA:459,0
DA:467,0
DA:469,0
DA:470,0
DA:472,0
DA:479,0
DA:480,0
DA:485,0
DA:487,0
DA:488,0
DA:492,0
DA:512,0
DA:514,0
DA:515,0
DA:518,0
DA:519,0
DA:520,0
DA:521,0
DA:522,0
DA:523,0
DA:524,0
DA:528,0
DA:530,0
DA:531,0
DA:532,0
DA:536,0
DA:539,0
DA:543,0
DA:545,0
DA:546,0
DA:548,0
DA:549,0
DA:555,0
DA:556,0
DA:558,0
DA:561,0
DA:568,1
DA:569,1
LF:247
LH:6
BRDA:31,0,0,0
BRDA:31,0,1,0
BRDA:31,1,0,0
BRDA:31,1,1,0
BRDA:36,2,0,0
BRDA:36,3,0,0
BRDA:38,4,0,0
BRDA:38,4,1,0
BRDA:39,5,0,0
BRDA:39,5,1,0
BRDA:39,6,0,0
BRDA:39,6,1,0
BRDA:40,7,0,0
BRDA:40,7,1,0
BRDA:41,8,0,0
BRDA:41,8,1,0
BRDA:42,9,0,0
BRDA:42,9,1,0
BRDA:43,10,0,0
BRDA:43,10,1,0
BRDA:43,11,0,0
BRDA:43,11,1,0
BRDA:45,12,0,0
BRDA:45,12,1,0
BRDA:60,13,0,0
BRDA:60,13,1,2
BRDA:64,14,0,0
BRDA:64,14,1,2
BRDA:64,15,0,2
BRDA:64,15,1,0
BRDA:76,16,0,0
BRDA:76,16,1,0
BRDA:76,17,0,0
BRDA:76,17,1,0
BRDA:79,18,0,0
BRDA:79,18,1,0
BRDA:85,19,0,0
BRDA:85,19,1,0
BRDA:85,20,0,0
BRDA:85,20,1,0
BRDA:87,21,0,0
BRDA:87,21,1,0
BRDA:89,22,0,0
BRDA:89,22,1,0
BRDA:92,23,0,0
BRDA:92,23,1,0
BRDA:96,24,0,0
BRDA:96,24,1,0
BRDA:98,25,0,0
BRDA:98,25,1,0
BRDA:100,26,0,0
BRDA:100,26,1,0
BRDA:101,27,0,0
BRDA:101,27,1,0
BRDA:101,28,0,0
BRDA:101,28,1,0
BRDA:104,29,0,0
BRDA:104,29,1,0
BRDA:110,30,0,0
BRDA:110,30,1,0
BRDA:114,31,0,0
BRDA:114,31,1,0
BRDA:115,32,0,0
BRDA:115,32,1,0
BRDA:115,33,0,0
BRDA:115,33,1,0
BRDA:131,34,0,0
BRDA:131,34,1,0
BRDA:131,35,0,0
BRDA:131,35,1,0
BRDA:140,36,0,0
BRDA:140,36,1,0
BRDA:142,37,0,0
BRDA:142,37,1,0
BRDA:143,38,0,0
BRDA:143,38,1,0
BRDA:144,39,0,0
BRDA:144,39,1,0
BRDA:154,40,0,0
BRDA:154,40,1,0
BRDA:155,41,0,0
BRDA:155,41,1,0
BRDA:156,42,0,0
BRDA:156,42,1,0
BRDA:157,43,0,0
BRDA:157,43,1,0
BRDA:158,44,0,0
BRDA:158,44,1,0
BRDA:181,45,0,0
BRDA:181,45,1,0
BRDA:195,46,0,0
BRDA:195,46,1,0
BRDA:197,47,0,0
BRDA:197,47,1,0
BRDA:202,48,0,0
BRDA:202,48,1,0
BRDA:211,49,0,0
BRDA:211,49,1,0
BRDA:214,50,0,0
BRDA:214,50,1,0
BRDA:214,51,0,0
BRDA:214,51,1,0
BRDA:220,52,0,0
BRDA:220,52,1,0
BRDA:221,53,0,0
BRDA:221,53,1,0
BRDA:222,54,0,0
BRDA:222,54,1,0
BRDA:231,55,0,0
BRDA:231,55,1,0
BRDA:237,56,0,0
BRDA:237,56,1,0
BRDA:238,57,0,0
BRDA:238,57,1,0
BRDA:238,57,2,0
BRDA:244,58,0,0
BRDA:244,58,1,0
BRDA:247,59,0,0
BRDA:247,59,1,0
BRDA:247,60,0,0
BRDA:247,60,1,0
BRDA:255,61,0,0
BRDA:255,61,1,0
BRDA:258,62,0,0
BRDA:258,62,1,0
BRDA:259,63,0,0
BRDA:259,63,1,0
BRDA:265,64,0,0
BRDA:265,64,1,0
BRDA:265,65,0,0
BRDA:265,65,1,0
BRDA:270,66,0,0
BRDA:270,66,1,0
BRDA:270,67,0,0
BRDA:270,67,1,0
BRDA:276,68,0,0
BRDA:276,68,1,0
BRDA:280,69,0,0
BRDA:280,69,1,0
BRDA:285,70,0,0
BRDA:285,70,1,0
BRDA:286,71,0,0
BRDA:286,71,1,0
BRDA:303,72,0,0
BRDA:303,72,1,0
BRDA:316,73,0,0
BRDA:316,73,1,0
BRDA:331,74,0,0
BRDA:331,74,1,0
BRDA:332,75,0,0
BRDA:332,75,1,0
BRDA:343,76,0,0
BRDA:343,76,1,0
BRDA:370,77,0,0
BRDA:370,77,1,0
BRDA:382,78,0,0
BRDA:382,78,1,0
BRDA:383,79,0,0
BRDA:383,79,1,0
BRDA:386,80,0,0
BRDA:386,80,1,0
BRDA:390,81,0,0
BRDA:390,81,1,0
BRDA:390,82,0,0
BRDA:390,82,1,0
BRDA:403,83,0,0
BRDA:403,83,1,0
BRDA:408,84,0,0
BRDA:408,84,1,0
BRDA:409,85,0,0
BRDA:409,85,1,0
BRDA:409,86,0,0
BRDA:409,86,1,0
BRDA:415,87,0,0
BRDA:415,87,1,0
BRDA:415,88,0,0
BRDA:415,88,1,0
BRDA:415,88,2,0
BRDA:424,89,0,0
BRDA:424,89,1,0
BRDA:424,90,0,0
BRDA:424,90,1,0
BRDA:441,91,0,0
BRDA:441,91,1,0
BRDA:441,92,0,0
BRDA:441,92,1,0
BRDA:442,93,0,0
BRDA:442,93,1,0
BRDA:448,94,0,0
BRDA:448,94,1,0
BRDA:449,95,0,0
BRDA:449,95,1,0
BRDA:449,95,2,0
BRDA:458,96,0,0
BRDA:458,96,1,0
BRDA:474,97,0,0
BRDA:474,97,1,0
BRDA:480,98,0,0
BRDA:480,98,1,0
BRDA:481,99,0,0
BRDA:481,99,1,0
BRDA:481,99,2,0
BRDA:488,100,0,0
BRDA:488,100,1,0
BRDA:512,101,0,0
BRDA:512,101,1,0
BRDA:515,102,0,0
BRDA:515,102,1,0
BRDA:515,103,0,0
BRDA:515,103,1,0
BRDA:519,104,0,0
BRDA:519,104,1,0
BRDA:521,105,0,0
BRDA:521,105,1,0
BRDA:523,106,0,0
BRDA:523,106,1,0
BRDA:531,107,0,0
BRDA:531,107,1,0
BRDA:553,108,0,0
BRDA:553,108,1,0
BRF:220
BRH:3
end_of_record
TN:
SF:ui/flashcards/session.js
FN:35,setSessionOrigin
FN:39,getSessionOrigin
FN:48,abandonActiveSession
FN:63,startExtraReview
FN:66,(anonymous_4)
FN:78,(anonymous_5)
FN:103,initSessionBatching
FN:113,(anonymous_7)
FN:131,completeBatchAndMoveNext
FN:140,(anonymous_9)
FN:159,startNextBatchIfAny
FN:178,getCurrentBatchInfo
FN:190,resetSessionBatching
FN:195,saveActiveSessionState
FN:224,(anonymous_14)
FN:242,restoreActiveSessionRecord
FN:256,(anonymous_16)
FN:264,(anonymous_17)
FN:307,(anonymous_18)
FN:321,startSessionWithCards
FNF:20
FNH:13
FNDA:2,setSessionOrigin
FNDA:0,getSessionOrigin
FNDA:1,abandonActiveSession
FNDA:0,startExtraReview
FNDA:0,(anonymous_4)
FNDA:0,(anonymous_5)
FNDA:1,initSessionBatching
FNDA:20,(anonymous_7)
FNDA:3,completeBatchAndMoveNext
FNDA:30,(anonymous_9)
FNDA:4,startNextBatchIfAny
FNDA:0,getCurrentBatchInfo
FNDA:0,resetSessionBatching
FNDA:19,saveActiveSessionState
FNDA:50,(anonymous_14)
FNDA:2,restoreActiveSessionRecord
FNDA:45,(anonymous_16)
FNDA:20,(anonymous_17)
FNDA:20,(anonymous_18)
FNDA:0,startSessionWithCards
DA:32,18
DA:33,18
DA:36,2
DA:40,0
DA:49,1
DA:50,1
DA:51,1
DA:52,1
DA:53,1
DA:54,1
DA:55,1
DA:56,1
DA:57,1
DA:58,1
DA:60,1
DA:64,0
DA:66,0
DA:67,0
DA:68,0
DA:69,0
DA:72,0
DA:73,0
DA:74,0
DA:75,0
DA:78,0
DA:83,0
DA:85,0
DA:87,0
DA:88,0
DA:90,0
DA:91,0
DA:92,0
DA:93,0
DA:94,0
DA:95,0
DA:96,0
DA:98,0
DA:99,0
DA:104,1
DA:105,1
DA:106,1
DA:107,1
DA:108,1
DA:110,1
DA:111,1
DA:113,1
DA:114,20
DA:115,20
DA:118,1
DA:120,1
DA:121,1
DA:123,1
DA:132,3
DA:133,0
DA:136,3
DA:137,3
DA:139,3
DA:140,3
DA:141,30
DA:142,30
DA:145,3
DA:147,3
DA:148,3
DA:149,3
DA:151,3
DA:160,4
DA:162,3
DA:163,3
DA:165,3
DA:167,3
DA:173,4
DA:174,4
DA:175,4
DA:179,0
DA:181,0
DA:182,0
DA:191,0
DA:192,0
DA:196,19
DA:197,19
DA:198,12
DA:200,7
DA:201,1
DA:202,1
DA:206,6
DA:207,6
DA:208,6
DA:209,6
DA:210,6
DA:212,6
DA:213,2
DA:216,6
DA:224,50
DA:239,19
DA:243,2
DA:244,0
DA:245,0
DA:246,0
DA:247,0
DA:249,0
DA:252,2
DA:253,2
DA:255,2
DA:256,2
DA:257,45
DA:258,45
DA:259,45
DA:263,2
DA:264,2
DA:265,20
DA:266,20
DA:267,0
DA:268,0
DA:269,0
DA:270,0
DA:276,2
DA:277,1
DA:278,1
DA:279,1
DA:280,1
DA:282,1
DA:283,1
DA:286,2
DA:293,2
DA:294,2
DA:295,1
DA:296,1
DA:297,1
DA:298,0
DA:302,1
DA:305,1
DA:307,20
DA:311,1
DA:312,1
DA:313,2
DA:314,2
DA:315,2
DA:316,2
DA:318,2
DA:322,0
DA:324,0
DA:331,0
DA:332,0
DA:333,0
DA:334,0
DA:335,0
DA:336,0
DA:338,0
DA:340,0
DA:341,0
DA:343,0
DA:344,0
DA:345,0
DA:346,0
DA:347,0
DA:350,0
LF:156
LH:99
BRDA:66,0,0,0
BRDA:66,0,1,0
BRDA:67,1,0,0
BRDA:67,1,1,0
BRDA:88,2,0,0
BRDA:88,2,1,0
BRDA:98,3,0,0
BRDA:98,3,1,0
BRDA:103,4,0,1
BRDA:105,5,0,1
BRDA:105,5,1,0
BRDA:111,6,0,0
BRDA:111,6,1,1
BRDA:132,7,0,0
BRDA:132,7,1,3
BRDA:132,8,0,3
BRDA:132,8,1,3
BRDA:139,9,0,3
BRDA:139,9,1,0
BRDA:160,10,0,1
BRDA:160,10,1,3
BRDA:160,11,0,4
BRDA:160,11,1,4
BRDA:163,12,0,0
BRDA:163,12,1,3
BRDA:163,13,0,3
BRDA:163,13,1,3
BRDA:169,14,0,3
BRDA:169,14,1,3
BRDA:169,14,2,3
BRDA:179,15,0,0
BRDA:179,15,1,0
BRDA:197,16,0,12
BRDA:197,16,1,7
BRDA:200,17,0,1
BRDA:200,17,1,6
BRDA:201,18,0,1
BRDA:201,18,1,0
BRDA:201,19,0,1
BRDA:201,19,1,1
BRDA:212,20,0,2
BRDA:212,20,1,4
BRDA:219,21,0,0
BRDA:219,21,1,6
BRDA:220,22,0,19
BRDA:220,22,1,6
BRDA:221,23,0,19
BRDA:221,23,1,4
BRDA:222,24,0,0
BRDA:222,24,1,4
BRDA:223,25,0,4
BRDA:223,25,1,4
BRDA:224,26,0,50
BRDA:224,26,1,0
BRDA:229,27,0,5
BRDA:229,27,1,1
BRDA:230,28,0,5
BRDA:230,28,1,1
BRDA:231,29,0,5
BRDA:231,29,1,1
BRDA:235,30,0,19
BRDA:235,30,1,6
BRDA:243,31,0,0
BRDA:243,31,1,2
BRDA:246,32,0,0
BRDA:246,32,1,0
BRDA:252,33,0,2
BRDA:252,33,1,0
BRDA:253,34,0,2
BRDA:253,34,1,0
BRDA:257,35,0,45
BRDA:257,35,1,0
BRDA:257,36,0,45
BRDA:257,36,1,45
BRDA:263,37,0,2
BRDA:263,37,1,0
BRDA:265,38,0,20
BRDA:265,38,1,0
BRDA:266,39,0,0
BRDA:266,39,1,20
BRDA:266,40,0,20
BRDA:266,40,1,20
BRDA:268,41,0,0
BRDA:268,41,1,0
BRDA:268,42,0,0
BRDA:268,42,1,0
BRDA:269,43,0,0
BRDA:269,43,1,0
BRDA:276,44,0,1
BRDA:276,44,1,1
BRDA:280,45,0,1
BRDA:280,45,1,0
BRDA:288,46,0,2
BRDA:288,46,1,2
BRDA:288,46,2,2
BRDA:294,47,0,1
BRDA:294,47,1,1
BRDA:294,48,0,2
BRDA:294,48,1,1
BRDA:297,49,0,0
BRDA:297,49,1,1
BRDA:312,50,0,1
BRDA:312,50,1,1
BRDA:313,51,0,2
BRDA:313,51,1,1
BRDA:314,52,0,2
BRDA:314,52,1,1
BRDA:315,53,0,2
BRDA:315,53,1,0
BRDA:321,54,0,0
BRDA:321,55,0,0
BRDA:321,56,0,0
BRDA:322,57,0,0
BRDA:322,57,1,0
BRDA:322,58,0,0
BRDA:322,58,1,0
BRDA:326,59,0,0
BRDA:326,59,1,0
BRDA:326,59,2,0
BRDA:327,60,0,0
BRDA:327,60,1,0
BRDA:327,60,2,0
BRDA:341,61,0,0
BRDA:341,61,1,0
BRDA:343,62,0,0
BRDA:343,62,1,0
BRDA:344,63,0,0
BRDA:344,63,1,0
BRDA:345,64,0,0
BRDA:345,64,1,0
BRDA:346,65,0,0
BRDA:346,65,1,0
BRF:132
BRH:72
end_of_record
TN:
SF:ui/flashcards/state.js
FN:6,setActiveReviewAIContext
FN:10,clearActiveReviewAIContext
FN:16,setDeps
FN:64,setActiveReviewTiming
FN:68,setActiveReviewState
FN:72,setActiveReviewDependencies
FN:76,setActivePracticeMode
FN:80,setSessionBatcher
FN:84,setCurrentBatchIndex
FN:88,setCurrentWriter
FN:92,setDrawingMistakes
FN:96,setTotalDrawingMistakes
FN:100,setDrawingHintUsed
FN:104,setKanjiSequence
FN:108,setCurrentKanjiIndex
FN:113,setFlashQueue
FN:119,setFlashIdx
FN:123,setFlashRevealed
FN:127,setFlashCtx
FN:131,setSessionManager
FN:140,getFlashQueue
FN:144,getFlashIdx
FN:148,getFlashRevealed
FN:152,getFlashCtx
FN:156,getSessionManager
FNF:25
FNH:21
FNDA:3,setActiveReviewAIContext
FNDA:56,clearActiveReviewAIContext
FNDA:0,setDeps
FNDA:2,setActiveReviewTiming
FNDA:1,setActiveReviewState
FNDA:0,setActiveReviewDependencies
FNDA:2,setActivePracticeMode
FNDA:16,setSessionBatcher
FNDA:7,setCurrentBatchIndex
FNDA:0,setCurrentWriter
FNDA:0,setDrawingMistakes
FNDA:2,setTotalDrawingMistakes
FNDA:2,setDrawingHintUsed
FNDA:2,setKanjiSequence
FNDA:2,setCurrentKanjiIndex
FNDA:18,setFlashQueue
FNDA:19,setFlashIdx
FNDA:7,setFlashRevealed
FNDA:1,setFlashCtx
FNDA:20,setSessionManager
FNDA:6,getFlashQueue
FNDA:6,getFlashIdx
FNDA:6,getFlashRevealed
FNDA:6,getFlashCtx
FNDA:24,getSessionManager
DA:4,25
DA:7,3
DA:11,56
DA:15,25
DA:17,0
DA:21,25
DA:22,25
DA:23,25
DA:24,25
DA:25,25
DA:26,25
DA:27,25
DA:28,25
DA:29,25
DA:30,25
DA:33,25
DA:34,25
DA:37,25
DA:38,25
DA:39,25
DA:40,25
DA:43,25
DA:44,25
DA:65,2
DA:69,1
DA:73,0
DA:77,2
DA:81,16
DA:85,7
DA:89,0
DA:93,0
DA:97,2
DA:101,2
DA:105,2
DA:109,2
DA:114,18
DA:115,18
DA:116,18
DA:120,19
DA:124,7
DA:128,1
DA:132,20
DA:133,14
DA:134,14
DA:136,20
DA:137,20
DA:141,6
DA:145,6
DA:149,6
DA:153,6
DA:157,24
LF:51
LH:47
BRDA:132,0,0,14
BRDA:132,0,1,6
BRDA:137,1,0,9
BRDA:137,1,1,11
BRF:4
BRH:4
end_of_record
